{"error":{"code":"MODULE_NOT_FOUND"},"level":"error","message":"uncaughtException: Cannot find module 'dotenv'\nError: Cannot find module 'dotenv'\n    at Function.Module._resolveFilename (module.js:555:15)\n    at Function.Module._load (module.js:482:25)\n    at Module.require (module.js:604:17)\n    at require (internal/module.js:11:18)\n    at Object.<anonymous> (C:\\Users\\M1043194\\Desktop\\Node JS Capstone Project\\Capston\\aggregate-service\\config\\config.js:1:63)\n    at Module._compile (module.js:660:30)\n    at Object.Module._extensions..js (module.js:671:10)\n    at Module.load (module.js:573:32)\n    at tryModuleLoad (module.js:513:12)\n    at Function.Module._load (module.js:505:3)","stack":"Error: Cannot find module 'dotenv'\n    at Function.Module._resolveFilename (module.js:555:15)\n    at Function.Module._load (module.js:482:25)\n    at Module.require (module.js:604:17)\n    at require (internal/module.js:11:18)\n    at Object.<anonymous> (C:\\Users\\M1043194\\Desktop\\Node JS Capstone Project\\Capston\\aggregate-service\\config\\config.js:1:63)\n    at Module._compile (module.js:660:30)\n    at Object.Module._extensions..js (module.js:671:10)\n    at Module.load (module.js:573:32)\n    at tryModuleLoad (module.js:513:12)\n    at Function.Module._load (module.js:505:3)","exception":true,"date":"Wed Dec 18 2019 14:39:25 GMT+0530 (India Standard Time)","process":{"pid":12492,"uid":null,"gid":null,"cwd":"C:\\Users\\M1043194\\Desktop\\Node JS Capstone Project\\Capston\\aggregate-service","execPath":"C:\\Program Files\\nodejs\\node.exe","version":"v9.4.0","argv":["C:\\Program Files\\nodejs\\node.exe","C:\\Users\\M1043194\\Desktop\\Node JS Capstone Project\\Capston\\aggregate-service\\bin\\www"],"memoryUsage":{"rss":42995712,"heapTotal":34512896,"heapUsed":16360000,"external":101912}},"os":{"loadavg":[0,0,0],"uptime":232846.6046124},"trace":[{"column":15,"file":"module.js","function":"Module._resolveFilename","line":555,"method":"_resolveFilename","native":false},{"column":25,"file":"module.js","function":"Module._load","line":482,"method":"_load","native":false},{"column":17,"file":"module.js","function":"Module.require","line":604,"method":"require","native":false},{"column":18,"file":"internal/module.js","function":"require","line":11,"method":null,"native":false},{"column":63,"file":"C:\\Users\\M1043194\\Desktop\\Node JS Capstone Project\\Capston\\aggregate-service\\config\\config.js","function":null,"line":1,"method":null,"native":false},{"column":30,"file":"module.js","function":"Module._compile","line":660,"method":"_compile","native":false},{"column":10,"file":"module.js","function":"Module._extensions..js","line":671,"method":".js","native":false},{"column":32,"file":"module.js","function":"Module.load","line":573,"method":"load","native":false},{"column":12,"file":"module.js","function":"tryModuleLoad","line":513,"method":null,"native":false},{"column":3,"file":"module.js","function":"Module._load","line":505,"method":"_load","native":false}],"label":"www","timestamp":"2019-12-18 14:39:25"}
{"error":{"code":"MODULE_NOT_FOUND"},"level":"error","message":"uncaughtException: Cannot find module 'dotenv'\nError: Cannot find module 'dotenv'\n    at Function.Module._resolveFilename (module.js:555:15)\n    at Function.Module._load (module.js:482:25)\n    at Module.require (module.js:604:17)\n    at require (internal/module.js:11:18)\n    at Object.<anonymous> (C:\\Users\\M1043194\\Desktop\\Node JS Capstone Project\\Capston\\aggregate-service\\config\\config.js:1:63)\n    at Module._compile (module.js:660:30)\n    at Object.Module._extensions..js (module.js:671:10)\n    at Module.load (module.js:573:32)\n    at tryModuleLoad (module.js:513:12)\n    at Function.Module._load (module.js:505:3)","stack":"Error: Cannot find module 'dotenv'\n    at Function.Module._resolveFilename (module.js:555:15)\n    at Function.Module._load (module.js:482:25)\n    at Module.require (module.js:604:17)\n    at require (internal/module.js:11:18)\n    at Object.<anonymous> (C:\\Users\\M1043194\\Desktop\\Node JS Capstone Project\\Capston\\aggregate-service\\config\\config.js:1:63)\n    at Module._compile (module.js:660:30)\n    at Object.Module._extensions..js (module.js:671:10)\n    at Module.load (module.js:573:32)\n    at tryModuleLoad (module.js:513:12)\n    at Function.Module._load (module.js:505:3)","exception":true,"date":"Wed Dec 18 2019 14:39:27 GMT+0530 (India Standard Time)","process":{"pid":18480,"uid":null,"gid":null,"cwd":"C:\\Users\\M1043194\\Desktop\\Node JS Capstone Project\\Capston\\aggregate-service","execPath":"C:\\Program Files\\nodejs\\node.exe","version":"v9.4.0","argv":["C:\\Program Files\\nodejs\\node.exe","C:\\Users\\M1043194\\Desktop\\Node JS Capstone Project\\Capston\\aggregate-service\\bin\\www"],"memoryUsage":{"rss":43073536,"heapTotal":33464320,"heapUsed":16423872,"external":110104}},"os":{"loadavg":[0,0,0],"uptime":232849.2364302},"trace":[{"column":15,"file":"module.js","function":"Module._resolveFilename","line":555,"method":"_resolveFilename","native":false},{"column":25,"file":"module.js","function":"Module._load","line":482,"method":"_load","native":false},{"column":17,"file":"module.js","function":"Module.require","line":604,"method":"require","native":false},{"column":18,"file":"internal/module.js","function":"require","line":11,"method":null,"native":false},{"column":63,"file":"C:\\Users\\M1043194\\Desktop\\Node JS Capstone Project\\Capston\\aggregate-service\\config\\config.js","function":null,"line":1,"method":null,"native":false},{"column":30,"file":"module.js","function":"Module._compile","line":660,"method":"_compile","native":false},{"column":10,"file":"module.js","function":"Module._extensions..js","line":671,"method":".js","native":false},{"column":32,"file":"module.js","function":"Module.load","line":573,"method":"load","native":false},{"column":12,"file":"module.js","function":"tryModuleLoad","line":513,"method":null,"native":false},{"column":3,"file":"module.js","function":"Module._load","line":505,"method":"_load","native":false}],"label":"www","timestamp":"2019-12-18 14:39:27"}
{"error":{"code":"MODULE_NOT_FOUND"},"level":"error","message":"uncaughtException: Cannot find module 'dotenv'\nError: Cannot find module 'dotenv'\n    at Function.Module._resolveFilename (module.js:555:15)\n    at Function.Module._load (module.js:482:25)\n    at Module.require (module.js:604:17)\n    at require (internal/module.js:11:18)\n    at Object.<anonymous> (C:\\Users\\M1043194\\Desktop\\Node JS Capstone Project\\Capston\\aggregate-service\\config\\config.js:1:63)\n    at Module._compile (module.js:660:30)\n    at Object.Module._extensions..js (module.js:671:10)\n    at Module.load (module.js:573:32)\n    at tryModuleLoad (module.js:513:12)\n    at Function.Module._load (module.js:505:3)","stack":"Error: Cannot find module 'dotenv'\n    at Function.Module._resolveFilename (module.js:555:15)\n    at Function.Module._load (module.js:482:25)\n    at Module.require (module.js:604:17)\n    at require (internal/module.js:11:18)\n    at Object.<anonymous> (C:\\Users\\M1043194\\Desktop\\Node JS Capstone Project\\Capston\\aggregate-service\\config\\config.js:1:63)\n    at Module._compile (module.js:660:30)\n    at Object.Module._extensions..js (module.js:671:10)\n    at Module.load (module.js:573:32)\n    at tryModuleLoad (module.js:513:12)\n    at Function.Module._load (module.js:505:3)","exception":true,"date":"Wed Dec 18 2019 14:39:41 GMT+0530 (India Standard Time)","process":{"pid":28580,"uid":null,"gid":null,"cwd":"C:\\Users\\M1043194\\Desktop\\Node JS Capstone Project\\Capston\\aggregate-service","execPath":"C:\\Program Files\\nodejs\\node.exe","version":"v9.4.0","argv":["C:\\Program Files\\nodejs\\node.exe","C:\\Users\\M1043194\\Desktop\\Node JS Capstone Project\\Capston\\aggregate-service\\bin\\www"],"memoryUsage":{"rss":43126784,"heapTotal":34512896,"heapUsed":16329688,"external":101912}},"os":{"loadavg":[0,0,0],"uptime":232863.2459078},"trace":[{"column":15,"file":"module.js","function":"Module._resolveFilename","line":555,"method":"_resolveFilename","native":false},{"column":25,"file":"module.js","function":"Module._load","line":482,"method":"_load","native":false},{"column":17,"file":"module.js","function":"Module.require","line":604,"method":"require","native":false},{"column":18,"file":"internal/module.js","function":"require","line":11,"method":null,"native":false},{"column":63,"file":"C:\\Users\\M1043194\\Desktop\\Node JS Capstone Project\\Capston\\aggregate-service\\config\\config.js","function":null,"line":1,"method":null,"native":false},{"column":30,"file":"module.js","function":"Module._compile","line":660,"method":"_compile","native":false},{"column":10,"file":"module.js","function":"Module._extensions..js","line":671,"method":".js","native":false},{"column":32,"file":"module.js","function":"Module.load","line":573,"method":"load","native":false},{"column":12,"file":"module.js","function":"tryModuleLoad","line":513,"method":null,"native":false},{"column":3,"file":"module.js","function":"Module._load","line":505,"method":"_load","native":false}],"label":"www","timestamp":"2019-12-18 14:39:41"}
{"error":{"code":"MODULE_NOT_FOUND"},"level":"error","message":"uncaughtException: Cannot find module 'dotenv'\nError: Cannot find module 'dotenv'\n    at Function.Module._resolveFilename (module.js:555:15)\n    at Function.Module._load (module.js:482:25)\n    at Module.require (module.js:604:17)\n    at require (internal/module.js:11:18)\n    at Object.<anonymous> (C:\\Users\\M1043194\\Desktop\\Node JS Capstone Project\\Capston\\aggregate-service\\config\\config.js:1:63)\n    at Module._compile (module.js:660:30)\n    at Object.Module._extensions..js (module.js:671:10)\n    at Module.load (module.js:573:32)\n    at tryModuleLoad (module.js:513:12)\n    at Function.Module._load (module.js:505:3)","stack":"Error: Cannot find module 'dotenv'\n    at Function.Module._resolveFilename (module.js:555:15)\n    at Function.Module._load (module.js:482:25)\n    at Module.require (module.js:604:17)\n    at require (internal/module.js:11:18)\n    at Object.<anonymous> (C:\\Users\\M1043194\\Desktop\\Node JS Capstone Project\\Capston\\aggregate-service\\config\\config.js:1:63)\n    at Module._compile (module.js:660:30)\n    at Object.Module._extensions..js (module.js:671:10)\n    at Module.load (module.js:573:32)\n    at tryModuleLoad (module.js:513:12)\n    at Function.Module._load (module.js:505:3)","exception":true,"date":"Wed Dec 18 2019 14:39:57 GMT+0530 (India Standard Time)","process":{"pid":23028,"uid":null,"gid":null,"cwd":"C:\\Users\\M1043194\\Desktop\\Node JS Capstone Project\\Capston\\aggregate-service","execPath":"C:\\Program Files\\nodejs\\node.exe","version":"v9.4.0","argv":["C:\\Program Files\\nodejs\\node.exe","C:\\Users\\M1043194\\Desktop\\Node JS Capstone Project\\Capston\\aggregate-service\\bin\\www"],"memoryUsage":{"rss":42999808,"heapTotal":33464320,"heapUsed":16427928,"external":110104}},"os":{"loadavg":[0,0,0],"uptime":232879.3566876},"trace":[{"column":15,"file":"module.js","function":"Module._resolveFilename","line":555,"method":"_resolveFilename","native":false},{"column":25,"file":"module.js","function":"Module._load","line":482,"method":"_load","native":false},{"column":17,"file":"module.js","function":"Module.require","line":604,"method":"require","native":false},{"column":18,"file":"internal/module.js","function":"require","line":11,"method":null,"native":false},{"column":63,"file":"C:\\Users\\M1043194\\Desktop\\Node JS Capstone Project\\Capston\\aggregate-service\\config\\config.js","function":null,"line":1,"method":null,"native":false},{"column":30,"file":"module.js","function":"Module._compile","line":660,"method":"_compile","native":false},{"column":10,"file":"module.js","function":"Module._extensions..js","line":671,"method":".js","native":false},{"column":32,"file":"module.js","function":"Module.load","line":573,"method":"load","native":false},{"column":12,"file":"module.js","function":"tryModuleLoad","line":513,"method":null,"native":false},{"column":3,"file":"module.js","function":"Module._load","line":505,"method":"_load","native":false}],"label":"www","timestamp":"2019-12-18 14:39:57"}
{"error":{"code":"MODULE_NOT_FOUND"},"level":"error","message":"uncaughtException: Cannot find module 'dotenv'\nError: Cannot find module 'dotenv'\n    at Function.Module._resolveFilename (module.js:555:15)\n    at Function.Module._load (module.js:482:25)\n    at Module.require (module.js:604:17)\n    at require (internal/module.js:11:18)\n    at Object.<anonymous> (C:\\Users\\M1043194\\Desktop\\Node JS Capstone Project\\Capston\\aggregate-service\\config\\config.js:1:63)\n    at Module._compile (module.js:660:30)\n    at Object.Module._extensions..js (module.js:671:10)\n    at Module.load (module.js:573:32)\n    at tryModuleLoad (module.js:513:12)\n    at Function.Module._load (module.js:505:3)","stack":"Error: Cannot find module 'dotenv'\n    at Function.Module._resolveFilename (module.js:555:15)\n    at Function.Module._load (module.js:482:25)\n    at Module.require (module.js:604:17)\n    at require (internal/module.js:11:18)\n    at Object.<anonymous> (C:\\Users\\M1043194\\Desktop\\Node JS Capstone Project\\Capston\\aggregate-service\\config\\config.js:1:63)\n    at Module._compile (module.js:660:30)\n    at Object.Module._extensions..js (module.js:671:10)\n    at Module.load (module.js:573:32)\n    at tryModuleLoad (module.js:513:12)\n    at Function.Module._load (module.js:505:3)","exception":true,"date":"Wed Dec 18 2019 14:40:09 GMT+0530 (India Standard Time)","process":{"pid":27544,"uid":null,"gid":null,"cwd":"C:\\Users\\M1043194\\Desktop\\Node JS Capstone Project\\Capston\\aggregate-service","execPath":"C:\\Program Files\\nodejs\\node.exe","version":"v9.4.0","argv":["C:\\Program Files\\nodejs\\node.exe","C:\\Users\\M1043194\\Desktop\\Node JS Capstone Project\\Capston\\aggregate-service\\bin\\www"],"memoryUsage":{"rss":43319296,"heapTotal":35037184,"heapUsed":16524160,"external":114525}},"os":{"loadavg":[0,0,0],"uptime":232890.6069367},"trace":[{"column":15,"file":"module.js","function":"Module._resolveFilename","line":555,"method":"_resolveFilename","native":false},{"column":25,"file":"module.js","function":"Module._load","line":482,"method":"_load","native":false},{"column":17,"file":"module.js","function":"Module.require","line":604,"method":"require","native":false},{"column":18,"file":"internal/module.js","function":"require","line":11,"method":null,"native":false},{"column":63,"file":"C:\\Users\\M1043194\\Desktop\\Node JS Capstone Project\\Capston\\aggregate-service\\config\\config.js","function":null,"line":1,"method":null,"native":false},{"column":30,"file":"module.js","function":"Module._compile","line":660,"method":"_compile","native":false},{"column":10,"file":"module.js","function":"Module._extensions..js","line":671,"method":".js","native":false},{"column":32,"file":"module.js","function":"Module.load","line":573,"method":"load","native":false},{"column":12,"file":"module.js","function":"tryModuleLoad","line":513,"method":null,"native":false},{"column":3,"file":"module.js","function":"Module._load","line":505,"method":"_load","native":false}],"label":"www","timestamp":"2019-12-18 14:40:09"}
{"error":{"code":"MODULE_NOT_FOUND"},"level":"error","message":"uncaughtException: Cannot find module 'dotenv'\nError: Cannot find module 'dotenv'\n    at Function.Module._resolveFilename (module.js:555:15)\n    at Function.Module._load (module.js:482:25)\n    at Module.require (module.js:604:17)\n    at require (internal/module.js:11:18)\n    at Object.<anonymous> (C:\\Users\\M1043194\\Desktop\\Node JS Capstone Project\\Capston\\aggregate-service\\config\\config.js:1:63)\n    at Module._compile (module.js:660:30)\n    at Object.Module._extensions..js (module.js:671:10)\n    at Module.load (module.js:573:32)\n    at tryModuleLoad (module.js:513:12)\n    at Function.Module._load (module.js:505:3)","stack":"Error: Cannot find module 'dotenv'\n    at Function.Module._resolveFilename (module.js:555:15)\n    at Function.Module._load (module.js:482:25)\n    at Module.require (module.js:604:17)\n    at require (internal/module.js:11:18)\n    at Object.<anonymous> (C:\\Users\\M1043194\\Desktop\\Node JS Capstone Project\\Capston\\aggregate-service\\config\\config.js:1:63)\n    at Module._compile (module.js:660:30)\n    at Object.Module._extensions..js (module.js:671:10)\n    at Module.load (module.js:573:32)\n    at tryModuleLoad (module.js:513:12)\n    at Function.Module._load (module.js:505:3)","exception":true,"date":"Wed Dec 18 2019 14:41:27 GMT+0530 (India Standard Time)","process":{"pid":28224,"uid":null,"gid":null,"cwd":"C:\\Users\\M1043194\\Desktop\\Node JS Capstone Project\\Capston\\aggregate-service","execPath":"C:\\Program Files\\nodejs\\node.exe","version":"v9.4.0","argv":["C:\\Program Files\\nodejs\\node.exe","C:\\Users\\M1043194\\Desktop\\Node JS Capstone Project\\Capston\\aggregate-service\\bin\\www"],"memoryUsage":{"rss":43106304,"heapTotal":35561472,"heapUsed":16448264,"external":110104}},"os":{"loadavg":[0,0,0],"uptime":232968.5962281},"trace":[{"column":15,"file":"module.js","function":"Module._resolveFilename","line":555,"method":"_resolveFilename","native":false},{"column":25,"file":"module.js","function":"Module._load","line":482,"method":"_load","native":false},{"column":17,"file":"module.js","function":"Module.require","line":604,"method":"require","native":false},{"column":18,"file":"internal/module.js","function":"require","line":11,"method":null,"native":false},{"column":63,"file":"C:\\Users\\M1043194\\Desktop\\Node JS Capstone Project\\Capston\\aggregate-service\\config\\config.js","function":null,"line":1,"method":null,"native":false},{"column":30,"file":"module.js","function":"Module._compile","line":660,"method":"_compile","native":false},{"column":10,"file":"module.js","function":"Module._extensions..js","line":671,"method":".js","native":false},{"column":32,"file":"module.js","function":"Module.load","line":573,"method":"load","native":false},{"column":12,"file":"module.js","function":"tryModuleLoad","line":513,"method":null,"native":false},{"column":3,"file":"module.js","function":"Module._load","line":505,"method":"_load","native":false}],"label":"www","timestamp":"2019-12-18 14:41:27"}
{"error":{"code":"MODULE_NOT_FOUND"},"level":"error","message":"uncaughtException: Cannot find module 'dotenv'\nError: Cannot find module 'dotenv'\n    at Function.Module._resolveFilename (module.js:555:15)\n    at Function.Module._load (module.js:482:25)\n    at Module.require (module.js:604:17)\n    at require (internal/module.js:11:18)\n    at Object.<anonymous> (C:\\Users\\M1043194\\Desktop\\Node JS Capstone Project\\Capston\\aggregate-service\\config\\config.js:1:63)\n    at Module._compile (module.js:660:30)\n    at Object.Module._extensions..js (module.js:671:10)\n    at Module.load (module.js:573:32)\n    at tryModuleLoad (module.js:513:12)\n    at Function.Module._load (module.js:505:3)","stack":"Error: Cannot find module 'dotenv'\n    at Function.Module._resolveFilename (module.js:555:15)\n    at Function.Module._load (module.js:482:25)\n    at Module.require (module.js:604:17)\n    at require (internal/module.js:11:18)\n    at Object.<anonymous> (C:\\Users\\M1043194\\Desktop\\Node JS Capstone Project\\Capston\\aggregate-service\\config\\config.js:1:63)\n    at Module._compile (module.js:660:30)\n    at Object.Module._extensions..js (module.js:671:10)\n    at Module.load (module.js:573:32)\n    at tryModuleLoad (module.js:513:12)\n    at Function.Module._load (module.js:505:3)","exception":true,"date":"Wed Dec 18 2019 14:41:50 GMT+0530 (India Standard Time)","process":{"pid":17104,"uid":null,"gid":null,"cwd":"C:\\Users\\M1043194\\Desktop\\Node JS Capstone Project\\Capston\\aggregate-service","execPath":"C:\\Program Files\\nodejs\\node.exe","version":"v9.4.0","argv":["C:\\Program Files\\nodejs\\node.exe","C:\\Users\\M1043194\\Desktop\\Node JS Capstone Project\\Capston\\aggregate-service\\bin\\www"],"memoryUsage":{"rss":43003904,"heapTotal":35037184,"heapUsed":16266392,"external":92225}},"os":{"loadavg":[0,0,0],"uptime":232991.6080747},"trace":[{"column":15,"file":"module.js","function":"Module._resolveFilename","line":555,"method":"_resolveFilename","native":false},{"column":25,"file":"module.js","function":"Module._load","line":482,"method":"_load","native":false},{"column":17,"file":"module.js","function":"Module.require","line":604,"method":"require","native":false},{"column":18,"file":"internal/module.js","function":"require","line":11,"method":null,"native":false},{"column":63,"file":"C:\\Users\\M1043194\\Desktop\\Node JS Capstone Project\\Capston\\aggregate-service\\config\\config.js","function":null,"line":1,"method":null,"native":false},{"column":30,"file":"module.js","function":"Module._compile","line":660,"method":"_compile","native":false},{"column":10,"file":"module.js","function":"Module._extensions..js","line":671,"method":".js","native":false},{"column":32,"file":"module.js","function":"Module.load","line":573,"method":"load","native":false},{"column":12,"file":"module.js","function":"tryModuleLoad","line":513,"method":null,"native":false},{"column":3,"file":"module.js","function":"Module._load","line":505,"method":"_load","native":false}],"label":"www","timestamp":"2019-12-18 14:41:50"}
{"error":{"code":"MODULE_NOT_FOUND"},"level":"error","message":"uncaughtException: Cannot find module 'dotenv'\nError: Cannot find module 'dotenv'\n    at Function.Module._resolveFilename (module.js:555:15)\n    at Function.Module._load (module.js:482:25)\n    at Module.require (module.js:604:17)\n    at require (internal/module.js:11:18)\n    at Object.<anonymous> (C:\\Users\\M1043194\\Desktop\\Node JS Capstone Project\\Capston\\aggregate-service\\config\\config.js:1:63)\n    at Module._compile (module.js:660:30)\n    at Object.Module._extensions..js (module.js:671:10)\n    at Module.load (module.js:573:32)\n    at tryModuleLoad (module.js:513:12)\n    at Function.Module._load (module.js:505:3)","stack":"Error: Cannot find module 'dotenv'\n    at Function.Module._resolveFilename (module.js:555:15)\n    at Function.Module._load (module.js:482:25)\n    at Module.require (module.js:604:17)\n    at require (internal/module.js:11:18)\n    at Object.<anonymous> (C:\\Users\\M1043194\\Desktop\\Node JS Capstone Project\\Capston\\aggregate-service\\config\\config.js:1:63)\n    at Module._compile (module.js:660:30)\n    at Object.Module._extensions..js (module.js:671:10)\n    at Module.load (module.js:573:32)\n    at tryModuleLoad (module.js:513:12)\n    at Function.Module._load (module.js:505:3)","exception":true,"date":"Wed Dec 18 2019 14:42:06 GMT+0530 (India Standard Time)","process":{"pid":27772,"uid":null,"gid":null,"cwd":"C:\\Users\\M1043194\\Desktop\\Node JS Capstone Project\\Capston\\aggregate-service","execPath":"C:\\Program Files\\nodejs\\node.exe","version":"v9.4.0","argv":["C:\\Program Files\\nodejs\\node.exe","C:\\Users\\M1043194\\Desktop\\Node JS Capstone Project\\Capston\\aggregate-service\\bin\\www"],"memoryUsage":{"rss":43028480,"heapTotal":33464320,"heapUsed":16482696,"external":114525}},"os":{"loadavg":[0,0,0],"uptime":233007.8579958},"trace":[{"column":15,"file":"module.js","function":"Module._resolveFilename","line":555,"method":"_resolveFilename","native":false},{"column":25,"file":"module.js","function":"Module._load","line":482,"method":"_load","native":false},{"column":17,"file":"module.js","function":"Module.require","line":604,"method":"require","native":false},{"column":18,"file":"internal/module.js","function":"require","line":11,"method":null,"native":false},{"column":63,"file":"C:\\Users\\M1043194\\Desktop\\Node JS Capstone Project\\Capston\\aggregate-service\\config\\config.js","function":null,"line":1,"method":null,"native":false},{"column":30,"file":"module.js","function":"Module._compile","line":660,"method":"_compile","native":false},{"column":10,"file":"module.js","function":"Module._extensions..js","line":671,"method":".js","native":false},{"column":32,"file":"module.js","function":"Module.load","line":573,"method":"load","native":false},{"column":12,"file":"module.js","function":"tryModuleLoad","line":513,"method":null,"native":false},{"column":3,"file":"module.js","function":"Module._load","line":505,"method":"_load","native":false}],"label":"www","timestamp":"2019-12-18 14:42:06"}
{"error":{"code":"MODULE_NOT_FOUND"},"level":"error","message":"uncaughtException: Cannot find module 'dotenv'\nError: Cannot find module 'dotenv'\n    at Function.Module._resolveFilename (module.js:555:15)\n    at Function.Module._load (module.js:482:25)\n    at Module.require (module.js:604:17)\n    at require (internal/module.js:11:18)\n    at Object.<anonymous> (C:\\Users\\M1043194\\Desktop\\Node JS Capstone Project\\Capston\\aggregate-service\\config\\config.js:1:63)\n    at Module._compile (module.js:660:30)\n    at Object.Module._extensions..js (module.js:671:10)\n    at Module.load (module.js:573:32)\n    at tryModuleLoad (module.js:513:12)\n    at Function.Module._load (module.js:505:3)","stack":"Error: Cannot find module 'dotenv'\n    at Function.Module._resolveFilename (module.js:555:15)\n    at Function.Module._load (module.js:482:25)\n    at Module.require (module.js:604:17)\n    at require (internal/module.js:11:18)\n    at Object.<anonymous> (C:\\Users\\M1043194\\Desktop\\Node JS Capstone Project\\Capston\\aggregate-service\\config\\config.js:1:63)\n    at Module._compile (module.js:660:30)\n    at Object.Module._extensions..js (module.js:671:10)\n    at Module.load (module.js:573:32)\n    at tryModuleLoad (module.js:513:12)\n    at Function.Module._load (module.js:505:3)","exception":true,"date":"Wed Dec 18 2019 14:43:18 GMT+0530 (India Standard Time)","process":{"pid":4680,"uid":null,"gid":null,"cwd":"C:\\Users\\M1043194\\Desktop\\Node JS Capstone Project\\Capston\\aggregate-service","execPath":"C:\\Program Files\\nodejs\\node.exe","version":"v9.4.0","argv":["C:\\Program Files\\nodejs\\node.exe","C:\\Users\\M1043194\\Desktop\\Node JS Capstone Project\\Capston\\aggregate-service\\bin\\www"],"memoryUsage":{"rss":43008000,"heapTotal":33464320,"heapUsed":16529704,"external":114525}},"os":{"loadavg":[0,0,0],"uptime":233080.3018845},"trace":[{"column":15,"file":"module.js","function":"Module._resolveFilename","line":555,"method":"_resolveFilename","native":false},{"column":25,"file":"module.js","function":"Module._load","line":482,"method":"_load","native":false},{"column":17,"file":"module.js","function":"Module.require","line":604,"method":"require","native":false},{"column":18,"file":"internal/module.js","function":"require","line":11,"method":null,"native":false},{"column":63,"file":"C:\\Users\\M1043194\\Desktop\\Node JS Capstone Project\\Capston\\aggregate-service\\config\\config.js","function":null,"line":1,"method":null,"native":false},{"column":30,"file":"module.js","function":"Module._compile","line":660,"method":"_compile","native":false},{"column":10,"file":"module.js","function":"Module._extensions..js","line":671,"method":".js","native":false},{"column":32,"file":"module.js","function":"Module.load","line":573,"method":"load","native":false},{"column":12,"file":"module.js","function":"tryModuleLoad","line":513,"method":null,"native":false},{"column":3,"file":"module.js","function":"Module._load","line":505,"method":"_load","native":false}],"label":"www","timestamp":"2019-12-18 14:43:18"}
{"error":{"code":"MODULE_NOT_FOUND"},"level":"error","message":"uncaughtException: Cannot find module 'dotenv'\nError: Cannot find module 'dotenv'\n    at Function.Module._resolveFilename (module.js:555:15)\n    at Function.Module._load (module.js:482:25)\n    at Module.require (module.js:604:17)\n    at require (internal/module.js:11:18)\n    at Object.<anonymous> (C:\\Users\\M1043194\\Desktop\\Node JS Capstone Project\\Capston\\aggregate-service\\config\\config.js:1:63)\n    at Module._compile (module.js:660:30)\n    at Object.Module._extensions..js (module.js:671:10)\n    at Module.load (module.js:573:32)\n    at tryModuleLoad (module.js:513:12)\n    at Function.Module._load (module.js:505:3)","stack":"Error: Cannot find module 'dotenv'\n    at Function.Module._resolveFilename (module.js:555:15)\n    at Function.Module._load (module.js:482:25)\n    at Module.require (module.js:604:17)\n    at require (internal/module.js:11:18)\n    at Object.<anonymous> (C:\\Users\\M1043194\\Desktop\\Node JS Capstone Project\\Capston\\aggregate-service\\config\\config.js:1:63)\n    at Module._compile (module.js:660:30)\n    at Object.Module._extensions..js (module.js:671:10)\n    at Module.load (module.js:573:32)\n    at tryModuleLoad (module.js:513:12)\n    at Function.Module._load (module.js:505:3)","exception":true,"date":"Wed Dec 18 2019 14:43:31 GMT+0530 (India Standard Time)","process":{"pid":25248,"uid":null,"gid":null,"cwd":"C:\\Users\\M1043194\\Desktop\\Node JS Capstone Project\\Capston\\aggregate-service","execPath":"C:\\Program Files\\nodejs\\node.exe","version":"v9.4.0","argv":["C:\\Program Files\\nodejs\\node.exe","C:\\Users\\M1043194\\Desktop\\Node JS Capstone Project\\Capston\\aggregate-service\\bin\\www"],"memoryUsage":{"rss":42991616,"heapTotal":33464320,"heapUsed":16271760,"external":92225}},"os":{"loadavg":[0,0,0],"uptime":233093.1495213},"trace":[{"column":15,"file":"module.js","function":"Module._resolveFilename","line":555,"method":"_resolveFilename","native":false},{"column":25,"file":"module.js","function":"Module._load","line":482,"method":"_load","native":false},{"column":17,"file":"module.js","function":"Module.require","line":604,"method":"require","native":false},{"column":18,"file":"internal/module.js","function":"require","line":11,"method":null,"native":false},{"column":63,"file":"C:\\Users\\M1043194\\Desktop\\Node JS Capstone Project\\Capston\\aggregate-service\\config\\config.js","function":null,"line":1,"method":null,"native":false},{"column":30,"file":"module.js","function":"Module._compile","line":660,"method":"_compile","native":false},{"column":10,"file":"module.js","function":"Module._extensions..js","line":671,"method":".js","native":false},{"column":32,"file":"module.js","function":"Module.load","line":573,"method":"load","native":false},{"column":12,"file":"module.js","function":"tryModuleLoad","line":513,"method":null,"native":false},{"column":3,"file":"module.js","function":"Module._load","line":505,"method":"_load","native":false}],"label":"www","timestamp":"2019-12-18 14:43:31"}
{"error":{"code":"MODULE_NOT_FOUND"},"level":"error","message":"uncaughtException: Cannot find module 'dotenv'\nError: Cannot find module 'dotenv'\n    at Function.Module._resolveFilename (module.js:555:15)\n    at Function.Module._load (module.js:482:25)\n    at Module.require (module.js:604:17)\n    at require (internal/module.js:11:18)\n    at Object.<anonymous> (C:\\Users\\M1043194\\Desktop\\Node JS Capstone Project\\Capston\\aggregate-service\\config\\config.js:1:63)\n    at Module._compile (module.js:660:30)\n    at Object.Module._extensions..js (module.js:671:10)\n    at Module.load (module.js:573:32)\n    at tryModuleLoad (module.js:513:12)\n    at Function.Module._load (module.js:505:3)","stack":"Error: Cannot find module 'dotenv'\n    at Function.Module._resolveFilename (module.js:555:15)\n    at Function.Module._load (module.js:482:25)\n    at Module.require (module.js:604:17)\n    at require (internal/module.js:11:18)\n    at Object.<anonymous> (C:\\Users\\M1043194\\Desktop\\Node JS Capstone Project\\Capston\\aggregate-service\\config\\config.js:1:63)\n    at Module._compile (module.js:660:30)\n    at Object.Module._extensions..js (module.js:671:10)\n    at Module.load (module.js:573:32)\n    at tryModuleLoad (module.js:513:12)\n    at Function.Module._load (module.js:505:3)","exception":true,"date":"Wed Dec 18 2019 14:43:41 GMT+0530 (India Standard Time)","process":{"pid":26012,"uid":null,"gid":null,"cwd":"C:\\Users\\M1043194\\Desktop\\Node JS Capstone Project\\Capston\\aggregate-service","execPath":"C:\\Program Files\\nodejs\\node.exe","version":"v9.4.0","argv":["C:\\Program Files\\nodejs\\node.exe","C:\\Users\\M1043194\\Desktop\\Node JS Capstone Project\\Capston\\aggregate-service\\bin\\www"],"memoryUsage":{"rss":43016192,"heapTotal":35037184,"heapUsed":16482072,"external":110104}},"os":{"loadavg":[0,0,0],"uptime":233102.6639366},"trace":[{"column":15,"file":"module.js","function":"Module._resolveFilename","line":555,"method":"_resolveFilename","native":false},{"column":25,"file":"module.js","function":"Module._load","line":482,"method":"_load","native":false},{"column":17,"file":"module.js","function":"Module.require","line":604,"method":"require","native":false},{"column":18,"file":"internal/module.js","function":"require","line":11,"method":null,"native":false},{"column":63,"file":"C:\\Users\\M1043194\\Desktop\\Node JS Capstone Project\\Capston\\aggregate-service\\config\\config.js","function":null,"line":1,"method":null,"native":false},{"column":30,"file":"module.js","function":"Module._compile","line":660,"method":"_compile","native":false},{"column":10,"file":"module.js","function":"Module._extensions..js","line":671,"method":".js","native":false},{"column":32,"file":"module.js","function":"Module.load","line":573,"method":"load","native":false},{"column":12,"file":"module.js","function":"tryModuleLoad","line":513,"method":null,"native":false},{"column":3,"file":"module.js","function":"Module._load","line":505,"method":"_load","native":false}],"label":"www","timestamp":"2019-12-18 14:43:41"}
{"error":{"code":"MODULE_NOT_FOUND"},"level":"error","message":"uncaughtException: Cannot find module 'dotenv'\nError: Cannot find module 'dotenv'\n    at Function.Module._resolveFilename (module.js:555:15)\n    at Function.Module._load (module.js:482:25)\n    at Module.require (module.js:604:17)\n    at require (internal/module.js:11:18)\n    at Object.<anonymous> (C:\\Users\\M1043194\\Desktop\\Node JS Capstone Project\\Capston\\aggregate-service\\config\\config.js:1:63)\n    at Module._compile (module.js:660:30)\n    at Object.Module._extensions..js (module.js:671:10)\n    at Module.load (module.js:573:32)\n    at tryModuleLoad (module.js:513:12)\n    at Function.Module._load (module.js:505:3)","stack":"Error: Cannot find module 'dotenv'\n    at Function.Module._resolveFilename (module.js:555:15)\n    at Function.Module._load (module.js:482:25)\n    at Module.require (module.js:604:17)\n    at require (internal/module.js:11:18)\n    at Object.<anonymous> (C:\\Users\\M1043194\\Desktop\\Node JS Capstone Project\\Capston\\aggregate-service\\config\\config.js:1:63)\n    at Module._compile (module.js:660:30)\n    at Object.Module._extensions..js (module.js:671:10)\n    at Module.load (module.js:573:32)\n    at tryModuleLoad (module.js:513:12)\n    at Function.Module._load (module.js:505:3)","exception":true,"date":"Wed Dec 18 2019 14:44:33 GMT+0530 (India Standard Time)","process":{"pid":16248,"uid":null,"gid":null,"cwd":"C:\\Users\\M1043194\\Desktop\\Node JS Capstone Project\\Capston\\aggregate-service","execPath":"C:\\Program Files\\nodejs\\node.exe","version":"v9.4.0","argv":["C:\\Program Files\\nodejs\\node.exe","C:\\Users\\M1043194\\Desktop\\Node JS Capstone Project\\Capston\\aggregate-service\\bin\\www"],"memoryUsage":{"rss":43184128,"heapTotal":35037184,"heapUsed":16483256,"external":110104}},"os":{"loadavg":[0,0,0],"uptime":233154.8215825},"trace":[{"column":15,"file":"module.js","function":"Module._resolveFilename","line":555,"method":"_resolveFilename","native":false},{"column":25,"file":"module.js","function":"Module._load","line":482,"method":"_load","native":false},{"column":17,"file":"module.js","function":"Module.require","line":604,"method":"require","native":false},{"column":18,"file":"internal/module.js","function":"require","line":11,"method":null,"native":false},{"column":63,"file":"C:\\Users\\M1043194\\Desktop\\Node JS Capstone Project\\Capston\\aggregate-service\\config\\config.js","function":null,"line":1,"method":null,"native":false},{"column":30,"file":"module.js","function":"Module._compile","line":660,"method":"_compile","native":false},{"column":10,"file":"module.js","function":"Module._extensions..js","line":671,"method":".js","native":false},{"column":32,"file":"module.js","function":"Module.load","line":573,"method":"load","native":false},{"column":12,"file":"module.js","function":"tryModuleLoad","line":513,"method":null,"native":false},{"column":3,"file":"module.js","function":"Module._load","line":505,"method":"_load","native":false}],"label":"www","timestamp":"2019-12-18 14:44:33"}
{"error":{"code":"MODULE_NOT_FOUND"},"level":"error","message":"uncaughtException: Cannot find module 'dotenv'\nError: Cannot find module 'dotenv'\n    at Function.Module._resolveFilename (module.js:555:15)\n    at Function.Module._load (module.js:482:25)\n    at Module.require (module.js:604:17)\n    at require (internal/module.js:11:18)\n    at Object.<anonymous> (C:\\Users\\M1043194\\Desktop\\Node JS Capstone Project\\Capston\\aggregate-service\\config\\config.js:1:63)\n    at Module._compile (module.js:660:30)\n    at Object.Module._extensions..js (module.js:671:10)\n    at Module.load (module.js:573:32)\n    at tryModuleLoad (module.js:513:12)\n    at Function.Module._load (module.js:505:3)","stack":"Error: Cannot find module 'dotenv'\n    at Function.Module._resolveFilename (module.js:555:15)\n    at Function.Module._load (module.js:482:25)\n    at Module.require (module.js:604:17)\n    at require (internal/module.js:11:18)\n    at Object.<anonymous> (C:\\Users\\M1043194\\Desktop\\Node JS Capstone Project\\Capston\\aggregate-service\\config\\config.js:1:63)\n    at Module._compile (module.js:660:30)\n    at Object.Module._extensions..js (module.js:671:10)\n    at Module.load (module.js:573:32)\n    at tryModuleLoad (module.js:513:12)\n    at Function.Module._load (module.js:505:3)","exception":true,"date":"Wed Dec 18 2019 14:44:42 GMT+0530 (India Standard Time)","process":{"pid":2156,"uid":null,"gid":null,"cwd":"C:\\Users\\M1043194\\Desktop\\Node JS Capstone Project\\Capston\\aggregate-service","execPath":"C:\\Program Files\\nodejs\\node.exe","version":"v9.4.0","argv":["C:\\Program Files\\nodejs\\node.exe","C:\\Users\\M1043194\\Desktop\\Node JS Capstone Project\\Capston\\aggregate-service\\bin\\www"],"memoryUsage":{"rss":43122688,"heapTotal":34512896,"heapUsed":16252176,"external":92225}},"os":{"loadavg":[0,0,0],"uptime":233164.3127292},"trace":[{"column":15,"file":"module.js","function":"Module._resolveFilename","line":555,"method":"_resolveFilename","native":false},{"column":25,"file":"module.js","function":"Module._load","line":482,"method":"_load","native":false},{"column":17,"file":"module.js","function":"Module.require","line":604,"method":"require","native":false},{"column":18,"file":"internal/module.js","function":"require","line":11,"method":null,"native":false},{"column":63,"file":"C:\\Users\\M1043194\\Desktop\\Node JS Capstone Project\\Capston\\aggregate-service\\config\\config.js","function":null,"line":1,"method":null,"native":false},{"column":30,"file":"module.js","function":"Module._compile","line":660,"method":"_compile","native":false},{"column":10,"file":"module.js","function":"Module._extensions..js","line":671,"method":".js","native":false},{"column":32,"file":"module.js","function":"Module.load","line":573,"method":"load","native":false},{"column":12,"file":"module.js","function":"tryModuleLoad","line":513,"method":null,"native":false},{"column":3,"file":"module.js","function":"Module._load","line":505,"method":"_load","native":false}],"label":"www","timestamp":"2019-12-18 14:44:42"}
{"error":{"code":"MODULE_NOT_FOUND"},"level":"error","message":"uncaughtException: Cannot find module 'dotenv'\nError: Cannot find module 'dotenv'\n    at Function.Module._resolveFilename (module.js:555:15)\n    at Function.Module._load (module.js:482:25)\n    at Module.require (module.js:604:17)\n    at require (internal/module.js:11:18)\n    at Object.<anonymous> (C:\\Users\\M1043194\\Desktop\\Node JS Capstone Project\\Capston\\aggregate-service\\config\\config.js:1:63)\n    at Module._compile (module.js:660:30)\n    at Object.Module._extensions..js (module.js:671:10)\n    at Module.load (module.js:573:32)\n    at tryModuleLoad (module.js:513:12)\n    at Function.Module._load (module.js:505:3)","stack":"Error: Cannot find module 'dotenv'\n    at Function.Module._resolveFilename (module.js:555:15)\n    at Function.Module._load (module.js:482:25)\n    at Module.require (module.js:604:17)\n    at require (internal/module.js:11:18)\n    at Object.<anonymous> (C:\\Users\\M1043194\\Desktop\\Node JS Capstone Project\\Capston\\aggregate-service\\config\\config.js:1:63)\n    at Module._compile (module.js:660:30)\n    at Object.Module._extensions..js (module.js:671:10)\n    at Module.load (module.js:573:32)\n    at tryModuleLoad (module.js:513:12)\n    at Function.Module._load (module.js:505:3)","exception":true,"date":"Wed Dec 18 2019 14:44:45 GMT+0530 (India Standard Time)","process":{"pid":28032,"uid":null,"gid":null,"cwd":"C:\\Users\\M1043194\\Desktop\\Node JS Capstone Project\\Capston\\aggregate-service","execPath":"C:\\Program Files\\nodejs\\node.exe","version":"v9.4.0","argv":["C:\\Program Files\\nodejs\\node.exe","C:\\Users\\M1043194\\Desktop\\Node JS Capstone Project\\Capston\\aggregate-service\\bin\\www"],"memoryUsage":{"rss":43024384,"heapTotal":35037184,"heapUsed":16484568,"external":114525}},"os":{"loadavg":[0,0,0],"uptime":233166.6449898},"trace":[{"column":15,"file":"module.js","function":"Module._resolveFilename","line":555,"method":"_resolveFilename","native":false},{"column":25,"file":"module.js","function":"Module._load","line":482,"method":"_load","native":false},{"column":17,"file":"module.js","function":"Module.require","line":604,"method":"require","native":false},{"column":18,"file":"internal/module.js","function":"require","line":11,"method":null,"native":false},{"column":63,"file":"C:\\Users\\M1043194\\Desktop\\Node JS Capstone Project\\Capston\\aggregate-service\\config\\config.js","function":null,"line":1,"method":null,"native":false},{"column":30,"file":"module.js","function":"Module._compile","line":660,"method":"_compile","native":false},{"column":10,"file":"module.js","function":"Module._extensions..js","line":671,"method":".js","native":false},{"column":32,"file":"module.js","function":"Module.load","line":573,"method":"load","native":false},{"column":12,"file":"module.js","function":"tryModuleLoad","line":513,"method":null,"native":false},{"column":3,"file":"module.js","function":"Module._load","line":505,"method":"_load","native":false}],"label":"www","timestamp":"2019-12-18 14:44:45"}
{"error":{"code":"MODULE_NOT_FOUND"},"level":"error","message":"uncaughtException: Cannot find module 'dotenv'\nError: Cannot find module 'dotenv'\n    at Function.Module._resolveFilename (module.js:555:15)\n    at Function.Module._load (module.js:482:25)\n    at Module.require (module.js:604:17)\n    at require (internal/module.js:11:18)\n    at Object.<anonymous> (C:\\Users\\M1043194\\Desktop\\Node JS Capstone Project\\Capston\\aggregate-service\\config\\config.js:1:63)\n    at Module._compile (module.js:660:30)\n    at Object.Module._extensions..js (module.js:671:10)\n    at Module.load (module.js:573:32)\n    at tryModuleLoad (module.js:513:12)\n    at Function.Module._load (module.js:505:3)","stack":"Error: Cannot find module 'dotenv'\n    at Function.Module._resolveFilename (module.js:555:15)\n    at Function.Module._load (module.js:482:25)\n    at Module.require (module.js:604:17)\n    at require (internal/module.js:11:18)\n    at Object.<anonymous> (C:\\Users\\M1043194\\Desktop\\Node JS Capstone Project\\Capston\\aggregate-service\\config\\config.js:1:63)\n    at Module._compile (module.js:660:30)\n    at Object.Module._extensions..js (module.js:671:10)\n    at Module.load (module.js:573:32)\n    at tryModuleLoad (module.js:513:12)\n    at Function.Module._load (module.js:505:3)","exception":true,"date":"Wed Dec 18 2019 14:45:05 GMT+0530 (India Standard Time)","process":{"pid":24636,"uid":null,"gid":null,"cwd":"C:\\Users\\M1043194\\Desktop\\Node JS Capstone Project\\Capston\\aggregate-service","execPath":"C:\\Program Files\\nodejs\\node.exe","version":"v9.4.0","argv":["C:\\Program Files\\nodejs\\node.exe","C:\\Users\\M1043194\\Desktop\\Node JS Capstone Project\\Capston\\aggregate-service\\bin\\www"],"memoryUsage":{"rss":43171840,"heapTotal":34512896,"heapUsed":16442976,"external":101912}},"os":{"loadavg":[0,0,0],"uptime":233187.0162447},"trace":[{"column":15,"file":"module.js","function":"Module._resolveFilename","line":555,"method":"_resolveFilename","native":false},{"column":25,"file":"module.js","function":"Module._load","line":482,"method":"_load","native":false},{"column":17,"file":"module.js","function":"Module.require","line":604,"method":"require","native":false},{"column":18,"file":"internal/module.js","function":"require","line":11,"method":null,"native":false},{"column":63,"file":"C:\\Users\\M1043194\\Desktop\\Node JS Capstone Project\\Capston\\aggregate-service\\config\\config.js","function":null,"line":1,"method":null,"native":false},{"column":30,"file":"module.js","function":"Module._compile","line":660,"method":"_compile","native":false},{"column":10,"file":"module.js","function":"Module._extensions..js","line":671,"method":".js","native":false},{"column":32,"file":"module.js","function":"Module.load","line":573,"method":"load","native":false},{"column":12,"file":"module.js","function":"tryModuleLoad","line":513,"method":null,"native":false},{"column":3,"file":"module.js","function":"Module._load","line":505,"method":"_load","native":false}],"label":"www","timestamp":"2019-12-18 14:45:05"}
{"error":{"code":"MODULE_NOT_FOUND"},"level":"error","message":"uncaughtException: Cannot find module 'dotenv'\nError: Cannot find module 'dotenv'\n    at Function.Module._resolveFilename (module.js:555:15)\n    at Function.Module._load (module.js:482:25)\n    at Module.require (module.js:604:17)\n    at require (internal/module.js:11:18)\n    at Object.<anonymous> (C:\\Users\\M1043194\\Desktop\\Node JS Capstone Project\\Capston\\aggregate-service\\config\\config.js:1:63)\n    at Module._compile (module.js:660:30)\n    at Object.Module._extensions..js (module.js:671:10)\n    at Module.load (module.js:573:32)\n    at tryModuleLoad (module.js:513:12)\n    at Function.Module._load (module.js:505:3)","stack":"Error: Cannot find module 'dotenv'\n    at Function.Module._resolveFilename (module.js:555:15)\n    at Function.Module._load (module.js:482:25)\n    at Module.require (module.js:604:17)\n    at require (internal/module.js:11:18)\n    at Object.<anonymous> (C:\\Users\\M1043194\\Desktop\\Node JS Capstone Project\\Capston\\aggregate-service\\config\\config.js:1:63)\n    at Module._compile (module.js:660:30)\n    at Object.Module._extensions..js (module.js:671:10)\n    at Module.load (module.js:573:32)\n    at tryModuleLoad (module.js:513:12)\n    at Function.Module._load (module.js:505:3)","exception":true,"date":"Wed Dec 18 2019 14:45:13 GMT+0530 (India Standard Time)","process":{"pid":13508,"uid":null,"gid":null,"cwd":"C:\\Users\\M1043194\\Desktop\\Node JS Capstone Project\\Capston\\aggregate-service","execPath":"C:\\Program Files\\nodejs\\node.exe","version":"v9.4.0","argv":["C:\\Program Files\\nodejs\\node.exe","C:\\Users\\M1043194\\Desktop\\Node JS Capstone Project\\Capston\\aggregate-service\\bin\\www"],"memoryUsage":{"rss":43159552,"heapTotal":34512896,"heapUsed":16305128,"external":101912}},"os":{"loadavg":[0,0,0],"uptime":233195.220254},"trace":[{"column":15,"file":"module.js","function":"Module._resolveFilename","line":555,"method":"_resolveFilename","native":false},{"column":25,"file":"module.js","function":"Module._load","line":482,"method":"_load","native":false},{"column":17,"file":"module.js","function":"Module.require","line":604,"method":"require","native":false},{"column":18,"file":"internal/module.js","function":"require","line":11,"method":null,"native":false},{"column":63,"file":"C:\\Users\\M1043194\\Desktop\\Node JS Capstone Project\\Capston\\aggregate-service\\config\\config.js","function":null,"line":1,"method":null,"native":false},{"column":30,"file":"module.js","function":"Module._compile","line":660,"method":"_compile","native":false},{"column":10,"file":"module.js","function":"Module._extensions..js","line":671,"method":".js","native":false},{"column":32,"file":"module.js","function":"Module.load","line":573,"method":"load","native":false},{"column":12,"file":"module.js","function":"tryModuleLoad","line":513,"method":null,"native":false},{"column":3,"file":"module.js","function":"Module._load","line":505,"method":"_load","native":false}],"label":"www","timestamp":"2019-12-18 14:45:13"}
{"error":{"code":"MODULE_NOT_FOUND"},"level":"error","message":"uncaughtException: Cannot find module 'dotenv'\nError: Cannot find module 'dotenv'\n    at Function.Module._resolveFilename (module.js:555:15)\n    at Function.Module._load (module.js:482:25)\n    at Module.require (module.js:604:17)\n    at require (internal/module.js:11:18)\n    at Object.<anonymous> (C:\\Users\\M1043194\\Desktop\\Node JS Capstone Project\\Capston\\aggregate-service\\config\\config.js:1:63)\n    at Module._compile (module.js:660:30)\n    at Object.Module._extensions..js (module.js:671:10)\n    at Module.load (module.js:573:32)\n    at tryModuleLoad (module.js:513:12)\n    at Function.Module._load (module.js:505:3)","stack":"Error: Cannot find module 'dotenv'\n    at Function.Module._resolveFilename (module.js:555:15)\n    at Function.Module._load (module.js:482:25)\n    at Module.require (module.js:604:17)\n    at require (internal/module.js:11:18)\n    at Object.<anonymous> (C:\\Users\\M1043194\\Desktop\\Node JS Capstone Project\\Capston\\aggregate-service\\config\\config.js:1:63)\n    at Module._compile (module.js:660:30)\n    at Object.Module._extensions..js (module.js:671:10)\n    at Module.load (module.js:573:32)\n    at tryModuleLoad (module.js:513:12)\n    at Function.Module._load (module.js:505:3)","exception":true,"date":"Wed Dec 18 2019 14:45:16 GMT+0530 (India Standard Time)","process":{"pid":20704,"uid":null,"gid":null,"cwd":"C:\\Users\\M1043194\\Desktop\\Node JS Capstone Project\\Capston\\aggregate-service","execPath":"C:\\Program Files\\nodejs\\node.exe","version":"v9.4.0","argv":["C:\\Program Files\\nodejs\\node.exe","C:\\Users\\M1043194\\Desktop\\Node JS Capstone Project\\Capston\\aggregate-service\\bin\\www"],"memoryUsage":{"rss":43040768,"heapTotal":33464320,"heapUsed":16520696,"external":114525}},"os":{"loadavg":[0,0,0],"uptime":233198.1840026},"trace":[{"column":15,"file":"module.js","function":"Module._resolveFilename","line":555,"method":"_resolveFilename","native":false},{"column":25,"file":"module.js","function":"Module._load","line":482,"method":"_load","native":false},{"column":17,"file":"module.js","function":"Module.require","line":604,"method":"require","native":false},{"column":18,"file":"internal/module.js","function":"require","line":11,"method":null,"native":false},{"column":63,"file":"C:\\Users\\M1043194\\Desktop\\Node JS Capstone Project\\Capston\\aggregate-service\\config\\config.js","function":null,"line":1,"method":null,"native":false},{"column":30,"file":"module.js","function":"Module._compile","line":660,"method":"_compile","native":false},{"column":10,"file":"module.js","function":"Module._extensions..js","line":671,"method":".js","native":false},{"column":32,"file":"module.js","function":"Module.load","line":573,"method":"load","native":false},{"column":12,"file":"module.js","function":"tryModuleLoad","line":513,"method":null,"native":false},{"column":3,"file":"module.js","function":"Module._load","line":505,"method":"_load","native":false}],"label":"www","timestamp":"2019-12-18 14:45:16"}
{"error":{"code":"MODULE_NOT_FOUND"},"level":"error","message":"uncaughtException: Cannot find module 'dotenv'\nError: Cannot find module 'dotenv'\n    at Function.Module._resolveFilename (module.js:555:15)\n    at Function.Module._load (module.js:482:25)\n    at Module.require (module.js:604:17)\n    at require (internal/module.js:11:18)\n    at Object.<anonymous> (C:\\Users\\M1043194\\Desktop\\Node JS Capstone Project\\Capston\\aggregate-service\\config\\config.js:1:63)\n    at Module._compile (module.js:660:30)\n    at Object.Module._extensions..js (module.js:671:10)\n    at Module.load (module.js:573:32)\n    at tryModuleLoad (module.js:513:12)\n    at Function.Module._load (module.js:505:3)","stack":"Error: Cannot find module 'dotenv'\n    at Function.Module._resolveFilename (module.js:555:15)\n    at Function.Module._load (module.js:482:25)\n    at Module.require (module.js:604:17)\n    at require (internal/module.js:11:18)\n    at Object.<anonymous> (C:\\Users\\M1043194\\Desktop\\Node JS Capstone Project\\Capston\\aggregate-service\\config\\config.js:1:63)\n    at Module._compile (module.js:660:30)\n    at Object.Module._extensions..js (module.js:671:10)\n    at Module.load (module.js:573:32)\n    at tryModuleLoad (module.js:513:12)\n    at Function.Module._load (module.js:505:3)","exception":true,"date":"Wed Dec 18 2019 14:45:21 GMT+0530 (India Standard Time)","process":{"pid":6624,"uid":null,"gid":null,"cwd":"C:\\Users\\M1043194\\Desktop\\Node JS Capstone Project\\Capston\\aggregate-service","execPath":"C:\\Program Files\\nodejs\\node.exe","version":"v9.4.0","argv":["C:\\Program Files\\nodejs\\node.exe","C:\\Users\\M1043194\\Desktop\\Node JS Capstone Project\\Capston\\aggregate-service\\bin\\www"],"memoryUsage":{"rss":43044864,"heapTotal":35037184,"heapUsed":16286808,"external":92225}},"os":{"loadavg":[0,0,0],"uptime":233202.6713318},"trace":[{"column":15,"file":"module.js","function":"Module._resolveFilename","line":555,"method":"_resolveFilename","native":false},{"column":25,"file":"module.js","function":"Module._load","line":482,"method":"_load","native":false},{"column":17,"file":"module.js","function":"Module.require","line":604,"method":"require","native":false},{"column":18,"file":"internal/module.js","function":"require","line":11,"method":null,"native":false},{"column":63,"file":"C:\\Users\\M1043194\\Desktop\\Node JS Capstone Project\\Capston\\aggregate-service\\config\\config.js","function":null,"line":1,"method":null,"native":false},{"column":30,"file":"module.js","function":"Module._compile","line":660,"method":"_compile","native":false},{"column":10,"file":"module.js","function":"Module._extensions..js","line":671,"method":".js","native":false},{"column":32,"file":"module.js","function":"Module.load","line":573,"method":"load","native":false},{"column":12,"file":"module.js","function":"tryModuleLoad","line":513,"method":null,"native":false},{"column":3,"file":"module.js","function":"Module._load","line":505,"method":"_load","native":false}],"label":"www","timestamp":"2019-12-18 14:45:21"}
{"error":{"code":"MODULE_NOT_FOUND"},"level":"error","message":"uncaughtException: Cannot find module 'dotenv'\nError: Cannot find module 'dotenv'\n    at Function.Module._resolveFilename (module.js:555:15)\n    at Function.Module._load (module.js:482:25)\n    at Module.require (module.js:604:17)\n    at require (internal/module.js:11:18)\n    at Object.<anonymous> (C:\\Users\\M1043194\\Desktop\\Node JS Capstone Project\\Capston\\aggregate-service\\config\\config.js:1:63)\n    at Module._compile (module.js:660:30)\n    at Object.Module._extensions..js (module.js:671:10)\n    at Module.load (module.js:573:32)\n    at tryModuleLoad (module.js:513:12)\n    at Function.Module._load (module.js:505:3)","stack":"Error: Cannot find module 'dotenv'\n    at Function.Module._resolveFilename (module.js:555:15)\n    at Function.Module._load (module.js:482:25)\n    at Module.require (module.js:604:17)\n    at require (internal/module.js:11:18)\n    at Object.<anonymous> (C:\\Users\\M1043194\\Desktop\\Node JS Capstone Project\\Capston\\aggregate-service\\config\\config.js:1:63)\n    at Module._compile (module.js:660:30)\n    at Object.Module._extensions..js (module.js:671:10)\n    at Module.load (module.js:573:32)\n    at tryModuleLoad (module.js:513:12)\n    at Function.Module._load (module.js:505:3)","exception":true,"date":"Wed Dec 18 2019 14:45:27 GMT+0530 (India Standard Time)","process":{"pid":25288,"uid":null,"gid":null,"cwd":"C:\\Users\\M1043194\\Desktop\\Node JS Capstone Project\\Capston\\aggregate-service","execPath":"C:\\Program Files\\nodejs\\node.exe","version":"v9.4.0","argv":["C:\\Program Files\\nodejs\\node.exe","C:\\Users\\M1043194\\Desktop\\Node JS Capstone Project\\Capston\\aggregate-service\\bin\\www"],"memoryUsage":{"rss":43020288,"heapTotal":33464320,"heapUsed":16422232,"external":101912}},"os":{"loadavg":[0,0,0],"uptime":233209.0642267},"trace":[{"column":15,"file":"module.js","function":"Module._resolveFilename","line":555,"method":"_resolveFilename","native":false},{"column":25,"file":"module.js","function":"Module._load","line":482,"method":"_load","native":false},{"column":17,"file":"module.js","function":"Module.require","line":604,"method":"require","native":false},{"column":18,"file":"internal/module.js","function":"require","line":11,"method":null,"native":false},{"column":63,"file":"C:\\Users\\M1043194\\Desktop\\Node JS Capstone Project\\Capston\\aggregate-service\\config\\config.js","function":null,"line":1,"method":null,"native":false},{"column":30,"file":"module.js","function":"Module._compile","line":660,"method":"_compile","native":false},{"column":10,"file":"module.js","function":"Module._extensions..js","line":671,"method":".js","native":false},{"column":32,"file":"module.js","function":"Module.load","line":573,"method":"load","native":false},{"column":12,"file":"module.js","function":"tryModuleLoad","line":513,"method":null,"native":false},{"column":3,"file":"module.js","function":"Module._load","line":505,"method":"_load","native":false}],"label":"www","timestamp":"2019-12-18 14:45:27"}
{"error":{"code":"MODULE_NOT_FOUND"},"level":"error","message":"uncaughtException: Cannot find module 'dotenv'\nError: Cannot find module 'dotenv'\n    at Function.Module._resolveFilename (module.js:555:15)\n    at Function.Module._load (module.js:482:25)\n    at Module.require (module.js:604:17)\n    at require (internal/module.js:11:18)\n    at Object.<anonymous> (C:\\Users\\M1043194\\Desktop\\Node JS Capstone Project\\Capston\\aggregate-service\\config\\config.js:1:63)\n    at Module._compile (module.js:660:30)\n    at Object.Module._extensions..js (module.js:671:10)\n    at Module.load (module.js:573:32)\n    at tryModuleLoad (module.js:513:12)\n    at Function.Module._load (module.js:505:3)","stack":"Error: Cannot find module 'dotenv'\n    at Function.Module._resolveFilename (module.js:555:15)\n    at Function.Module._load (module.js:482:25)\n    at Module.require (module.js:604:17)\n    at require (internal/module.js:11:18)\n    at Object.<anonymous> (C:\\Users\\M1043194\\Desktop\\Node JS Capstone Project\\Capston\\aggregate-service\\config\\config.js:1:63)\n    at Module._compile (module.js:660:30)\n    at Object.Module._extensions..js (module.js:671:10)\n    at Module.load (module.js:573:32)\n    at tryModuleLoad (module.js:513:12)\n    at Function.Module._load (module.js:505:3)","exception":true,"date":"Wed Dec 18 2019 14:46:03 GMT+0530 (India Standard Time)","process":{"pid":28560,"uid":null,"gid":null,"cwd":"C:\\Users\\M1043194\\Desktop\\Node JS Capstone Project\\Capston\\aggregate-service","execPath":"C:\\Program Files\\nodejs\\node.exe","version":"v9.4.0","argv":["C:\\Program Files\\nodejs\\node.exe","C:\\Users\\M1043194\\Desktop\\Node JS Capstone Project\\Capston\\aggregate-service\\bin\\www"],"memoryUsage":{"rss":43147264,"heapTotal":35561472,"heapUsed":16302712,"external":92225}},"os":{"loadavg":[0,0,0],"uptime":233245.3369168},"trace":[{"column":15,"file":"module.js","function":"Module._resolveFilename","line":555,"method":"_resolveFilename","native":false},{"column":25,"file":"module.js","function":"Module._load","line":482,"method":"_load","native":false},{"column":17,"file":"module.js","function":"Module.require","line":604,"method":"require","native":false},{"column":18,"file":"internal/module.js","function":"require","line":11,"method":null,"native":false},{"column":63,"file":"C:\\Users\\M1043194\\Desktop\\Node JS Capstone Project\\Capston\\aggregate-service\\config\\config.js","function":null,"line":1,"method":null,"native":false},{"column":30,"file":"module.js","function":"Module._compile","line":660,"method":"_compile","native":false},{"column":10,"file":"module.js","function":"Module._extensions..js","line":671,"method":".js","native":false},{"column":32,"file":"module.js","function":"Module.load","line":573,"method":"load","native":false},{"column":12,"file":"module.js","function":"tryModuleLoad","line":513,"method":null,"native":false},{"column":3,"file":"module.js","function":"Module._load","line":505,"method":"_load","native":false}],"label":"www","timestamp":"2019-12-18 14:46:03"}
{"error":{"code":"MODULE_NOT_FOUND"},"level":"error","message":"uncaughtException: Cannot find module 'dotenv'\nError: Cannot find module 'dotenv'\n    at Function.Module._resolveFilename (module.js:555:15)\n    at Function.Module._load (module.js:482:25)\n    at Module.require (module.js:604:17)\n    at require (internal/module.js:11:18)\n    at Object.<anonymous> (C:\\Users\\M1043194\\Desktop\\Node JS Capstone Project\\Capston\\aggregate-service\\config\\config.js:1:63)\n    at Module._compile (module.js:660:30)\n    at Object.Module._extensions..js (module.js:671:10)\n    at Module.load (module.js:573:32)\n    at tryModuleLoad (module.js:513:12)\n    at Function.Module._load (module.js:505:3)","stack":"Error: Cannot find module 'dotenv'\n    at Function.Module._resolveFilename (module.js:555:15)\n    at Function.Module._load (module.js:482:25)\n    at Module.require (module.js:604:17)\n    at require (internal/module.js:11:18)\n    at Object.<anonymous> (C:\\Users\\M1043194\\Desktop\\Node JS Capstone Project\\Capston\\aggregate-service\\config\\config.js:1:63)\n    at Module._compile (module.js:660:30)\n    at Object.Module._extensions..js (module.js:671:10)\n    at Module.load (module.js:573:32)\n    at tryModuleLoad (module.js:513:12)\n    at Function.Module._load (module.js:505:3)","exception":true,"date":"Wed Dec 18 2019 14:47:13 GMT+0530 (India Standard Time)","process":{"pid":22320,"uid":null,"gid":null,"cwd":"C:\\Users\\M1043194\\Desktop\\Node JS Capstone Project\\Capston\\aggregate-service","execPath":"C:\\Program Files\\nodejs\\node.exe","version":"v9.4.0","argv":["C:\\Program Files\\nodejs\\node.exe","C:\\Users\\M1043194\\Desktop\\Node JS Capstone Project\\Capston\\aggregate-service\\bin\\www"],"memoryUsage":{"rss":43216896,"heapTotal":33988608,"heapUsed":16212632,"external":72685}},"os":{"loadavg":[0,0,0],"uptime":233314.7633227},"trace":[{"column":15,"file":"module.js","function":"Module._resolveFilename","line":555,"method":"_resolveFilename","native":false},{"column":25,"file":"module.js","function":"Module._load","line":482,"method":"_load","native":false},{"column":17,"file":"module.js","function":"Module.require","line":604,"method":"require","native":false},{"column":18,"file":"internal/module.js","function":"require","line":11,"method":null,"native":false},{"column":63,"file":"C:\\Users\\M1043194\\Desktop\\Node JS Capstone Project\\Capston\\aggregate-service\\config\\config.js","function":null,"line":1,"method":null,"native":false},{"column":30,"file":"module.js","function":"Module._compile","line":660,"method":"_compile","native":false},{"column":10,"file":"module.js","function":"Module._extensions..js","line":671,"method":".js","native":false},{"column":32,"file":"module.js","function":"Module.load","line":573,"method":"load","native":false},{"column":12,"file":"module.js","function":"tryModuleLoad","line":513,"method":null,"native":false},{"column":3,"file":"module.js","function":"Module._load","line":505,"method":"_load","native":false}],"label":"www","timestamp":"2019-12-18 14:47:13"}
{"error":{"code":"MODULE_NOT_FOUND"},"level":"error","message":"uncaughtException: Cannot find module 'dotenv'\nError: Cannot find module 'dotenv'\n    at Function.Module._resolveFilename (module.js:555:15)\n    at Function.Module._load (module.js:482:25)\n    at Module.require (module.js:604:17)\n    at require (internal/module.js:11:18)\n    at Object.<anonymous> (C:\\Users\\M1043194\\Desktop\\Node JS Capstone Project\\Capston\\aggregate-service\\config\\config.js:1:63)\n    at Module._compile (module.js:660:30)\n    at Object.Module._extensions..js (module.js:671:10)\n    at Module.load (module.js:573:32)\n    at tryModuleLoad (module.js:513:12)\n    at Function.Module._load (module.js:505:3)","stack":"Error: Cannot find module 'dotenv'\n    at Function.Module._resolveFilename (module.js:555:15)\n    at Function.Module._load (module.js:482:25)\n    at Module.require (module.js:604:17)\n    at require (internal/module.js:11:18)\n    at Object.<anonymous> (C:\\Users\\M1043194\\Desktop\\Node JS Capstone Project\\Capston\\aggregate-service\\config\\config.js:1:63)\n    at Module._compile (module.js:660:30)\n    at Object.Module._extensions..js (module.js:671:10)\n    at Module.load (module.js:573:32)\n    at tryModuleLoad (module.js:513:12)\n    at Function.Module._load (module.js:505:3)","exception":true,"date":"Wed Dec 18 2019 14:47:13 GMT+0530 (India Standard Time)","process":{"pid":1620,"uid":null,"gid":null,"cwd":"C:\\Users\\M1043194\\Desktop\\Node JS Capstone Project\\Capston\\aggregate-service","execPath":"C:\\Program Files\\nodejs\\node.exe","version":"v9.4.0","argv":["C:\\Program Files\\nodejs\\node.exe","C:\\Users\\M1043194\\Desktop\\Node JS Capstone Project\\Capston\\aggregate-service\\bin\\www"],"memoryUsage":{"rss":43171840,"heapTotal":33988608,"heapUsed":16444760,"external":101912}},"os":{"loadavg":[0,0,0],"uptime":233314.8111963},"trace":[{"column":15,"file":"module.js","function":"Module._resolveFilename","line":555,"method":"_resolveFilename","native":false},{"column":25,"file":"module.js","function":"Module._load","line":482,"method":"_load","native":false},{"column":17,"file":"module.js","function":"Module.require","line":604,"method":"require","native":false},{"column":18,"file":"internal/module.js","function":"require","line":11,"method":null,"native":false},{"column":63,"file":"C:\\Users\\M1043194\\Desktop\\Node JS Capstone Project\\Capston\\aggregate-service\\config\\config.js","function":null,"line":1,"method":null,"native":false},{"column":30,"file":"module.js","function":"Module._compile","line":660,"method":"_compile","native":false},{"column":10,"file":"module.js","function":"Module._extensions..js","line":671,"method":".js","native":false},{"column":32,"file":"module.js","function":"Module.load","line":573,"method":"load","native":false},{"column":12,"file":"module.js","function":"tryModuleLoad","line":513,"method":null,"native":false},{"column":3,"file":"module.js","function":"Module._load","line":505,"method":"_load","native":false}],"label":"www","timestamp":"2019-12-18 14:47:13"}
{"error":{},"level":"error","message":"uncaughtException: Route.get() requires a callback function but got a [object Undefined]\nError: Route.get() requires a callback function but got a [object Undefined]\n    at Route.(anonymous function) [as get] (C:\\Users\\M1043194\\Desktop\\Node JS Capstone Project\\Capston\\aggregate-service\\node_modules\\express\\lib\\router\\route.js:202:15)\n    at Function.proto.(anonymous function) [as get] (C:\\Users\\M1043194\\Desktop\\Node JS Capstone Project\\Capston\\aggregate-service\\node_modules\\express\\lib\\router\\index.js:510:19)\n    at module.exports (C:\\Users\\M1043194\\Desktop\\Node JS Capstone Project\\Capston\\aggregate-service\\routes\\aggregateRoutes.js:6:12)\n    at Object.<anonymous> (C:\\Users\\M1043194\\Desktop\\Node JS Capstone Project\\Capston\\aggregate-service\\app.js:9:36)\n    at Module._compile (module.js:660:30)\n    at Object.Module._extensions..js (module.js:671:10)\n    at Module.load (module.js:573:32)\n    at tryModuleLoad (module.js:513:12)\n    at Function.Module._load (module.js:505:3)\n    at Module.require (module.js:604:17)","stack":"Error: Route.get() requires a callback function but got a [object Undefined]\n    at Route.(anonymous function) [as get] (C:\\Users\\M1043194\\Desktop\\Node JS Capstone Project\\Capston\\aggregate-service\\node_modules\\express\\lib\\router\\route.js:202:15)\n    at Function.proto.(anonymous function) [as get] (C:\\Users\\M1043194\\Desktop\\Node JS Capstone Project\\Capston\\aggregate-service\\node_modules\\express\\lib\\router\\index.js:510:19)\n    at module.exports (C:\\Users\\M1043194\\Desktop\\Node JS Capstone Project\\Capston\\aggregate-service\\routes\\aggregateRoutes.js:6:12)\n    at Object.<anonymous> (C:\\Users\\M1043194\\Desktop\\Node JS Capstone Project\\Capston\\aggregate-service\\app.js:9:36)\n    at Module._compile (module.js:660:30)\n    at Object.Module._extensions..js (module.js:671:10)\n    at Module.load (module.js:573:32)\n    at tryModuleLoad (module.js:513:12)\n    at Function.Module._load (module.js:505:3)\n    at Module.require (module.js:604:17)","exception":true,"date":"Wed Dec 18 2019 14:49:17 GMT+0530 (India Standard Time)","process":{"pid":12036,"uid":null,"gid":null,"cwd":"C:\\Users\\M1043194\\Desktop\\Node JS Capstone Project\\Capston\\aggregate-service","execPath":"C:\\Program Files\\nodejs\\node.exe","version":"v9.4.0","argv":["C:\\Program Files\\nodejs\\node.exe","C:\\Users\\M1043194\\Desktop\\Node JS Capstone Project\\Capston\\aggregate-service\\bin\\www"],"memoryUsage":{"rss":42975232,"heapTotal":33988608,"heapUsed":16209064,"external":72685}},"os":{"loadavg":[0,0,0],"uptime":233439.2572087},"trace":[{"column":15,"file":"C:\\Users\\M1043194\\Desktop\\Node JS Capstone Project\\Capston\\aggregate-service\\node_modules\\express\\lib\\router\\route.js","function":"Route.(anonymous function) [as get]","line":202,"method":"(anonymous function) [as get]","native":false},{"column":19,"file":"C:\\Users\\M1043194\\Desktop\\Node JS Capstone Project\\Capston\\aggregate-service\\node_modules\\express\\lib\\router\\index.js","function":"Function.proto.(anonymous function) [as get]","line":510,"method":"(anonymous function) [as get]","native":false},{"column":12,"file":"C:\\Users\\M1043194\\Desktop\\Node JS Capstone Project\\Capston\\aggregate-service\\routes\\aggregateRoutes.js","function":"module.exports","line":6,"method":"exports","native":false},{"column":36,"file":"C:\\Users\\M1043194\\Desktop\\Node JS Capstone Project\\Capston\\aggregate-service\\app.js","function":null,"line":9,"method":null,"native":false},{"column":30,"file":"module.js","function":"Module._compile","line":660,"method":"_compile","native":false},{"column":10,"file":"module.js","function":"Module._extensions..js","line":671,"method":".js","native":false},{"column":32,"file":"module.js","function":"Module.load","line":573,"method":"load","native":false},{"column":12,"file":"module.js","function":"tryModuleLoad","line":513,"method":null,"native":false},{"column":3,"file":"module.js","function":"Module._load","line":505,"method":"_load","native":false},{"column":17,"file":"module.js","function":"Module.require","line":604,"method":"require","native":false}],"label":"www","timestamp":"2019-12-18 14:49:17"}
{"error":{},"level":"error","message":"uncaughtException: Route.get() requires a callback function but got a [object Undefined]\nError: Route.get() requires a callback function but got a [object Undefined]\n    at Route.(anonymous function) [as get] (C:\\Users\\M1043194\\Desktop\\Node JS Capstone Project\\Capston\\aggregate-service\\node_modules\\express\\lib\\router\\route.js:202:15)\n    at Function.proto.(anonymous function) [as get] (C:\\Users\\M1043194\\Desktop\\Node JS Capstone Project\\Capston\\aggregate-service\\node_modules\\express\\lib\\router\\index.js:510:19)\n    at module.exports (C:\\Users\\M1043194\\Desktop\\Node JS Capstone Project\\Capston\\aggregate-service\\routes\\aggregateRoutes.js:6:12)\n    at Object.<anonymous> (C:\\Users\\M1043194\\Desktop\\Node JS Capstone Project\\Capston\\aggregate-service\\app.js:9:36)\n    at Module._compile (module.js:660:30)\n    at Object.Module._extensions..js (module.js:671:10)\n    at Module.load (module.js:573:32)\n    at tryModuleLoad (module.js:513:12)\n    at Function.Module._load (module.js:505:3)\n    at Module.require (module.js:604:17)","stack":"Error: Route.get() requires a callback function but got a [object Undefined]\n    at Route.(anonymous function) [as get] (C:\\Users\\M1043194\\Desktop\\Node JS Capstone Project\\Capston\\aggregate-service\\node_modules\\express\\lib\\router\\route.js:202:15)\n    at Function.proto.(anonymous function) [as get] (C:\\Users\\M1043194\\Desktop\\Node JS Capstone Project\\Capston\\aggregate-service\\node_modules\\express\\lib\\router\\index.js:510:19)\n    at module.exports (C:\\Users\\M1043194\\Desktop\\Node JS Capstone Project\\Capston\\aggregate-service\\routes\\aggregateRoutes.js:6:12)\n    at Object.<anonymous> (C:\\Users\\M1043194\\Desktop\\Node JS Capstone Project\\Capston\\aggregate-service\\app.js:9:36)\n    at Module._compile (module.js:660:30)\n    at Object.Module._extensions..js (module.js:671:10)\n    at Module.load (module.js:573:32)\n    at tryModuleLoad (module.js:513:12)\n    at Function.Module._load (module.js:505:3)\n    at Module.require (module.js:604:17)","exception":true,"date":"Wed Dec 18 2019 14:49:17 GMT+0530 (India Standard Time)","process":{"pid":28116,"uid":null,"gid":null,"cwd":"C:\\Users\\M1043194\\Desktop\\Node JS Capstone Project\\Capston\\aggregate-service","execPath":"C:\\Program Files\\nodejs\\node.exe","version":"v9.4.0","argv":["C:\\Program Files\\nodejs\\node.exe","C:\\Users\\M1043194\\Desktop\\Node JS Capstone Project\\Capston\\aggregate-service\\bin\\www"],"memoryUsage":{"rss":43110400,"heapTotal":33464320,"heapUsed":16490888,"external":110104}},"os":{"loadavg":[0,0,0],"uptime":233439.3432874},"trace":[{"column":15,"file":"C:\\Users\\M1043194\\Desktop\\Node JS Capstone Project\\Capston\\aggregate-service\\node_modules\\express\\lib\\router\\route.js","function":"Route.(anonymous function) [as get]","line":202,"method":"(anonymous function) [as get]","native":false},{"column":19,"file":"C:\\Users\\M1043194\\Desktop\\Node JS Capstone Project\\Capston\\aggregate-service\\node_modules\\express\\lib\\router\\index.js","function":"Function.proto.(anonymous function) [as get]","line":510,"method":"(anonymous function) [as get]","native":false},{"column":12,"file":"C:\\Users\\M1043194\\Desktop\\Node JS Capstone Project\\Capston\\aggregate-service\\routes\\aggregateRoutes.js","function":"module.exports","line":6,"method":"exports","native":false},{"column":36,"file":"C:\\Users\\M1043194\\Desktop\\Node JS Capstone Project\\Capston\\aggregate-service\\app.js","function":null,"line":9,"method":null,"native":false},{"column":30,"file":"module.js","function":"Module._compile","line":660,"method":"_compile","native":false},{"column":10,"file":"module.js","function":"Module._extensions..js","line":671,"method":".js","native":false},{"column":32,"file":"module.js","function":"Module.load","line":573,"method":"load","native":false},{"column":12,"file":"module.js","function":"tryModuleLoad","line":513,"method":null,"native":false},{"column":3,"file":"module.js","function":"Module._load","line":505,"method":"_load","native":false},{"column":17,"file":"module.js","function":"Module.require","line":604,"method":"require","native":false}],"label":"www","timestamp":"2019-12-18 14:49:17"}
{"error":{},"level":"error","message":"uncaughtException: Route.get() requires a callback function but got a [object Undefined]\nError: Route.get() requires a callback function but got a [object Undefined]\n    at Route.(anonymous function) [as get] (C:\\Users\\M1043194\\Desktop\\Node JS Capstone Project\\Capston\\aggregate-service\\node_modules\\express\\lib\\router\\route.js:202:15)\n    at Function.proto.(anonymous function) [as get] (C:\\Users\\M1043194\\Desktop\\Node JS Capstone Project\\Capston\\aggregate-service\\node_modules\\express\\lib\\router\\index.js:510:19)\n    at module.exports (C:\\Users\\M1043194\\Desktop\\Node JS Capstone Project\\Capston\\aggregate-service\\routes\\aggregateRoutes.js:6:12)\n    at Object.<anonymous> (C:\\Users\\M1043194\\Desktop\\Node JS Capstone Project\\Capston\\aggregate-service\\app.js:9:36)\n    at Module._compile (module.js:660:30)\n    at Object.Module._extensions..js (module.js:671:10)\n    at Module.load (module.js:573:32)\n    at tryModuleLoad (module.js:513:12)\n    at Function.Module._load (module.js:505:3)\n    at Module.require (module.js:604:17)","stack":"Error: Route.get() requires a callback function but got a [object Undefined]\n    at Route.(anonymous function) [as get] (C:\\Users\\M1043194\\Desktop\\Node JS Capstone Project\\Capston\\aggregate-service\\node_modules\\express\\lib\\router\\route.js:202:15)\n    at Function.proto.(anonymous function) [as get] (C:\\Users\\M1043194\\Desktop\\Node JS Capstone Project\\Capston\\aggregate-service\\node_modules\\express\\lib\\router\\index.js:510:19)\n    at module.exports (C:\\Users\\M1043194\\Desktop\\Node JS Capstone Project\\Capston\\aggregate-service\\routes\\aggregateRoutes.js:6:12)\n    at Object.<anonymous> (C:\\Users\\M1043194\\Desktop\\Node JS Capstone Project\\Capston\\aggregate-service\\app.js:9:36)\n    at Module._compile (module.js:660:30)\n    at Object.Module._extensions..js (module.js:671:10)\n    at Module.load (module.js:573:32)\n    at tryModuleLoad (module.js:513:12)\n    at Function.Module._load (module.js:505:3)\n    at Module.require (module.js:604:17)","exception":true,"date":"Wed Dec 18 2019 14:49:31 GMT+0530 (India Standard Time)","process":{"pid":1240,"uid":null,"gid":null,"cwd":"C:\\Users\\M1043194\\Desktop\\Node JS Capstone Project\\Capston\\aggregate-service","execPath":"C:\\Program Files\\nodejs\\node.exe","version":"v9.4.0","argv":["C:\\Program Files\\nodejs\\node.exe","C:\\Users\\M1043194\\Desktop\\Node JS Capstone Project\\Capston\\aggregate-service\\bin\\www"],"memoryUsage":{"rss":42995712,"heapTotal":34512896,"heapUsed":16510560,"external":110104}},"os":{"loadavg":[0,0,0],"uptime":233452.6620513},"trace":[{"column":15,"file":"C:\\Users\\M1043194\\Desktop\\Node JS Capstone Project\\Capston\\aggregate-service\\node_modules\\express\\lib\\router\\route.js","function":"Route.(anonymous function) [as get]","line":202,"method":"(anonymous function) [as get]","native":false},{"column":19,"file":"C:\\Users\\M1043194\\Desktop\\Node JS Capstone Project\\Capston\\aggregate-service\\node_modules\\express\\lib\\router\\index.js","function":"Function.proto.(anonymous function) [as get]","line":510,"method":"(anonymous function) [as get]","native":false},{"column":12,"file":"C:\\Users\\M1043194\\Desktop\\Node JS Capstone Project\\Capston\\aggregate-service\\routes\\aggregateRoutes.js","function":"module.exports","line":6,"method":"exports","native":false},{"column":36,"file":"C:\\Users\\M1043194\\Desktop\\Node JS Capstone Project\\Capston\\aggregate-service\\app.js","function":null,"line":9,"method":null,"native":false},{"column":30,"file":"module.js","function":"Module._compile","line":660,"method":"_compile","native":false},{"column":10,"file":"module.js","function":"Module._extensions..js","line":671,"method":".js","native":false},{"column":32,"file":"module.js","function":"Module.load","line":573,"method":"load","native":false},{"column":12,"file":"module.js","function":"tryModuleLoad","line":513,"method":null,"native":false},{"column":3,"file":"module.js","function":"Module._load","line":505,"method":"_load","native":false},{"column":17,"file":"module.js","function":"Module.require","line":604,"method":"require","native":false}],"label":"www","timestamp":"2019-12-18 14:49:31"}
{"error":{},"level":"error","message":"uncaughtException: Route.get() requires a callback function but got a [object Undefined]\nError: Route.get() requires a callback function but got a [object Undefined]\n    at Route.(anonymous function) [as get] (C:\\Users\\M1043194\\Desktop\\Node JS Capstone Project\\Capston\\aggregate-service\\node_modules\\express\\lib\\router\\route.js:202:15)\n    at Function.proto.(anonymous function) [as get] (C:\\Users\\M1043194\\Desktop\\Node JS Capstone Project\\Capston\\aggregate-service\\node_modules\\express\\lib\\router\\index.js:510:19)\n    at module.exports (C:\\Users\\M1043194\\Desktop\\Node JS Capstone Project\\Capston\\aggregate-service\\routes\\aggregateRoutes.js:6:12)\n    at Object.<anonymous> (C:\\Users\\M1043194\\Desktop\\Node JS Capstone Project\\Capston\\aggregate-service\\app.js:9:36)\n    at Module._compile (module.js:660:30)\n    at Object.Module._extensions..js (module.js:671:10)\n    at Module.load (module.js:573:32)\n    at tryModuleLoad (module.js:513:12)\n    at Function.Module._load (module.js:505:3)\n    at Module.require (module.js:604:17)","stack":"Error: Route.get() requires a callback function but got a [object Undefined]\n    at Route.(anonymous function) [as get] (C:\\Users\\M1043194\\Desktop\\Node JS Capstone Project\\Capston\\aggregate-service\\node_modules\\express\\lib\\router\\route.js:202:15)\n    at Function.proto.(anonymous function) [as get] (C:\\Users\\M1043194\\Desktop\\Node JS Capstone Project\\Capston\\aggregate-service\\node_modules\\express\\lib\\router\\index.js:510:19)\n    at module.exports (C:\\Users\\M1043194\\Desktop\\Node JS Capstone Project\\Capston\\aggregate-service\\routes\\aggregateRoutes.js:6:12)\n    at Object.<anonymous> (C:\\Users\\M1043194\\Desktop\\Node JS Capstone Project\\Capston\\aggregate-service\\app.js:9:36)\n    at Module._compile (module.js:660:30)\n    at Object.Module._extensions..js (module.js:671:10)\n    at Module.load (module.js:573:32)\n    at tryModuleLoad (module.js:513:12)\n    at Function.Module._load (module.js:505:3)\n    at Module.require (module.js:604:17)","exception":true,"date":"Wed Dec 18 2019 14:49:31 GMT+0530 (India Standard Time)","process":{"pid":24740,"uid":null,"gid":null,"cwd":"C:\\Users\\M1043194\\Desktop\\Node JS Capstone Project\\Capston\\aggregate-service","execPath":"C:\\Program Files\\nodejs\\node.exe","version":"v9.4.0","argv":["C:\\Program Files\\nodejs\\node.exe","C:\\Users\\M1043194\\Desktop\\Node JS Capstone Project\\Capston\\aggregate-service\\bin\\www"],"memoryUsage":{"rss":42971136,"heapTotal":34512896,"heapUsed":16487608,"external":101912}},"os":{"loadavg":[0,0,0],"uptime":233452.7039404},"trace":[{"column":15,"file":"C:\\Users\\M1043194\\Desktop\\Node JS Capstone Project\\Capston\\aggregate-service\\node_modules\\express\\lib\\router\\route.js","function":"Route.(anonymous function) [as get]","line":202,"method":"(anonymous function) [as get]","native":false},{"column":19,"file":"C:\\Users\\M1043194\\Desktop\\Node JS Capstone Project\\Capston\\aggregate-service\\node_modules\\express\\lib\\router\\index.js","function":"Function.proto.(anonymous function) [as get]","line":510,"method":"(anonymous function) [as get]","native":false},{"column":12,"file":"C:\\Users\\M1043194\\Desktop\\Node JS Capstone Project\\Capston\\aggregate-service\\routes\\aggregateRoutes.js","function":"module.exports","line":6,"method":"exports","native":false},{"column":36,"file":"C:\\Users\\M1043194\\Desktop\\Node JS Capstone Project\\Capston\\aggregate-service\\app.js","function":null,"line":9,"method":null,"native":false},{"column":30,"file":"module.js","function":"Module._compile","line":660,"method":"_compile","native":false},{"column":10,"file":"module.js","function":"Module._extensions..js","line":671,"method":".js","native":false},{"column":32,"file":"module.js","function":"Module.load","line":573,"method":"load","native":false},{"column":12,"file":"module.js","function":"tryModuleLoad","line":513,"method":null,"native":false},{"column":3,"file":"module.js","function":"Module._load","line":505,"method":"_load","native":false},{"column":17,"file":"module.js","function":"Module.require","line":604,"method":"require","native":false}],"label":"www","timestamp":"2019-12-18 14:49:31"}
{"error":{},"level":"error","message":"uncaughtException: Route.get() requires a callback function but got a [object Undefined]\nError: Route.get() requires a callback function but got a [object Undefined]\n    at Route.(anonymous function) [as get] (C:\\Users\\M1043194\\Desktop\\Node JS Capstone Project\\Capston\\aggregate-service\\node_modules\\express\\lib\\router\\route.js:202:15)\n    at Function.proto.(anonymous function) [as get] (C:\\Users\\M1043194\\Desktop\\Node JS Capstone Project\\Capston\\aggregate-service\\node_modules\\express\\lib\\router\\index.js:510:19)\n    at module.exports (C:\\Users\\M1043194\\Desktop\\Node JS Capstone Project\\Capston\\aggregate-service\\routes\\aggregateRoutes.js:6:12)\n    at Object.<anonymous> (C:\\Users\\M1043194\\Desktop\\Node JS Capstone Project\\Capston\\aggregate-service\\app.js:9:36)\n    at Module._compile (module.js:660:30)\n    at Object.Module._extensions..js (module.js:671:10)\n    at Module.load (module.js:573:32)\n    at tryModuleLoad (module.js:513:12)\n    at Function.Module._load (module.js:505:3)\n    at Module.require (module.js:604:17)","stack":"Error: Route.get() requires a callback function but got a [object Undefined]\n    at Route.(anonymous function) [as get] (C:\\Users\\M1043194\\Desktop\\Node JS Capstone Project\\Capston\\aggregate-service\\node_modules\\express\\lib\\router\\route.js:202:15)\n    at Function.proto.(anonymous function) [as get] (C:\\Users\\M1043194\\Desktop\\Node JS Capstone Project\\Capston\\aggregate-service\\node_modules\\express\\lib\\router\\index.js:510:19)\n    at module.exports (C:\\Users\\M1043194\\Desktop\\Node JS Capstone Project\\Capston\\aggregate-service\\routes\\aggregateRoutes.js:6:12)\n    at Object.<anonymous> (C:\\Users\\M1043194\\Desktop\\Node JS Capstone Project\\Capston\\aggregate-service\\app.js:9:36)\n    at Module._compile (module.js:660:30)\n    at Object.Module._extensions..js (module.js:671:10)\n    at Module.load (module.js:573:32)\n    at tryModuleLoad (module.js:513:12)\n    at Function.Module._load (module.js:505:3)\n    at Module.require (module.js:604:17)","exception":true,"date":"Wed Dec 18 2019 14:49:56 GMT+0530 (India Standard Time)","process":{"pid":21704,"uid":null,"gid":null,"cwd":"C:\\Users\\M1043194\\Desktop\\Node JS Capstone Project\\Capston\\aggregate-service","execPath":"C:\\Program Files\\nodejs\\node.exe","version":"v9.4.0","argv":["C:\\Program Files\\nodejs\\node.exe","C:\\Users\\M1043194\\Desktop\\Node JS Capstone Project\\Capston\\aggregate-service\\bin\\www"],"memoryUsage":{"rss":43073536,"heapTotal":35037184,"heapUsed":16473848,"external":101912}},"os":{"loadavg":[0,0,0],"uptime":233478.4318323},"trace":[{"column":15,"file":"C:\\Users\\M1043194\\Desktop\\Node JS Capstone Project\\Capston\\aggregate-service\\node_modules\\express\\lib\\router\\route.js","function":"Route.(anonymous function) [as get]","line":202,"method":"(anonymous function) [as get]","native":false},{"column":19,"file":"C:\\Users\\M1043194\\Desktop\\Node JS Capstone Project\\Capston\\aggregate-service\\node_modules\\express\\lib\\router\\index.js","function":"Function.proto.(anonymous function) [as get]","line":510,"method":"(anonymous function) [as get]","native":false},{"column":12,"file":"C:\\Users\\M1043194\\Desktop\\Node JS Capstone Project\\Capston\\aggregate-service\\routes\\aggregateRoutes.js","function":"module.exports","line":6,"method":"exports","native":false},{"column":36,"file":"C:\\Users\\M1043194\\Desktop\\Node JS Capstone Project\\Capston\\aggregate-service\\app.js","function":null,"line":9,"method":null,"native":false},{"column":30,"file":"module.js","function":"Module._compile","line":660,"method":"_compile","native":false},{"column":10,"file":"module.js","function":"Module._extensions..js","line":671,"method":".js","native":false},{"column":32,"file":"module.js","function":"Module.load","line":573,"method":"load","native":false},{"column":12,"file":"module.js","function":"tryModuleLoad","line":513,"method":null,"native":false},{"column":3,"file":"module.js","function":"Module._load","line":505,"method":"_load","native":false},{"column":17,"file":"module.js","function":"Module.require","line":604,"method":"require","native":false}],"label":"www","timestamp":"2019-12-18 14:49:56"}
{"error":{},"level":"error","message":"uncaughtException: Route.get() requires a callback function but got a [object Undefined]\nError: Route.get() requires a callback function but got a [object Undefined]\n    at Route.(anonymous function) [as get] (C:\\Users\\M1043194\\Desktop\\Node JS Capstone Project\\Capston\\aggregate-service\\node_modules\\express\\lib\\router\\route.js:202:15)\n    at Function.proto.(anonymous function) [as get] (C:\\Users\\M1043194\\Desktop\\Node JS Capstone Project\\Capston\\aggregate-service\\node_modules\\express\\lib\\router\\index.js:510:19)\n    at module.exports (C:\\Users\\M1043194\\Desktop\\Node JS Capstone Project\\Capston\\aggregate-service\\routes\\aggregateRoutes.js:6:12)\n    at Object.<anonymous> (C:\\Users\\M1043194\\Desktop\\Node JS Capstone Project\\Capston\\aggregate-service\\app.js:9:36)\n    at Module._compile (module.js:660:30)\n    at Object.Module._extensions..js (module.js:671:10)\n    at Module.load (module.js:573:32)\n    at tryModuleLoad (module.js:513:12)\n    at Function.Module._load (module.js:505:3)\n    at Module.require (module.js:604:17)","stack":"Error: Route.get() requires a callback function but got a [object Undefined]\n    at Route.(anonymous function) [as get] (C:\\Users\\M1043194\\Desktop\\Node JS Capstone Project\\Capston\\aggregate-service\\node_modules\\express\\lib\\router\\route.js:202:15)\n    at Function.proto.(anonymous function) [as get] (C:\\Users\\M1043194\\Desktop\\Node JS Capstone Project\\Capston\\aggregate-service\\node_modules\\express\\lib\\router\\index.js:510:19)\n    at module.exports (C:\\Users\\M1043194\\Desktop\\Node JS Capstone Project\\Capston\\aggregate-service\\routes\\aggregateRoutes.js:6:12)\n    at Object.<anonymous> (C:\\Users\\M1043194\\Desktop\\Node JS Capstone Project\\Capston\\aggregate-service\\app.js:9:36)\n    at Module._compile (module.js:660:30)\n    at Object.Module._extensions..js (module.js:671:10)\n    at Module.load (module.js:573:32)\n    at tryModuleLoad (module.js:513:12)\n    at Function.Module._load (module.js:505:3)\n    at Module.require (module.js:604:17)","exception":true,"date":"Wed Dec 18 2019 14:49:56 GMT+0530 (India Standard Time)","process":{"pid":25412,"uid":null,"gid":null,"cwd":"C:\\Users\\M1043194\\Desktop\\Node JS Capstone Project\\Capston\\aggregate-service","execPath":"C:\\Program Files\\nodejs\\node.exe","version":"v9.4.0","argv":["C:\\Program Files\\nodejs\\node.exe","C:\\Users\\M1043194\\Desktop\\Node JS Capstone Project\\Capston\\aggregate-service\\bin\\www"],"memoryUsage":{"rss":43028480,"heapTotal":34512896,"heapUsed":16471016,"external":110104}},"os":{"loadavg":[0,0,0],"uptime":233478.5091494},"trace":[{"column":15,"file":"C:\\Users\\M1043194\\Desktop\\Node JS Capstone Project\\Capston\\aggregate-service\\node_modules\\express\\lib\\router\\route.js","function":"Route.(anonymous function) [as get]","line":202,"method":"(anonymous function) [as get]","native":false},{"column":19,"file":"C:\\Users\\M1043194\\Desktop\\Node JS Capstone Project\\Capston\\aggregate-service\\node_modules\\express\\lib\\router\\index.js","function":"Function.proto.(anonymous function) [as get]","line":510,"method":"(anonymous function) [as get]","native":false},{"column":12,"file":"C:\\Users\\M1043194\\Desktop\\Node JS Capstone Project\\Capston\\aggregate-service\\routes\\aggregateRoutes.js","function":"module.exports","line":6,"method":"exports","native":false},{"column":36,"file":"C:\\Users\\M1043194\\Desktop\\Node JS Capstone Project\\Capston\\aggregate-service\\app.js","function":null,"line":9,"method":null,"native":false},{"column":30,"file":"module.js","function":"Module._compile","line":660,"method":"_compile","native":false},{"column":10,"file":"module.js","function":"Module._extensions..js","line":671,"method":".js","native":false},{"column":32,"file":"module.js","function":"Module.load","line":573,"method":"load","native":false},{"column":12,"file":"module.js","function":"tryModuleLoad","line":513,"method":null,"native":false},{"column":3,"file":"module.js","function":"Module._load","line":505,"method":"_load","native":false},{"column":17,"file":"module.js","function":"Module.require","line":604,"method":"require","native":false}],"label":"www","timestamp":"2019-12-18 14:49:57"}
{"error":{},"level":"error","message":"uncaughtException: Route.get() requires a callback function but got a [object Undefined]\nError: Route.get() requires a callback function but got a [object Undefined]\n    at Route.(anonymous function) [as get] (C:\\Users\\M1043194\\Desktop\\Node JS Capstone Project\\Capston\\aggregate-service\\node_modules\\express\\lib\\router\\route.js:202:15)\n    at Function.proto.(anonymous function) [as get] (C:\\Users\\M1043194\\Desktop\\Node JS Capstone Project\\Capston\\aggregate-service\\node_modules\\express\\lib\\router\\index.js:510:19)\n    at module.exports (C:\\Users\\M1043194\\Desktop\\Node JS Capstone Project\\Capston\\aggregate-service\\routes\\aggregateRoutes.js:6:12)\n    at Object.<anonymous> (C:\\Users\\M1043194\\Desktop\\Node JS Capstone Project\\Capston\\aggregate-service\\app.js:9:36)\n    at Module._compile (module.js:660:30)\n    at Object.Module._extensions..js (module.js:671:10)\n    at Module.load (module.js:573:32)\n    at tryModuleLoad (module.js:513:12)\n    at Function.Module._load (module.js:505:3)\n    at Module.require (module.js:604:17)","stack":"Error: Route.get() requires a callback function but got a [object Undefined]\n    at Route.(anonymous function) [as get] (C:\\Users\\M1043194\\Desktop\\Node JS Capstone Project\\Capston\\aggregate-service\\node_modules\\express\\lib\\router\\route.js:202:15)\n    at Function.proto.(anonymous function) [as get] (C:\\Users\\M1043194\\Desktop\\Node JS Capstone Project\\Capston\\aggregate-service\\node_modules\\express\\lib\\router\\index.js:510:19)\n    at module.exports (C:\\Users\\M1043194\\Desktop\\Node JS Capstone Project\\Capston\\aggregate-service\\routes\\aggregateRoutes.js:6:12)\n    at Object.<anonymous> (C:\\Users\\M1043194\\Desktop\\Node JS Capstone Project\\Capston\\aggregate-service\\app.js:9:36)\n    at Module._compile (module.js:660:30)\n    at Object.Module._extensions..js (module.js:671:10)\n    at Module.load (module.js:573:32)\n    at tryModuleLoad (module.js:513:12)\n    at Function.Module._load (module.js:505:3)\n    at Module.require (module.js:604:17)","exception":true,"date":"Wed Dec 18 2019 14:51:03 GMT+0530 (India Standard Time)","process":{"pid":27156,"uid":null,"gid":null,"cwd":"C:\\Users\\M1043194\\Desktop\\Node JS Capstone Project\\Capston\\aggregate-service","execPath":"C:\\Program Files\\nodejs\\node.exe","version":"v9.4.0","argv":["C:\\Program Files\\nodejs\\node.exe","C:\\Users\\M1043194\\Desktop\\Node JS Capstone Project\\Capston\\aggregate-service\\bin\\www"],"memoryUsage":{"rss":43077632,"heapTotal":35561472,"heapUsed":16525248,"external":114525}},"os":{"loadavg":[0,0,0],"uptime":233544.9586373},"trace":[{"column":15,"file":"C:\\Users\\M1043194\\Desktop\\Node JS Capstone Project\\Capston\\aggregate-service\\node_modules\\express\\lib\\router\\route.js","function":"Route.(anonymous function) [as get]","line":202,"method":"(anonymous function) [as get]","native":false},{"column":19,"file":"C:\\Users\\M1043194\\Desktop\\Node JS Capstone Project\\Capston\\aggregate-service\\node_modules\\express\\lib\\router\\index.js","function":"Function.proto.(anonymous function) [as get]","line":510,"method":"(anonymous function) [as get]","native":false},{"column":12,"file":"C:\\Users\\M1043194\\Desktop\\Node JS Capstone Project\\Capston\\aggregate-service\\routes\\aggregateRoutes.js","function":"module.exports","line":6,"method":"exports","native":false},{"column":36,"file":"C:\\Users\\M1043194\\Desktop\\Node JS Capstone Project\\Capston\\aggregate-service\\app.js","function":null,"line":9,"method":null,"native":false},{"column":30,"file":"module.js","function":"Module._compile","line":660,"method":"_compile","native":false},{"column":10,"file":"module.js","function":"Module._extensions..js","line":671,"method":".js","native":false},{"column":32,"file":"module.js","function":"Module.load","line":573,"method":"load","native":false},{"column":12,"file":"module.js","function":"tryModuleLoad","line":513,"method":null,"native":false},{"column":3,"file":"module.js","function":"Module._load","line":505,"method":"_load","native":false},{"column":17,"file":"module.js","function":"Module.require","line":604,"method":"require","native":false}],"label":"www","timestamp":"2019-12-18 14:51:03"}
{"error":{},"level":"error","message":"uncaughtException: Route.get() requires a callback function but got a [object Undefined]\nError: Route.get() requires a callback function but got a [object Undefined]\n    at Route.(anonymous function) [as get] (C:\\Users\\M1043194\\Desktop\\Node JS Capstone Project\\Capston\\aggregate-service\\node_modules\\express\\lib\\router\\route.js:202:15)\n    at Function.proto.(anonymous function) [as get] (C:\\Users\\M1043194\\Desktop\\Node JS Capstone Project\\Capston\\aggregate-service\\node_modules\\express\\lib\\router\\index.js:510:19)\n    at module.exports (C:\\Users\\M1043194\\Desktop\\Node JS Capstone Project\\Capston\\aggregate-service\\routes\\aggregateRoutes.js:6:12)\n    at Object.<anonymous> (C:\\Users\\M1043194\\Desktop\\Node JS Capstone Project\\Capston\\aggregate-service\\app.js:9:36)\n    at Module._compile (module.js:660:30)\n    at Object.Module._extensions..js (module.js:671:10)\n    at Module.load (module.js:573:32)\n    at tryModuleLoad (module.js:513:12)\n    at Function.Module._load (module.js:505:3)\n    at Module.require (module.js:604:17)","stack":"Error: Route.get() requires a callback function but got a [object Undefined]\n    at Route.(anonymous function) [as get] (C:\\Users\\M1043194\\Desktop\\Node JS Capstone Project\\Capston\\aggregate-service\\node_modules\\express\\lib\\router\\route.js:202:15)\n    at Function.proto.(anonymous function) [as get] (C:\\Users\\M1043194\\Desktop\\Node JS Capstone Project\\Capston\\aggregate-service\\node_modules\\express\\lib\\router\\index.js:510:19)\n    at module.exports (C:\\Users\\M1043194\\Desktop\\Node JS Capstone Project\\Capston\\aggregate-service\\routes\\aggregateRoutes.js:6:12)\n    at Object.<anonymous> (C:\\Users\\M1043194\\Desktop\\Node JS Capstone Project\\Capston\\aggregate-service\\app.js:9:36)\n    at Module._compile (module.js:660:30)\n    at Object.Module._extensions..js (module.js:671:10)\n    at Module.load (module.js:573:32)\n    at tryModuleLoad (module.js:513:12)\n    at Function.Module._load (module.js:505:3)\n    at Module.require (module.js:604:17)","exception":true,"date":"Wed Dec 18 2019 14:51:03 GMT+0530 (India Standard Time)","process":{"pid":20284,"uid":null,"gid":null,"cwd":"C:\\Users\\M1043194\\Desktop\\Node JS Capstone Project\\Capston\\aggregate-service","execPath":"C:\\Program Files\\nodejs\\node.exe","version":"v9.4.0","argv":["C:\\Program Files\\nodejs\\node.exe","C:\\Users\\M1043194\\Desktop\\Node JS Capstone Project\\Capston\\aggregate-service\\bin\\www"],"memoryUsage":{"rss":42913792,"heapTotal":32940032,"heapUsed":16575728,"external":114525}},"os":{"loadavg":[0,0,0],"uptime":233544.9606319},"trace":[{"column":15,"file":"C:\\Users\\M1043194\\Desktop\\Node JS Capstone Project\\Capston\\aggregate-service\\node_modules\\express\\lib\\router\\route.js","function":"Route.(anonymous function) [as get]","line":202,"method":"(anonymous function) [as get]","native":false},{"column":19,"file":"C:\\Users\\M1043194\\Desktop\\Node JS Capstone Project\\Capston\\aggregate-service\\node_modules\\express\\lib\\router\\index.js","function":"Function.proto.(anonymous function) [as get]","line":510,"method":"(anonymous function) [as get]","native":false},{"column":12,"file":"C:\\Users\\M1043194\\Desktop\\Node JS Capstone Project\\Capston\\aggregate-service\\routes\\aggregateRoutes.js","function":"module.exports","line":6,"method":"exports","native":false},{"column":36,"file":"C:\\Users\\M1043194\\Desktop\\Node JS Capstone Project\\Capston\\aggregate-service\\app.js","function":null,"line":9,"method":null,"native":false},{"column":30,"file":"module.js","function":"Module._compile","line":660,"method":"_compile","native":false},{"column":10,"file":"module.js","function":"Module._extensions..js","line":671,"method":".js","native":false},{"column":32,"file":"module.js","function":"Module.load","line":573,"method":"load","native":false},{"column":12,"file":"module.js","function":"tryModuleLoad","line":513,"method":null,"native":false},{"column":3,"file":"module.js","function":"Module._load","line":505,"method":"_load","native":false},{"column":17,"file":"module.js","function":"Module.require","line":604,"method":"require","native":false}],"label":"www","timestamp":"2019-12-18 14:51:03"}
{"error":{},"level":"error","message":"uncaughtException: Route.get() requires a callback function but got a [object Undefined]\nError: Route.get() requires a callback function but got a [object Undefined]\n    at Route.(anonymous function) [as get] (C:\\Users\\M1043194\\Desktop\\Node JS Capstone Project\\Capston\\aggregate-service\\node_modules\\express\\lib\\router\\route.js:202:15)\n    at Function.proto.(anonymous function) [as get] (C:\\Users\\M1043194\\Desktop\\Node JS Capstone Project\\Capston\\aggregate-service\\node_modules\\express\\lib\\router\\index.js:510:19)\n    at module.exports (C:\\Users\\M1043194\\Desktop\\Node JS Capstone Project\\Capston\\aggregate-service\\routes\\aggregateRoutes.js:6:12)\n    at Object.<anonymous> (C:\\Users\\M1043194\\Desktop\\Node JS Capstone Project\\Capston\\aggregate-service\\app.js:9:36)\n    at Module._compile (module.js:660:30)\n    at Object.Module._extensions..js (module.js:671:10)\n    at Module.load (module.js:573:32)\n    at tryModuleLoad (module.js:513:12)\n    at Function.Module._load (module.js:505:3)\n    at Module.require (module.js:604:17)","stack":"Error: Route.get() requires a callback function but got a [object Undefined]\n    at Route.(anonymous function) [as get] (C:\\Users\\M1043194\\Desktop\\Node JS Capstone Project\\Capston\\aggregate-service\\node_modules\\express\\lib\\router\\route.js:202:15)\n    at Function.proto.(anonymous function) [as get] (C:\\Users\\M1043194\\Desktop\\Node JS Capstone Project\\Capston\\aggregate-service\\node_modules\\express\\lib\\router\\index.js:510:19)\n    at module.exports (C:\\Users\\M1043194\\Desktop\\Node JS Capstone Project\\Capston\\aggregate-service\\routes\\aggregateRoutes.js:6:12)\n    at Object.<anonymous> (C:\\Users\\M1043194\\Desktop\\Node JS Capstone Project\\Capston\\aggregate-service\\app.js:9:36)\n    at Module._compile (module.js:660:30)\n    at Object.Module._extensions..js (module.js:671:10)\n    at Module.load (module.js:573:32)\n    at tryModuleLoad (module.js:513:12)\n    at Function.Module._load (module.js:505:3)\n    at Module.require (module.js:604:17)","exception":true,"date":"Wed Dec 18 2019 14:52:08 GMT+0530 (India Standard Time)","process":{"pid":15244,"uid":null,"gid":null,"cwd":"C:\\Users\\M1043194\\Desktop\\Node JS Capstone Project\\Capston\\aggregate-service","execPath":"C:\\Program Files\\nodejs\\node.exe","version":"v9.4.0","argv":["C:\\Program Files\\nodejs\\node.exe","C:\\Users\\M1043194\\Desktop\\Node JS Capstone Project\\Capston\\aggregate-service\\bin\\www"],"memoryUsage":{"rss":43028480,"heapTotal":33988608,"heapUsed":16490160,"external":114525}},"os":{"loadavg":[0,0,0],"uptime":233609.9568763},"trace":[{"column":15,"file":"C:\\Users\\M1043194\\Desktop\\Node JS Capstone Project\\Capston\\aggregate-service\\node_modules\\express\\lib\\router\\route.js","function":"Route.(anonymous function) [as get]","line":202,"method":"(anonymous function) [as get]","native":false},{"column":19,"file":"C:\\Users\\M1043194\\Desktop\\Node JS Capstone Project\\Capston\\aggregate-service\\node_modules\\express\\lib\\router\\index.js","function":"Function.proto.(anonymous function) [as get]","line":510,"method":"(anonymous function) [as get]","native":false},{"column":12,"file":"C:\\Users\\M1043194\\Desktop\\Node JS Capstone Project\\Capston\\aggregate-service\\routes\\aggregateRoutes.js","function":"module.exports","line":6,"method":"exports","native":false},{"column":36,"file":"C:\\Users\\M1043194\\Desktop\\Node JS Capstone Project\\Capston\\aggregate-service\\app.js","function":null,"line":9,"method":null,"native":false},{"column":30,"file":"module.js","function":"Module._compile","line":660,"method":"_compile","native":false},{"column":10,"file":"module.js","function":"Module._extensions..js","line":671,"method":".js","native":false},{"column":32,"file":"module.js","function":"Module.load","line":573,"method":"load","native":false},{"column":12,"file":"module.js","function":"tryModuleLoad","line":513,"method":null,"native":false},{"column":3,"file":"module.js","function":"Module._load","line":505,"method":"_load","native":false},{"column":17,"file":"module.js","function":"Module.require","line":604,"method":"require","native":false}],"label":"www","timestamp":"2019-12-18 14:52:08"}
{"error":{},"level":"error","message":"uncaughtException: Route.get() requires a callback function but got a [object Undefined]\nError: Route.get() requires a callback function but got a [object Undefined]\n    at Route.(anonymous function) [as get] (C:\\Users\\M1043194\\Desktop\\Node JS Capstone Project\\Capston\\aggregate-service\\node_modules\\express\\lib\\router\\route.js:202:15)\n    at Function.proto.(anonymous function) [as get] (C:\\Users\\M1043194\\Desktop\\Node JS Capstone Project\\Capston\\aggregate-service\\node_modules\\express\\lib\\router\\index.js:510:19)\n    at module.exports (C:\\Users\\M1043194\\Desktop\\Node JS Capstone Project\\Capston\\aggregate-service\\routes\\aggregateRoutes.js:6:12)\n    at Object.<anonymous> (C:\\Users\\M1043194\\Desktop\\Node JS Capstone Project\\Capston\\aggregate-service\\app.js:9:36)\n    at Module._compile (module.js:660:30)\n    at Object.Module._extensions..js (module.js:671:10)\n    at Module.load (module.js:573:32)\n    at tryModuleLoad (module.js:513:12)\n    at Function.Module._load (module.js:505:3)\n    at Module.require (module.js:604:17)","stack":"Error: Route.get() requires a callback function but got a [object Undefined]\n    at Route.(anonymous function) [as get] (C:\\Users\\M1043194\\Desktop\\Node JS Capstone Project\\Capston\\aggregate-service\\node_modules\\express\\lib\\router\\route.js:202:15)\n    at Function.proto.(anonymous function) [as get] (C:\\Users\\M1043194\\Desktop\\Node JS Capstone Project\\Capston\\aggregate-service\\node_modules\\express\\lib\\router\\index.js:510:19)\n    at module.exports (C:\\Users\\M1043194\\Desktop\\Node JS Capstone Project\\Capston\\aggregate-service\\routes\\aggregateRoutes.js:6:12)\n    at Object.<anonymous> (C:\\Users\\M1043194\\Desktop\\Node JS Capstone Project\\Capston\\aggregate-service\\app.js:9:36)\n    at Module._compile (module.js:660:30)\n    at Object.Module._extensions..js (module.js:671:10)\n    at Module.load (module.js:573:32)\n    at tryModuleLoad (module.js:513:12)\n    at Function.Module._load (module.js:505:3)\n    at Module.require (module.js:604:17)","exception":true,"date":"Wed Dec 18 2019 14:52:08 GMT+0530 (India Standard Time)","process":{"pid":28496,"uid":null,"gid":null,"cwd":"C:\\Users\\M1043194\\Desktop\\Node JS Capstone Project\\Capston\\aggregate-service","execPath":"C:\\Program Files\\nodejs\\node.exe","version":"v9.4.0","argv":["C:\\Program Files\\nodejs\\node.exe","C:\\Users\\M1043194\\Desktop\\Node JS Capstone Project\\Capston\\aggregate-service\\bin\\www"],"memoryUsage":{"rss":43016192,"heapTotal":33464320,"heapUsed":16399184,"external":101912}},"os":{"loadavg":[0,0,0],"uptime":233610.0845356},"trace":[{"column":15,"file":"C:\\Users\\M1043194\\Desktop\\Node JS Capstone Project\\Capston\\aggregate-service\\node_modules\\express\\lib\\router\\route.js","function":"Route.(anonymous function) [as get]","line":202,"method":"(anonymous function) [as get]","native":false},{"column":19,"file":"C:\\Users\\M1043194\\Desktop\\Node JS Capstone Project\\Capston\\aggregate-service\\node_modules\\express\\lib\\router\\index.js","function":"Function.proto.(anonymous function) [as get]","line":510,"method":"(anonymous function) [as get]","native":false},{"column":12,"file":"C:\\Users\\M1043194\\Desktop\\Node JS Capstone Project\\Capston\\aggregate-service\\routes\\aggregateRoutes.js","function":"module.exports","line":6,"method":"exports","native":false},{"column":36,"file":"C:\\Users\\M1043194\\Desktop\\Node JS Capstone Project\\Capston\\aggregate-service\\app.js","function":null,"line":9,"method":null,"native":false},{"column":30,"file":"module.js","function":"Module._compile","line":660,"method":"_compile","native":false},{"column":10,"file":"module.js","function":"Module._extensions..js","line":671,"method":".js","native":false},{"column":32,"file":"module.js","function":"Module.load","line":573,"method":"load","native":false},{"column":12,"file":"module.js","function":"tryModuleLoad","line":513,"method":null,"native":false},{"column":3,"file":"module.js","function":"Module._load","line":505,"method":"_load","native":false},{"column":17,"file":"module.js","function":"Module.require","line":604,"method":"require","native":false}],"label":"www","timestamp":"2019-12-18 14:52:08"}
{"error":{},"level":"error","message":"uncaughtException: Route.get() requires a callback function but got a [object Undefined]\nError: Route.get() requires a callback function but got a [object Undefined]\n    at Route.(anonymous function) [as get] (C:\\Users\\M1043194\\Desktop\\Node JS Capstone Project\\Capston\\aggregate-service\\node_modules\\express\\lib\\router\\route.js:202:15)\n    at Function.proto.(anonymous function) [as get] (C:\\Users\\M1043194\\Desktop\\Node JS Capstone Project\\Capston\\aggregate-service\\node_modules\\express\\lib\\router\\index.js:510:19)\n    at module.exports (C:\\Users\\M1043194\\Desktop\\Node JS Capstone Project\\Capston\\aggregate-service\\routes\\aggregateRoutes.js:6:12)\n    at Object.<anonymous> (C:\\Users\\M1043194\\Desktop\\Node JS Capstone Project\\Capston\\aggregate-service\\app.js:9:36)\n    at Module._compile (module.js:660:30)\n    at Object.Module._extensions..js (module.js:671:10)\n    at Module.load (module.js:573:32)\n    at tryModuleLoad (module.js:513:12)\n    at Function.Module._load (module.js:505:3)\n    at Module.require (module.js:604:17)","stack":"Error: Route.get() requires a callback function but got a [object Undefined]\n    at Route.(anonymous function) [as get] (C:\\Users\\M1043194\\Desktop\\Node JS Capstone Project\\Capston\\aggregate-service\\node_modules\\express\\lib\\router\\route.js:202:15)\n    at Function.proto.(anonymous function) [as get] (C:\\Users\\M1043194\\Desktop\\Node JS Capstone Project\\Capston\\aggregate-service\\node_modules\\express\\lib\\router\\index.js:510:19)\n    at module.exports (C:\\Users\\M1043194\\Desktop\\Node JS Capstone Project\\Capston\\aggregate-service\\routes\\aggregateRoutes.js:6:12)\n    at Object.<anonymous> (C:\\Users\\M1043194\\Desktop\\Node JS Capstone Project\\Capston\\aggregate-service\\app.js:9:36)\n    at Module._compile (module.js:660:30)\n    at Object.Module._extensions..js (module.js:671:10)\n    at Module.load (module.js:573:32)\n    at tryModuleLoad (module.js:513:12)\n    at Function.Module._load (module.js:505:3)\n    at Module.require (module.js:604:17)","exception":true,"date":"Wed Dec 18 2019 14:52:15 GMT+0530 (India Standard Time)","process":{"pid":25876,"uid":null,"gid":null,"cwd":"C:\\Users\\M1043194\\Desktop\\Node JS Capstone Project\\Capston\\aggregate-service","execPath":"C:\\Program Files\\nodejs\\node.exe","version":"v9.4.0","argv":["C:\\Program Files\\nodejs\\node.exe","C:\\Users\\M1043194\\Desktop\\Node JS Capstone Project\\Capston\\aggregate-service\\bin\\www"],"memoryUsage":{"rss":43065344,"heapTotal":33988608,"heapUsed":16375480,"external":101912}},"os":{"loadavg":[0,0,0],"uptime":233616.8264635},"trace":[{"column":15,"file":"C:\\Users\\M1043194\\Desktop\\Node JS Capstone Project\\Capston\\aggregate-service\\node_modules\\express\\lib\\router\\route.js","function":"Route.(anonymous function) [as get]","line":202,"method":"(anonymous function) [as get]","native":false},{"column":19,"file":"C:\\Users\\M1043194\\Desktop\\Node JS Capstone Project\\Capston\\aggregate-service\\node_modules\\express\\lib\\router\\index.js","function":"Function.proto.(anonymous function) [as get]","line":510,"method":"(anonymous function) [as get]","native":false},{"column":12,"file":"C:\\Users\\M1043194\\Desktop\\Node JS Capstone Project\\Capston\\aggregate-service\\routes\\aggregateRoutes.js","function":"module.exports","line":6,"method":"exports","native":false},{"column":36,"file":"C:\\Users\\M1043194\\Desktop\\Node JS Capstone Project\\Capston\\aggregate-service\\app.js","function":null,"line":9,"method":null,"native":false},{"column":30,"file":"module.js","function":"Module._compile","line":660,"method":"_compile","native":false},{"column":10,"file":"module.js","function":"Module._extensions..js","line":671,"method":".js","native":false},{"column":32,"file":"module.js","function":"Module.load","line":573,"method":"load","native":false},{"column":12,"file":"module.js","function":"tryModuleLoad","line":513,"method":null,"native":false},{"column":3,"file":"module.js","function":"Module._load","line":505,"method":"_load","native":false},{"column":17,"file":"module.js","function":"Module.require","line":604,"method":"require","native":false}],"label":"www","timestamp":"2019-12-18 14:52:15"}
{"error":{},"level":"error","message":"uncaughtException: Route.get() requires a callback function but got a [object Undefined]\nError: Route.get() requires a callback function but got a [object Undefined]\n    at Route.(anonymous function) [as get] (C:\\Users\\M1043194\\Desktop\\Node JS Capstone Project\\Capston\\aggregate-service\\node_modules\\express\\lib\\router\\route.js:202:15)\n    at Function.proto.(anonymous function) [as get] (C:\\Users\\M1043194\\Desktop\\Node JS Capstone Project\\Capston\\aggregate-service\\node_modules\\express\\lib\\router\\index.js:510:19)\n    at module.exports (C:\\Users\\M1043194\\Desktop\\Node JS Capstone Project\\Capston\\aggregate-service\\routes\\aggregateRoutes.js:6:12)\n    at Object.<anonymous> (C:\\Users\\M1043194\\Desktop\\Node JS Capstone Project\\Capston\\aggregate-service\\app.js:9:36)\n    at Module._compile (module.js:660:30)\n    at Object.Module._extensions..js (module.js:671:10)\n    at Module.load (module.js:573:32)\n    at tryModuleLoad (module.js:513:12)\n    at Function.Module._load (module.js:505:3)\n    at Module.require (module.js:604:17)","stack":"Error: Route.get() requires a callback function but got a [object Undefined]\n    at Route.(anonymous function) [as get] (C:\\Users\\M1043194\\Desktop\\Node JS Capstone Project\\Capston\\aggregate-service\\node_modules\\express\\lib\\router\\route.js:202:15)\n    at Function.proto.(anonymous function) [as get] (C:\\Users\\M1043194\\Desktop\\Node JS Capstone Project\\Capston\\aggregate-service\\node_modules\\express\\lib\\router\\index.js:510:19)\n    at module.exports (C:\\Users\\M1043194\\Desktop\\Node JS Capstone Project\\Capston\\aggregate-service\\routes\\aggregateRoutes.js:6:12)\n    at Object.<anonymous> (C:\\Users\\M1043194\\Desktop\\Node JS Capstone Project\\Capston\\aggregate-service\\app.js:9:36)\n    at Module._compile (module.js:660:30)\n    at Object.Module._extensions..js (module.js:671:10)\n    at Module.load (module.js:573:32)\n    at tryModuleLoad (module.js:513:12)\n    at Function.Module._load (module.js:505:3)\n    at Module.require (module.js:604:17)","exception":true,"date":"Wed Dec 18 2019 14:52:15 GMT+0530 (India Standard Time)","process":{"pid":28316,"uid":null,"gid":null,"cwd":"C:\\Users\\M1043194\\Desktop\\Node JS Capstone Project\\Capston\\aggregate-service","execPath":"C:\\Program Files\\nodejs\\node.exe","version":"v9.4.0","argv":["C:\\Program Files\\nodejs\\node.exe","C:\\Users\\M1043194\\Desktop\\Node JS Capstone Project\\Capston\\aggregate-service\\bin\\www"],"memoryUsage":{"rss":43151360,"heapTotal":34512896,"heapUsed":16525536,"external":114525}},"os":{"loadavg":[0,0,0],"uptime":233616.8334453},"trace":[{"column":15,"file":"C:\\Users\\M1043194\\Desktop\\Node JS Capstone Project\\Capston\\aggregate-service\\node_modules\\express\\lib\\router\\route.js","function":"Route.(anonymous function) [as get]","line":202,"method":"(anonymous function) [as get]","native":false},{"column":19,"file":"C:\\Users\\M1043194\\Desktop\\Node JS Capstone Project\\Capston\\aggregate-service\\node_modules\\express\\lib\\router\\index.js","function":"Function.proto.(anonymous function) [as get]","line":510,"method":"(anonymous function) [as get]","native":false},{"column":12,"file":"C:\\Users\\M1043194\\Desktop\\Node JS Capstone Project\\Capston\\aggregate-service\\routes\\aggregateRoutes.js","function":"module.exports","line":6,"method":"exports","native":false},{"column":36,"file":"C:\\Users\\M1043194\\Desktop\\Node JS Capstone Project\\Capston\\aggregate-service\\app.js","function":null,"line":9,"method":null,"native":false},{"column":30,"file":"module.js","function":"Module._compile","line":660,"method":"_compile","native":false},{"column":10,"file":"module.js","function":"Module._extensions..js","line":671,"method":".js","native":false},{"column":32,"file":"module.js","function":"Module.load","line":573,"method":"load","native":false},{"column":12,"file":"module.js","function":"tryModuleLoad","line":513,"method":null,"native":false},{"column":3,"file":"module.js","function":"Module._load","line":505,"method":"_load","native":false},{"column":17,"file":"module.js","function":"Module.require","line":604,"method":"require","native":false}],"label":"www","timestamp":"2019-12-18 14:52:15"}
{"error":{},"level":"error","message":"uncaughtException: Route.get() requires a callback function but got a [object Undefined]\nError: Route.get() requires a callback function but got a [object Undefined]\n    at Route.(anonymous function) [as get] (C:\\Users\\M1043194\\Desktop\\Node JS Capstone Project\\Capston\\aggregate-service\\node_modules\\express\\lib\\router\\route.js:202:15)\n    at Function.proto.(anonymous function) [as get] (C:\\Users\\M1043194\\Desktop\\Node JS Capstone Project\\Capston\\aggregate-service\\node_modules\\express\\lib\\router\\index.js:510:19)\n    at module.exports (C:\\Users\\M1043194\\Desktop\\Node JS Capstone Project\\Capston\\aggregate-service\\routes\\aggregateRoutes.js:6:12)\n    at Object.<anonymous> (C:\\Users\\M1043194\\Desktop\\Node JS Capstone Project\\Capston\\aggregate-service\\app.js:9:36)\n    at Module._compile (module.js:660:30)\n    at Object.Module._extensions..js (module.js:671:10)\n    at Module.load (module.js:573:32)\n    at tryModuleLoad (module.js:513:12)\n    at Function.Module._load (module.js:505:3)\n    at Module.require (module.js:604:17)","stack":"Error: Route.get() requires a callback function but got a [object Undefined]\n    at Route.(anonymous function) [as get] (C:\\Users\\M1043194\\Desktop\\Node JS Capstone Project\\Capston\\aggregate-service\\node_modules\\express\\lib\\router\\route.js:202:15)\n    at Function.proto.(anonymous function) [as get] (C:\\Users\\M1043194\\Desktop\\Node JS Capstone Project\\Capston\\aggregate-service\\node_modules\\express\\lib\\router\\index.js:510:19)\n    at module.exports (C:\\Users\\M1043194\\Desktop\\Node JS Capstone Project\\Capston\\aggregate-service\\routes\\aggregateRoutes.js:6:12)\n    at Object.<anonymous> (C:\\Users\\M1043194\\Desktop\\Node JS Capstone Project\\Capston\\aggregate-service\\app.js:9:36)\n    at Module._compile (module.js:660:30)\n    at Object.Module._extensions..js (module.js:671:10)\n    at Module.load (module.js:573:32)\n    at tryModuleLoad (module.js:513:12)\n    at Function.Module._load (module.js:505:3)\n    at Module.require (module.js:604:17)","exception":true,"date":"Wed Dec 18 2019 14:52:19 GMT+0530 (India Standard Time)","process":{"pid":12640,"uid":null,"gid":null,"cwd":"C:\\Users\\M1043194\\Desktop\\Node JS Capstone Project\\Capston\\aggregate-service","execPath":"C:\\Program Files\\nodejs\\node.exe","version":"v9.4.0","argv":["C:\\Program Files\\nodejs\\node.exe","C:\\Users\\M1043194\\Desktop\\Node JS Capstone Project\\Capston\\aggregate-service\\bin\\www"],"memoryUsage":{"rss":43106304,"heapTotal":32940032,"heapUsed":16399768,"external":101912}},"os":{"loadavg":[0,0,0],"uptime":233620.6779833},"trace":[{"column":15,"file":"C:\\Users\\M1043194\\Desktop\\Node JS Capstone Project\\Capston\\aggregate-service\\node_modules\\express\\lib\\router\\route.js","function":"Route.(anonymous function) [as get]","line":202,"method":"(anonymous function) [as get]","native":false},{"column":19,"file":"C:\\Users\\M1043194\\Desktop\\Node JS Capstone Project\\Capston\\aggregate-service\\node_modules\\express\\lib\\router\\index.js","function":"Function.proto.(anonymous function) [as get]","line":510,"method":"(anonymous function) [as get]","native":false},{"column":12,"file":"C:\\Users\\M1043194\\Desktop\\Node JS Capstone Project\\Capston\\aggregate-service\\routes\\aggregateRoutes.js","function":"module.exports","line":6,"method":"exports","native":false},{"column":36,"file":"C:\\Users\\M1043194\\Desktop\\Node JS Capstone Project\\Capston\\aggregate-service\\app.js","function":null,"line":9,"method":null,"native":false},{"column":30,"file":"module.js","function":"Module._compile","line":660,"method":"_compile","native":false},{"column":10,"file":"module.js","function":"Module._extensions..js","line":671,"method":".js","native":false},{"column":32,"file":"module.js","function":"Module.load","line":573,"method":"load","native":false},{"column":12,"file":"module.js","function":"tryModuleLoad","line":513,"method":null,"native":false},{"column":3,"file":"module.js","function":"Module._load","line":505,"method":"_load","native":false},{"column":17,"file":"module.js","function":"Module.require","line":604,"method":"require","native":false}],"label":"www","timestamp":"2019-12-18 14:52:19"}
{"error":{},"level":"error","message":"uncaughtException: Route.get() requires a callback function but got a [object Undefined]\nError: Route.get() requires a callback function but got a [object Undefined]\n    at Route.(anonymous function) [as get] (C:\\Users\\M1043194\\Desktop\\Node JS Capstone Project\\Capston\\aggregate-service\\node_modules\\express\\lib\\router\\route.js:202:15)\n    at Function.proto.(anonymous function) [as get] (C:\\Users\\M1043194\\Desktop\\Node JS Capstone Project\\Capston\\aggregate-service\\node_modules\\express\\lib\\router\\index.js:510:19)\n    at module.exports (C:\\Users\\M1043194\\Desktop\\Node JS Capstone Project\\Capston\\aggregate-service\\routes\\aggregateRoutes.js:6:12)\n    at Object.<anonymous> (C:\\Users\\M1043194\\Desktop\\Node JS Capstone Project\\Capston\\aggregate-service\\app.js:9:36)\n    at Module._compile (module.js:660:30)\n    at Object.Module._extensions..js (module.js:671:10)\n    at Module.load (module.js:573:32)\n    at tryModuleLoad (module.js:513:12)\n    at Function.Module._load (module.js:505:3)\n    at Module.require (module.js:604:17)","stack":"Error: Route.get() requires a callback function but got a [object Undefined]\n    at Route.(anonymous function) [as get] (C:\\Users\\M1043194\\Desktop\\Node JS Capstone Project\\Capston\\aggregate-service\\node_modules\\express\\lib\\router\\route.js:202:15)\n    at Function.proto.(anonymous function) [as get] (C:\\Users\\M1043194\\Desktop\\Node JS Capstone Project\\Capston\\aggregate-service\\node_modules\\express\\lib\\router\\index.js:510:19)\n    at module.exports (C:\\Users\\M1043194\\Desktop\\Node JS Capstone Project\\Capston\\aggregate-service\\routes\\aggregateRoutes.js:6:12)\n    at Object.<anonymous> (C:\\Users\\M1043194\\Desktop\\Node JS Capstone Project\\Capston\\aggregate-service\\app.js:9:36)\n    at Module._compile (module.js:660:30)\n    at Object.Module._extensions..js (module.js:671:10)\n    at Module.load (module.js:573:32)\n    at tryModuleLoad (module.js:513:12)\n    at Function.Module._load (module.js:505:3)\n    at Module.require (module.js:604:17)","exception":true,"date":"Wed Dec 18 2019 14:52:19 GMT+0530 (India Standard Time)","process":{"pid":8704,"uid":null,"gid":null,"cwd":"C:\\Users\\M1043194\\Desktop\\Node JS Capstone Project\\Capston\\aggregate-service","execPath":"C:\\Program Files\\nodejs\\node.exe","version":"v9.4.0","argv":["C:\\Program Files\\nodejs\\node.exe","C:\\Users\\M1043194\\Desktop\\Node JS Capstone Project\\Capston\\aggregate-service\\bin\\www"],"memoryUsage":{"rss":43163648,"heapTotal":35037184,"heapUsed":16471144,"external":110104}},"os":{"loadavg":[0,0,0],"uptime":233620.9323059},"trace":[{"column":15,"file":"C:\\Users\\M1043194\\Desktop\\Node JS Capstone Project\\Capston\\aggregate-service\\node_modules\\express\\lib\\router\\route.js","function":"Route.(anonymous function) [as get]","line":202,"method":"(anonymous function) [as get]","native":false},{"column":19,"file":"C:\\Users\\M1043194\\Desktop\\Node JS Capstone Project\\Capston\\aggregate-service\\node_modules\\express\\lib\\router\\index.js","function":"Function.proto.(anonymous function) [as get]","line":510,"method":"(anonymous function) [as get]","native":false},{"column":12,"file":"C:\\Users\\M1043194\\Desktop\\Node JS Capstone Project\\Capston\\aggregate-service\\routes\\aggregateRoutes.js","function":"module.exports","line":6,"method":"exports","native":false},{"column":36,"file":"C:\\Users\\M1043194\\Desktop\\Node JS Capstone Project\\Capston\\aggregate-service\\app.js","function":null,"line":9,"method":null,"native":false},{"column":30,"file":"module.js","function":"Module._compile","line":660,"method":"_compile","native":false},{"column":10,"file":"module.js","function":"Module._extensions..js","line":671,"method":".js","native":false},{"column":32,"file":"module.js","function":"Module.load","line":573,"method":"load","native":false},{"column":12,"file":"module.js","function":"tryModuleLoad","line":513,"method":null,"native":false},{"column":3,"file":"module.js","function":"Module._load","line":505,"method":"_load","native":false},{"column":17,"file":"module.js","function":"Module.require","line":604,"method":"require","native":false}],"label":"www","timestamp":"2019-12-18 14:52:19"}
{"error":{},"level":"error","message":"uncaughtException: Route.get() requires a callback function but got a [object Undefined]\nError: Route.get() requires a callback function but got a [object Undefined]\n    at Route.(anonymous function) [as get] (C:\\Users\\M1043194\\Desktop\\Node JS Capstone Project\\Capston\\aggregate-service\\node_modules\\express\\lib\\router\\route.js:202:15)\n    at Function.proto.(anonymous function) [as get] (C:\\Users\\M1043194\\Desktop\\Node JS Capstone Project\\Capston\\aggregate-service\\node_modules\\express\\lib\\router\\index.js:510:19)\n    at module.exports (C:\\Users\\M1043194\\Desktop\\Node JS Capstone Project\\Capston\\aggregate-service\\routes\\aggregateRoutes.js:6:12)\n    at Object.<anonymous> (C:\\Users\\M1043194\\Desktop\\Node JS Capstone Project\\Capston\\aggregate-service\\app.js:9:36)\n    at Module._compile (module.js:660:30)\n    at Object.Module._extensions..js (module.js:671:10)\n    at Module.load (module.js:573:32)\n    at tryModuleLoad (module.js:513:12)\n    at Function.Module._load (module.js:505:3)\n    at Module.require (module.js:604:17)","stack":"Error: Route.get() requires a callback function but got a [object Undefined]\n    at Route.(anonymous function) [as get] (C:\\Users\\M1043194\\Desktop\\Node JS Capstone Project\\Capston\\aggregate-service\\node_modules\\express\\lib\\router\\route.js:202:15)\n    at Function.proto.(anonymous function) [as get] (C:\\Users\\M1043194\\Desktop\\Node JS Capstone Project\\Capston\\aggregate-service\\node_modules\\express\\lib\\router\\index.js:510:19)\n    at module.exports (C:\\Users\\M1043194\\Desktop\\Node JS Capstone Project\\Capston\\aggregate-service\\routes\\aggregateRoutes.js:6:12)\n    at Object.<anonymous> (C:\\Users\\M1043194\\Desktop\\Node JS Capstone Project\\Capston\\aggregate-service\\app.js:9:36)\n    at Module._compile (module.js:660:30)\n    at Object.Module._extensions..js (module.js:671:10)\n    at Module.load (module.js:573:32)\n    at tryModuleLoad (module.js:513:12)\n    at Function.Module._load (module.js:505:3)\n    at Module.require (module.js:604:17)","exception":true,"date":"Wed Dec 18 2019 14:52:47 GMT+0530 (India Standard Time)","process":{"pid":1940,"uid":null,"gid":null,"cwd":"C:\\Users\\M1043194\\Desktop\\Node JS Capstone Project\\Capston\\aggregate-service","execPath":"C:\\Program Files\\nodejs\\node.exe","version":"v9.4.0","argv":["C:\\Program Files\\nodejs\\node.exe","C:\\Users\\M1043194\\Desktop\\Node JS Capstone Project\\Capston\\aggregate-service\\bin\\www"],"memoryUsage":{"rss":42917888,"heapTotal":33988608,"heapUsed":16338568,"external":92225}},"os":{"loadavg":[0,0,0],"uptime":233649.5002935},"trace":[{"column":15,"file":"C:\\Users\\M1043194\\Desktop\\Node JS Capstone Project\\Capston\\aggregate-service\\node_modules\\express\\lib\\router\\route.js","function":"Route.(anonymous function) [as get]","line":202,"method":"(anonymous function) [as get]","native":false},{"column":19,"file":"C:\\Users\\M1043194\\Desktop\\Node JS Capstone Project\\Capston\\aggregate-service\\node_modules\\express\\lib\\router\\index.js","function":"Function.proto.(anonymous function) [as get]","line":510,"method":"(anonymous function) [as get]","native":false},{"column":12,"file":"C:\\Users\\M1043194\\Desktop\\Node JS Capstone Project\\Capston\\aggregate-service\\routes\\aggregateRoutes.js","function":"module.exports","line":6,"method":"exports","native":false},{"column":36,"file":"C:\\Users\\M1043194\\Desktop\\Node JS Capstone Project\\Capston\\aggregate-service\\app.js","function":null,"line":9,"method":null,"native":false},{"column":30,"file":"module.js","function":"Module._compile","line":660,"method":"_compile","native":false},{"column":10,"file":"module.js","function":"Module._extensions..js","line":671,"method":".js","native":false},{"column":32,"file":"module.js","function":"Module.load","line":573,"method":"load","native":false},{"column":12,"file":"module.js","function":"tryModuleLoad","line":513,"method":null,"native":false},{"column":3,"file":"module.js","function":"Module._load","line":505,"method":"_load","native":false},{"column":17,"file":"module.js","function":"Module.require","line":604,"method":"require","native":false}],"label":"www","timestamp":"2019-12-18 14:52:47"}
{"error":{},"level":"error","message":"uncaughtException: Route.get() requires a callback function but got a [object Undefined]\nError: Route.get() requires a callback function but got a [object Undefined]\n    at Route.(anonymous function) [as get] (C:\\Users\\M1043194\\Desktop\\Node JS Capstone Project\\Capston\\aggregate-service\\node_modules\\express\\lib\\router\\route.js:202:15)\n    at Function.proto.(anonymous function) [as get] (C:\\Users\\M1043194\\Desktop\\Node JS Capstone Project\\Capston\\aggregate-service\\node_modules\\express\\lib\\router\\index.js:510:19)\n    at module.exports (C:\\Users\\M1043194\\Desktop\\Node JS Capstone Project\\Capston\\aggregate-service\\routes\\aggregateRoutes.js:6:12)\n    at Object.<anonymous> (C:\\Users\\M1043194\\Desktop\\Node JS Capstone Project\\Capston\\aggregate-service\\app.js:9:36)\n    at Module._compile (module.js:660:30)\n    at Object.Module._extensions..js (module.js:671:10)\n    at Module.load (module.js:573:32)\n    at tryModuleLoad (module.js:513:12)\n    at Function.Module._load (module.js:505:3)\n    at Module.require (module.js:604:17)","stack":"Error: Route.get() requires a callback function but got a [object Undefined]\n    at Route.(anonymous function) [as get] (C:\\Users\\M1043194\\Desktop\\Node JS Capstone Project\\Capston\\aggregate-service\\node_modules\\express\\lib\\router\\route.js:202:15)\n    at Function.proto.(anonymous function) [as get] (C:\\Users\\M1043194\\Desktop\\Node JS Capstone Project\\Capston\\aggregate-service\\node_modules\\express\\lib\\router\\index.js:510:19)\n    at module.exports (C:\\Users\\M1043194\\Desktop\\Node JS Capstone Project\\Capston\\aggregate-service\\routes\\aggregateRoutes.js:6:12)\n    at Object.<anonymous> (C:\\Users\\M1043194\\Desktop\\Node JS Capstone Project\\Capston\\aggregate-service\\app.js:9:36)\n    at Module._compile (module.js:660:30)\n    at Object.Module._extensions..js (module.js:671:10)\n    at Module.load (module.js:573:32)\n    at tryModuleLoad (module.js:513:12)\n    at Function.Module._load (module.js:505:3)\n    at Module.require (module.js:604:17)","exception":true,"date":"Wed Dec 18 2019 14:52:47 GMT+0530 (India Standard Time)","process":{"pid":24740,"uid":null,"gid":null,"cwd":"C:\\Users\\M1043194\\Desktop\\Node JS Capstone Project\\Capston\\aggregate-service","execPath":"C:\\Program Files\\nodejs\\node.exe","version":"v9.4.0","argv":["C:\\Program Files\\nodejs\\node.exe","C:\\Users\\M1043194\\Desktop\\Node JS Capstone Project\\Capston\\aggregate-service\\bin\\www"],"memoryUsage":{"rss":43134976,"heapTotal":35561472,"heapUsed":16290192,"external":92225}},"os":{"loadavg":[0,0,0],"uptime":233649.5022891},"trace":[{"column":15,"file":"C:\\Users\\M1043194\\Desktop\\Node JS Capstone Project\\Capston\\aggregate-service\\node_modules\\express\\lib\\router\\route.js","function":"Route.(anonymous function) [as get]","line":202,"method":"(anonymous function) [as get]","native":false},{"column":19,"file":"C:\\Users\\M1043194\\Desktop\\Node JS Capstone Project\\Capston\\aggregate-service\\node_modules\\express\\lib\\router\\index.js","function":"Function.proto.(anonymous function) [as get]","line":510,"method":"(anonymous function) [as get]","native":false},{"column":12,"file":"C:\\Users\\M1043194\\Desktop\\Node JS Capstone Project\\Capston\\aggregate-service\\routes\\aggregateRoutes.js","function":"module.exports","line":6,"method":"exports","native":false},{"column":36,"file":"C:\\Users\\M1043194\\Desktop\\Node JS Capstone Project\\Capston\\aggregate-service\\app.js","function":null,"line":9,"method":null,"native":false},{"column":30,"file":"module.js","function":"Module._compile","line":660,"method":"_compile","native":false},{"column":10,"file":"module.js","function":"Module._extensions..js","line":671,"method":".js","native":false},{"column":32,"file":"module.js","function":"Module.load","line":573,"method":"load","native":false},{"column":12,"file":"module.js","function":"tryModuleLoad","line":513,"method":null,"native":false},{"column":3,"file":"module.js","function":"Module._load","line":505,"method":"_load","native":false},{"column":17,"file":"module.js","function":"Module.require","line":604,"method":"require","native":false}],"label":"www","timestamp":"2019-12-18 14:52:48"}
{"error":{},"level":"error","message":"uncaughtException: Route.get() requires a callback function but got a [object Undefined]\nError: Route.get() requires a callback function but got a [object Undefined]\n    at Route.(anonymous function) [as get] (C:\\Users\\M1043194\\Desktop\\Node JS Capstone Project\\Capston\\aggregate-service\\node_modules\\express\\lib\\router\\route.js:202:15)\n    at Function.proto.(anonymous function) [as get] (C:\\Users\\M1043194\\Desktop\\Node JS Capstone Project\\Capston\\aggregate-service\\node_modules\\express\\lib\\router\\index.js:510:19)\n    at module.exports (C:\\Users\\M1043194\\Desktop\\Node JS Capstone Project\\Capston\\aggregate-service\\routes\\aggregateRoutes.js:6:12)\n    at Object.<anonymous> (C:\\Users\\M1043194\\Desktop\\Node JS Capstone Project\\Capston\\aggregate-service\\app.js:9:36)\n    at Module._compile (module.js:660:30)\n    at Object.Module._extensions..js (module.js:671:10)\n    at Module.load (module.js:573:32)\n    at tryModuleLoad (module.js:513:12)\n    at Function.Module._load (module.js:505:3)\n    at Module.require (module.js:604:17)","stack":"Error: Route.get() requires a callback function but got a [object Undefined]\n    at Route.(anonymous function) [as get] (C:\\Users\\M1043194\\Desktop\\Node JS Capstone Project\\Capston\\aggregate-service\\node_modules\\express\\lib\\router\\route.js:202:15)\n    at Function.proto.(anonymous function) [as get] (C:\\Users\\M1043194\\Desktop\\Node JS Capstone Project\\Capston\\aggregate-service\\node_modules\\express\\lib\\router\\index.js:510:19)\n    at module.exports (C:\\Users\\M1043194\\Desktop\\Node JS Capstone Project\\Capston\\aggregate-service\\routes\\aggregateRoutes.js:6:12)\n    at Object.<anonymous> (C:\\Users\\M1043194\\Desktop\\Node JS Capstone Project\\Capston\\aggregate-service\\app.js:9:36)\n    at Module._compile (module.js:660:30)\n    at Object.Module._extensions..js (module.js:671:10)\n    at Module.load (module.js:573:32)\n    at tryModuleLoad (module.js:513:12)\n    at Function.Module._load (module.js:505:3)\n    at Module.require (module.js:604:17)","exception":true,"date":"Wed Dec 18 2019 14:52:53 GMT+0530 (India Standard Time)","process":{"pid":124,"uid":null,"gid":null,"cwd":"C:\\Users\\M1043194\\Desktop\\Node JS Capstone Project\\Capston\\aggregate-service","execPath":"C:\\Program Files\\nodejs\\node.exe","version":"v9.4.0","argv":["C:\\Program Files\\nodejs\\node.exe","C:\\Users\\M1043194\\Desktop\\Node JS Capstone Project\\Capston\\aggregate-service\\bin\\www"],"memoryUsage":{"rss":43020288,"heapTotal":35037184,"heapUsed":16508888,"external":114525}},"os":{"loadavg":[0,0,0],"uptime":233655.4812039},"trace":[{"column":15,"file":"C:\\Users\\M1043194\\Desktop\\Node JS Capstone Project\\Capston\\aggregate-service\\node_modules\\express\\lib\\router\\route.js","function":"Route.(anonymous function) [as get]","line":202,"method":"(anonymous function) [as get]","native":false},{"column":19,"file":"C:\\Users\\M1043194\\Desktop\\Node JS Capstone Project\\Capston\\aggregate-service\\node_modules\\express\\lib\\router\\index.js","function":"Function.proto.(anonymous function) [as get]","line":510,"method":"(anonymous function) [as get]","native":false},{"column":12,"file":"C:\\Users\\M1043194\\Desktop\\Node JS Capstone Project\\Capston\\aggregate-service\\routes\\aggregateRoutes.js","function":"module.exports","line":6,"method":"exports","native":false},{"column":36,"file":"C:\\Users\\M1043194\\Desktop\\Node JS Capstone Project\\Capston\\aggregate-service\\app.js","function":null,"line":9,"method":null,"native":false},{"column":30,"file":"module.js","function":"Module._compile","line":660,"method":"_compile","native":false},{"column":10,"file":"module.js","function":"Module._extensions..js","line":671,"method":".js","native":false},{"column":32,"file":"module.js","function":"Module.load","line":573,"method":"load","native":false},{"column":12,"file":"module.js","function":"tryModuleLoad","line":513,"method":null,"native":false},{"column":3,"file":"module.js","function":"Module._load","line":505,"method":"_load","native":false},{"column":17,"file":"module.js","function":"Module.require","line":604,"method":"require","native":false}],"label":"www","timestamp":"2019-12-18 14:52:53"}
{"error":{},"level":"error","message":"uncaughtException: Route.get() requires a callback function but got a [object Undefined]\nError: Route.get() requires a callback function but got a [object Undefined]\n    at Route.(anonymous function) [as get] (C:\\Users\\M1043194\\Desktop\\Node JS Capstone Project\\Capston\\aggregate-service\\node_modules\\express\\lib\\router\\route.js:202:15)\n    at Function.proto.(anonymous function) [as get] (C:\\Users\\M1043194\\Desktop\\Node JS Capstone Project\\Capston\\aggregate-service\\node_modules\\express\\lib\\router\\index.js:510:19)\n    at module.exports (C:\\Users\\M1043194\\Desktop\\Node JS Capstone Project\\Capston\\aggregate-service\\routes\\aggregateRoutes.js:6:12)\n    at Object.<anonymous> (C:\\Users\\M1043194\\Desktop\\Node JS Capstone Project\\Capston\\aggregate-service\\app.js:9:36)\n    at Module._compile (module.js:660:30)\n    at Object.Module._extensions..js (module.js:671:10)\n    at Module.load (module.js:573:32)\n    at tryModuleLoad (module.js:513:12)\n    at Function.Module._load (module.js:505:3)\n    at Module.require (module.js:604:17)","stack":"Error: Route.get() requires a callback function but got a [object Undefined]\n    at Route.(anonymous function) [as get] (C:\\Users\\M1043194\\Desktop\\Node JS Capstone Project\\Capston\\aggregate-service\\node_modules\\express\\lib\\router\\route.js:202:15)\n    at Function.proto.(anonymous function) [as get] (C:\\Users\\M1043194\\Desktop\\Node JS Capstone Project\\Capston\\aggregate-service\\node_modules\\express\\lib\\router\\index.js:510:19)\n    at module.exports (C:\\Users\\M1043194\\Desktop\\Node JS Capstone Project\\Capston\\aggregate-service\\routes\\aggregateRoutes.js:6:12)\n    at Object.<anonymous> (C:\\Users\\M1043194\\Desktop\\Node JS Capstone Project\\Capston\\aggregate-service\\app.js:9:36)\n    at Module._compile (module.js:660:30)\n    at Object.Module._extensions..js (module.js:671:10)\n    at Module.load (module.js:573:32)\n    at tryModuleLoad (module.js:513:12)\n    at Function.Module._load (module.js:505:3)\n    at Module.require (module.js:604:17)","exception":true,"date":"Wed Dec 18 2019 14:52:54 GMT+0530 (India Standard Time)","process":{"pid":21352,"uid":null,"gid":null,"cwd":"C:\\Users\\M1043194\\Desktop\\Node JS Capstone Project\\Capston\\aggregate-service","execPath":"C:\\Program Files\\nodejs\\node.exe","version":"v9.4.0","argv":["C:\\Program Files\\nodejs\\node.exe","C:\\Users\\M1043194\\Desktop\\Node JS Capstone Project\\Capston\\aggregate-service\\bin\\www"],"memoryUsage":{"rss":43192320,"heapTotal":34512896,"heapUsed":16562296,"external":114525}},"os":{"loadavg":[0,0,0],"uptime":233655.8008612},"trace":[{"column":15,"file":"C:\\Users\\M1043194\\Desktop\\Node JS Capstone Project\\Capston\\aggregate-service\\node_modules\\express\\lib\\router\\route.js","function":"Route.(anonymous function) [as get]","line":202,"method":"(anonymous function) [as get]","native":false},{"column":19,"file":"C:\\Users\\M1043194\\Desktop\\Node JS Capstone Project\\Capston\\aggregate-service\\node_modules\\express\\lib\\router\\index.js","function":"Function.proto.(anonymous function) [as get]","line":510,"method":"(anonymous function) [as get]","native":false},{"column":12,"file":"C:\\Users\\M1043194\\Desktop\\Node JS Capstone Project\\Capston\\aggregate-service\\routes\\aggregateRoutes.js","function":"module.exports","line":6,"method":"exports","native":false},{"column":36,"file":"C:\\Users\\M1043194\\Desktop\\Node JS Capstone Project\\Capston\\aggregate-service\\app.js","function":null,"line":9,"method":null,"native":false},{"column":30,"file":"module.js","function":"Module._compile","line":660,"method":"_compile","native":false},{"column":10,"file":"module.js","function":"Module._extensions..js","line":671,"method":".js","native":false},{"column":32,"file":"module.js","function":"Module.load","line":573,"method":"load","native":false},{"column":12,"file":"module.js","function":"tryModuleLoad","line":513,"method":null,"native":false},{"column":3,"file":"module.js","function":"Module._load","line":505,"method":"_load","native":false},{"column":17,"file":"module.js","function":"Module.require","line":604,"method":"require","native":false}],"label":"www","timestamp":"2019-12-18 14:52:54"}
{"error":{},"level":"error","message":"uncaughtException: Route.get() requires a callback function but got a [object Undefined]\nError: Route.get() requires a callback function but got a [object Undefined]\n    at Route.(anonymous function) [as get] (C:\\Users\\M1043194\\Desktop\\Node JS Capstone Project\\Capston\\aggregate-service\\node_modules\\express\\lib\\router\\route.js:202:15)\n    at Function.proto.(anonymous function) [as get] (C:\\Users\\M1043194\\Desktop\\Node JS Capstone Project\\Capston\\aggregate-service\\node_modules\\express\\lib\\router\\index.js:510:19)\n    at module.exports (C:\\Users\\M1043194\\Desktop\\Node JS Capstone Project\\Capston\\aggregate-service\\routes\\aggregateRoutes.js:6:12)\n    at Object.<anonymous> (C:\\Users\\M1043194\\Desktop\\Node JS Capstone Project\\Capston\\aggregate-service\\app.js:9:36)\n    at Module._compile (module.js:660:30)\n    at Object.Module._extensions..js (module.js:671:10)\n    at Module.load (module.js:573:32)\n    at tryModuleLoad (module.js:513:12)\n    at Function.Module._load (module.js:505:3)\n    at Module.require (module.js:604:17)","stack":"Error: Route.get() requires a callback function but got a [object Undefined]\n    at Route.(anonymous function) [as get] (C:\\Users\\M1043194\\Desktop\\Node JS Capstone Project\\Capston\\aggregate-service\\node_modules\\express\\lib\\router\\route.js:202:15)\n    at Function.proto.(anonymous function) [as get] (C:\\Users\\M1043194\\Desktop\\Node JS Capstone Project\\Capston\\aggregate-service\\node_modules\\express\\lib\\router\\index.js:510:19)\n    at module.exports (C:\\Users\\M1043194\\Desktop\\Node JS Capstone Project\\Capston\\aggregate-service\\routes\\aggregateRoutes.js:6:12)\n    at Object.<anonymous> (C:\\Users\\M1043194\\Desktop\\Node JS Capstone Project\\Capston\\aggregate-service\\app.js:9:36)\n    at Module._compile (module.js:660:30)\n    at Object.Module._extensions..js (module.js:671:10)\n    at Module.load (module.js:573:32)\n    at tryModuleLoad (module.js:513:12)\n    at Function.Module._load (module.js:505:3)\n    at Module.require (module.js:604:17)","exception":true,"date":"Wed Dec 18 2019 14:53:01 GMT+0530 (India Standard Time)","process":{"pid":27956,"uid":null,"gid":null,"cwd":"C:\\Users\\M1043194\\Desktop\\Node JS Capstone Project\\Capston\\aggregate-service","execPath":"C:\\Program Files\\nodejs\\node.exe","version":"v9.4.0","argv":["C:\\Program Files\\nodejs\\node.exe","C:\\Users\\M1043194\\Desktop\\Node JS Capstone Project\\Capston\\aggregate-service\\bin\\www"],"memoryUsage":{"rss":43143168,"heapTotal":35561472,"heapUsed":16474968,"external":101912}},"os":{"loadavg":[0,0,0],"uptime":233662.9732257},"trace":[{"column":15,"file":"C:\\Users\\M1043194\\Desktop\\Node JS Capstone Project\\Capston\\aggregate-service\\node_modules\\express\\lib\\router\\route.js","function":"Route.(anonymous function) [as get]","line":202,"method":"(anonymous function) [as get]","native":false},{"column":19,"file":"C:\\Users\\M1043194\\Desktop\\Node JS Capstone Project\\Capston\\aggregate-service\\node_modules\\express\\lib\\router\\index.js","function":"Function.proto.(anonymous function) [as get]","line":510,"method":"(anonymous function) [as get]","native":false},{"column":12,"file":"C:\\Users\\M1043194\\Desktop\\Node JS Capstone Project\\Capston\\aggregate-service\\routes\\aggregateRoutes.js","function":"module.exports","line":6,"method":"exports","native":false},{"column":36,"file":"C:\\Users\\M1043194\\Desktop\\Node JS Capstone Project\\Capston\\aggregate-service\\app.js","function":null,"line":9,"method":null,"native":false},{"column":30,"file":"module.js","function":"Module._compile","line":660,"method":"_compile","native":false},{"column":10,"file":"module.js","function":"Module._extensions..js","line":671,"method":".js","native":false},{"column":32,"file":"module.js","function":"Module.load","line":573,"method":"load","native":false},{"column":12,"file":"module.js","function":"tryModuleLoad","line":513,"method":null,"native":false},{"column":3,"file":"module.js","function":"Module._load","line":505,"method":"_load","native":false},{"column":17,"file":"module.js","function":"Module.require","line":604,"method":"require","native":false}],"label":"www","timestamp":"2019-12-18 14:53:01"}
{"error":{},"level":"error","message":"uncaughtException: Route.get() requires a callback function but got a [object Undefined]\nError: Route.get() requires a callback function but got a [object Undefined]\n    at Route.(anonymous function) [as get] (C:\\Users\\M1043194\\Desktop\\Node JS Capstone Project\\Capston\\aggregate-service\\node_modules\\express\\lib\\router\\route.js:202:15)\n    at Function.proto.(anonymous function) [as get] (C:\\Users\\M1043194\\Desktop\\Node JS Capstone Project\\Capston\\aggregate-service\\node_modules\\express\\lib\\router\\index.js:510:19)\n    at module.exports (C:\\Users\\M1043194\\Desktop\\Node JS Capstone Project\\Capston\\aggregate-service\\routes\\aggregateRoutes.js:6:12)\n    at Object.<anonymous> (C:\\Users\\M1043194\\Desktop\\Node JS Capstone Project\\Capston\\aggregate-service\\app.js:9:36)\n    at Module._compile (module.js:660:30)\n    at Object.Module._extensions..js (module.js:671:10)\n    at Module.load (module.js:573:32)\n    at tryModuleLoad (module.js:513:12)\n    at Function.Module._load (module.js:505:3)\n    at Module.require (module.js:604:17)","stack":"Error: Route.get() requires a callback function but got a [object Undefined]\n    at Route.(anonymous function) [as get] (C:\\Users\\M1043194\\Desktop\\Node JS Capstone Project\\Capston\\aggregate-service\\node_modules\\express\\lib\\router\\route.js:202:15)\n    at Function.proto.(anonymous function) [as get] (C:\\Users\\M1043194\\Desktop\\Node JS Capstone Project\\Capston\\aggregate-service\\node_modules\\express\\lib\\router\\index.js:510:19)\n    at module.exports (C:\\Users\\M1043194\\Desktop\\Node JS Capstone Project\\Capston\\aggregate-service\\routes\\aggregateRoutes.js:6:12)\n    at Object.<anonymous> (C:\\Users\\M1043194\\Desktop\\Node JS Capstone Project\\Capston\\aggregate-service\\app.js:9:36)\n    at Module._compile (module.js:660:30)\n    at Object.Module._extensions..js (module.js:671:10)\n    at Module.load (module.js:573:32)\n    at tryModuleLoad (module.js:513:12)\n    at Function.Module._load (module.js:505:3)\n    at Module.require (module.js:604:17)","exception":true,"date":"Wed Dec 18 2019 14:53:01 GMT+0530 (India Standard Time)","process":{"pid":26504,"uid":null,"gid":null,"cwd":"C:\\Users\\M1043194\\Desktop\\Node JS Capstone Project\\Capston\\aggregate-service","execPath":"C:\\Program Files\\nodejs\\node.exe","version":"v9.4.0","argv":["C:\\Program Files\\nodejs\\node.exe","C:\\Users\\M1043194\\Desktop\\Node JS Capstone Project\\Capston\\aggregate-service\\bin\\www"],"memoryUsage":{"rss":42983424,"heapTotal":32940032,"heapUsed":16372512,"external":101912}},"os":{"loadavg":[0,0,0],"uptime":233663.0071347},"trace":[{"column":15,"file":"C:\\Users\\M1043194\\Desktop\\Node JS Capstone Project\\Capston\\aggregate-service\\node_modules\\express\\lib\\router\\route.js","function":"Route.(anonymous function) [as get]","line":202,"method":"(anonymous function) [as get]","native":false},{"column":19,"file":"C:\\Users\\M1043194\\Desktop\\Node JS Capstone Project\\Capston\\aggregate-service\\node_modules\\express\\lib\\router\\index.js","function":"Function.proto.(anonymous function) [as get]","line":510,"method":"(anonymous function) [as get]","native":false},{"column":12,"file":"C:\\Users\\M1043194\\Desktop\\Node JS Capstone Project\\Capston\\aggregate-service\\routes\\aggregateRoutes.js","function":"module.exports","line":6,"method":"exports","native":false},{"column":36,"file":"C:\\Users\\M1043194\\Desktop\\Node JS Capstone Project\\Capston\\aggregate-service\\app.js","function":null,"line":9,"method":null,"native":false},{"column":30,"file":"module.js","function":"Module._compile","line":660,"method":"_compile","native":false},{"column":10,"file":"module.js","function":"Module._extensions..js","line":671,"method":".js","native":false},{"column":32,"file":"module.js","function":"Module.load","line":573,"method":"load","native":false},{"column":12,"file":"module.js","function":"tryModuleLoad","line":513,"method":null,"native":false},{"column":3,"file":"module.js","function":"Module._load","line":505,"method":"_load","native":false},{"column":17,"file":"module.js","function":"Module.require","line":604,"method":"require","native":false}],"label":"www","timestamp":"2019-12-18 14:53:01"}
{"error":{},"level":"error","message":"uncaughtException: Route.get() requires a callback function but got a [object Undefined]\nError: Route.get() requires a callback function but got a [object Undefined]\n    at Route.(anonymous function) [as get] (C:\\Users\\M1043194\\Desktop\\Node JS Capstone Project\\Capston\\aggregate-service\\node_modules\\express\\lib\\router\\route.js:202:15)\n    at Function.proto.(anonymous function) [as get] (C:\\Users\\M1043194\\Desktop\\Node JS Capstone Project\\Capston\\aggregate-service\\node_modules\\express\\lib\\router\\index.js:510:19)\n    at module.exports (C:\\Users\\M1043194\\Desktop\\Node JS Capstone Project\\Capston\\aggregate-service\\routes\\aggregateRoutes.js:6:12)\n    at Object.<anonymous> (C:\\Users\\M1043194\\Desktop\\Node JS Capstone Project\\Capston\\aggregate-service\\app.js:9:36)\n    at Module._compile (module.js:660:30)\n    at Object.Module._extensions..js (module.js:671:10)\n    at Module.load (module.js:573:32)\n    at tryModuleLoad (module.js:513:12)\n    at Function.Module._load (module.js:505:3)\n    at Module.require (module.js:604:17)","stack":"Error: Route.get() requires a callback function but got a [object Undefined]\n    at Route.(anonymous function) [as get] (C:\\Users\\M1043194\\Desktop\\Node JS Capstone Project\\Capston\\aggregate-service\\node_modules\\express\\lib\\router\\route.js:202:15)\n    at Function.proto.(anonymous function) [as get] (C:\\Users\\M1043194\\Desktop\\Node JS Capstone Project\\Capston\\aggregate-service\\node_modules\\express\\lib\\router\\index.js:510:19)\n    at module.exports (C:\\Users\\M1043194\\Desktop\\Node JS Capstone Project\\Capston\\aggregate-service\\routes\\aggregateRoutes.js:6:12)\n    at Object.<anonymous> (C:\\Users\\M1043194\\Desktop\\Node JS Capstone Project\\Capston\\aggregate-service\\app.js:9:36)\n    at Module._compile (module.js:660:30)\n    at Object.Module._extensions..js (module.js:671:10)\n    at Module.load (module.js:573:32)\n    at tryModuleLoad (module.js:513:12)\n    at Function.Module._load (module.js:505:3)\n    at Module.require (module.js:604:17)","exception":true,"date":"Wed Dec 18 2019 14:55:01 GMT+0530 (India Standard Time)","process":{"pid":28364,"uid":null,"gid":null,"cwd":"C:\\Users\\M1043194\\Desktop\\Node JS Capstone Project\\Capston\\aggregate-service","execPath":"C:\\Program Files\\nodejs\\node.exe","version":"v9.4.0","argv":["C:\\Program Files\\nodejs\\node.exe","C:\\Users\\M1043194\\Desktop\\Node JS Capstone Project\\Capston\\aggregate-service\\bin\\www"],"memoryUsage":{"rss":43159552,"heapTotal":33464320,"heapUsed":16244368,"external":72685}},"os":{"loadavg":[0,0,0],"uptime":233783.1521555},"trace":[{"column":15,"file":"C:\\Users\\M1043194\\Desktop\\Node JS Capstone Project\\Capston\\aggregate-service\\node_modules\\express\\lib\\router\\route.js","function":"Route.(anonymous function) [as get]","line":202,"method":"(anonymous function) [as get]","native":false},{"column":19,"file":"C:\\Users\\M1043194\\Desktop\\Node JS Capstone Project\\Capston\\aggregate-service\\node_modules\\express\\lib\\router\\index.js","function":"Function.proto.(anonymous function) [as get]","line":510,"method":"(anonymous function) [as get]","native":false},{"column":12,"file":"C:\\Users\\M1043194\\Desktop\\Node JS Capstone Project\\Capston\\aggregate-service\\routes\\aggregateRoutes.js","function":"module.exports","line":6,"method":"exports","native":false},{"column":36,"file":"C:\\Users\\M1043194\\Desktop\\Node JS Capstone Project\\Capston\\aggregate-service\\app.js","function":null,"line":9,"method":null,"native":false},{"column":30,"file":"module.js","function":"Module._compile","line":660,"method":"_compile","native":false},{"column":10,"file":"module.js","function":"Module._extensions..js","line":671,"method":".js","native":false},{"column":32,"file":"module.js","function":"Module.load","line":573,"method":"load","native":false},{"column":12,"file":"module.js","function":"tryModuleLoad","line":513,"method":null,"native":false},{"column":3,"file":"module.js","function":"Module._load","line":505,"method":"_load","native":false},{"column":17,"file":"module.js","function":"Module.require","line":604,"method":"require","native":false}],"label":"www","timestamp":"2019-12-18 14:55:01"}
{"error":{},"level":"error","message":"uncaughtException: Route.get() requires a callback function but got a [object Undefined]\nError: Route.get() requires a callback function but got a [object Undefined]\n    at Route.(anonymous function) [as get] (C:\\Users\\M1043194\\Desktop\\Node JS Capstone Project\\Capston\\aggregate-service\\node_modules\\express\\lib\\router\\route.js:202:15)\n    at Function.proto.(anonymous function) [as get] (C:\\Users\\M1043194\\Desktop\\Node JS Capstone Project\\Capston\\aggregate-service\\node_modules\\express\\lib\\router\\index.js:510:19)\n    at module.exports (C:\\Users\\M1043194\\Desktop\\Node JS Capstone Project\\Capston\\aggregate-service\\routes\\aggregateRoutes.js:6:12)\n    at Object.<anonymous> (C:\\Users\\M1043194\\Desktop\\Node JS Capstone Project\\Capston\\aggregate-service\\app.js:9:36)\n    at Module._compile (module.js:660:30)\n    at Object.Module._extensions..js (module.js:671:10)\n    at Module.load (module.js:573:32)\n    at tryModuleLoad (module.js:513:12)\n    at Function.Module._load (module.js:505:3)\n    at Module.require (module.js:604:17)","stack":"Error: Route.get() requires a callback function but got a [object Undefined]\n    at Route.(anonymous function) [as get] (C:\\Users\\M1043194\\Desktop\\Node JS Capstone Project\\Capston\\aggregate-service\\node_modules\\express\\lib\\router\\route.js:202:15)\n    at Function.proto.(anonymous function) [as get] (C:\\Users\\M1043194\\Desktop\\Node JS Capstone Project\\Capston\\aggregate-service\\node_modules\\express\\lib\\router\\index.js:510:19)\n    at module.exports (C:\\Users\\M1043194\\Desktop\\Node JS Capstone Project\\Capston\\aggregate-service\\routes\\aggregateRoutes.js:6:12)\n    at Object.<anonymous> (C:\\Users\\M1043194\\Desktop\\Node JS Capstone Project\\Capston\\aggregate-service\\app.js:9:36)\n    at Module._compile (module.js:660:30)\n    at Object.Module._extensions..js (module.js:671:10)\n    at Module.load (module.js:573:32)\n    at tryModuleLoad (module.js:513:12)\n    at Function.Module._load (module.js:505:3)\n    at Module.require (module.js:604:17)","exception":true,"date":"Wed Dec 18 2019 14:55:01 GMT+0530 (India Standard Time)","process":{"pid":6300,"uid":null,"gid":null,"cwd":"C:\\Users\\M1043194\\Desktop\\Node JS Capstone Project\\Capston\\aggregate-service","execPath":"C:\\Program Files\\nodejs\\node.exe","version":"v9.4.0","argv":["C:\\Program Files\\nodejs\\node.exe","C:\\Users\\M1043194\\Desktop\\Node JS Capstone Project\\Capston\\aggregate-service\\bin\\www"],"memoryUsage":{"rss":43171840,"heapTotal":33464320,"heapUsed":16469624,"external":110104}},"os":{"loadavg":[0,0,0],"uptime":233783.1701177},"trace":[{"column":15,"file":"C:\\Users\\M1043194\\Desktop\\Node JS Capstone Project\\Capston\\aggregate-service\\node_modules\\express\\lib\\router\\route.js","function":"Route.(anonymous function) [as get]","line":202,"method":"(anonymous function) [as get]","native":false},{"column":19,"file":"C:\\Users\\M1043194\\Desktop\\Node JS Capstone Project\\Capston\\aggregate-service\\node_modules\\express\\lib\\router\\index.js","function":"Function.proto.(anonymous function) [as get]","line":510,"method":"(anonymous function) [as get]","native":false},{"column":12,"file":"C:\\Users\\M1043194\\Desktop\\Node JS Capstone Project\\Capston\\aggregate-service\\routes\\aggregateRoutes.js","function":"module.exports","line":6,"method":"exports","native":false},{"column":36,"file":"C:\\Users\\M1043194\\Desktop\\Node JS Capstone Project\\Capston\\aggregate-service\\app.js","function":null,"line":9,"method":null,"native":false},{"column":30,"file":"module.js","function":"Module._compile","line":660,"method":"_compile","native":false},{"column":10,"file":"module.js","function":"Module._extensions..js","line":671,"method":".js","native":false},{"column":32,"file":"module.js","function":"Module.load","line":573,"method":"load","native":false},{"column":12,"file":"module.js","function":"tryModuleLoad","line":513,"method":null,"native":false},{"column":3,"file":"module.js","function":"Module._load","line":505,"method":"_load","native":false},{"column":17,"file":"module.js","function":"Module.require","line":604,"method":"require","native":false}],"label":"www","timestamp":"2019-12-18 14:55:01"}
{"error":{},"level":"error","message":"uncaughtException: Route.get() requires a callback function but got a [object Undefined]\nError: Route.get() requires a callback function but got a [object Undefined]\n    at Route.(anonymous function) [as get] (C:\\Users\\M1043194\\Desktop\\Node JS Capstone Project\\Capston\\aggregate-service\\node_modules\\express\\lib\\router\\route.js:202:15)\n    at Function.proto.(anonymous function) [as get] (C:\\Users\\M1043194\\Desktop\\Node JS Capstone Project\\Capston\\aggregate-service\\node_modules\\express\\lib\\router\\index.js:510:19)\n    at module.exports (C:\\Users\\M1043194\\Desktop\\Node JS Capstone Project\\Capston\\aggregate-service\\routes\\aggregateRoutes.js:10:12)\n    at Object.<anonymous> (C:\\Users\\M1043194\\Desktop\\Node JS Capstone Project\\Capston\\aggregate-service\\app.js:9:36)\n    at Module._compile (module.js:660:30)\n    at Object.Module._extensions..js (module.js:671:10)\n    at Module.load (module.js:573:32)\n    at tryModuleLoad (module.js:513:12)\n    at Function.Module._load (module.js:505:3)\n    at Module.require (module.js:604:17)","stack":"Error: Route.get() requires a callback function but got a [object Undefined]\n    at Route.(anonymous function) [as get] (C:\\Users\\M1043194\\Desktop\\Node JS Capstone Project\\Capston\\aggregate-service\\node_modules\\express\\lib\\router\\route.js:202:15)\n    at Function.proto.(anonymous function) [as get] (C:\\Users\\M1043194\\Desktop\\Node JS Capstone Project\\Capston\\aggregate-service\\node_modules\\express\\lib\\router\\index.js:510:19)\n    at module.exports (C:\\Users\\M1043194\\Desktop\\Node JS Capstone Project\\Capston\\aggregate-service\\routes\\aggregateRoutes.js:10:12)\n    at Object.<anonymous> (C:\\Users\\M1043194\\Desktop\\Node JS Capstone Project\\Capston\\aggregate-service\\app.js:9:36)\n    at Module._compile (module.js:660:30)\n    at Object.Module._extensions..js (module.js:671:10)\n    at Module.load (module.js:573:32)\n    at tryModuleLoad (module.js:513:12)\n    at Function.Module._load (module.js:505:3)\n    at Module.require (module.js:604:17)","exception":true,"date":"Wed Dec 18 2019 14:55:25 GMT+0530 (India Standard Time)","process":{"pid":14440,"uid":null,"gid":null,"cwd":"C:\\Users\\M1043194\\Desktop\\Node JS Capstone Project\\Capston\\aggregate-service","execPath":"C:\\Program Files\\nodejs\\node.exe","version":"v9.4.0","argv":["C:\\Program Files\\nodejs\\node.exe","C:\\Users\\M1043194\\Desktop\\Node JS Capstone Project\\Capston\\aggregate-service\\bin\\www"],"memoryUsage":{"rss":43094016,"heapTotal":33464320,"heapUsed":16369984,"external":72685}},"os":{"loadavg":[0,0,0],"uptime":233807.0979404},"trace":[{"column":15,"file":"C:\\Users\\M1043194\\Desktop\\Node JS Capstone Project\\Capston\\aggregate-service\\node_modules\\express\\lib\\router\\route.js","function":"Route.(anonymous function) [as get]","line":202,"method":"(anonymous function) [as get]","native":false},{"column":19,"file":"C:\\Users\\M1043194\\Desktop\\Node JS Capstone Project\\Capston\\aggregate-service\\node_modules\\express\\lib\\router\\index.js","function":"Function.proto.(anonymous function) [as get]","line":510,"method":"(anonymous function) [as get]","native":false},{"column":12,"file":"C:\\Users\\M1043194\\Desktop\\Node JS Capstone Project\\Capston\\aggregate-service\\routes\\aggregateRoutes.js","function":"module.exports","line":10,"method":"exports","native":false},{"column":36,"file":"C:\\Users\\M1043194\\Desktop\\Node JS Capstone Project\\Capston\\aggregate-service\\app.js","function":null,"line":9,"method":null,"native":false},{"column":30,"file":"module.js","function":"Module._compile","line":660,"method":"_compile","native":false},{"column":10,"file":"module.js","function":"Module._extensions..js","line":671,"method":".js","native":false},{"column":32,"file":"module.js","function":"Module.load","line":573,"method":"load","native":false},{"column":12,"file":"module.js","function":"tryModuleLoad","line":513,"method":null,"native":false},{"column":3,"file":"module.js","function":"Module._load","line":505,"method":"_load","native":false},{"column":17,"file":"module.js","function":"Module.require","line":604,"method":"require","native":false}],"label":"www","timestamp":"2019-12-18 14:55:25"}
{"error":{},"level":"error","message":"uncaughtException: Route.get() requires a callback function but got a [object Undefined]\nError: Route.get() requires a callback function but got a [object Undefined]\n    at Route.(anonymous function) [as get] (C:\\Users\\M1043194\\Desktop\\Node JS Capstone Project\\Capston\\aggregate-service\\node_modules\\express\\lib\\router\\route.js:202:15)\n    at Function.proto.(anonymous function) [as get] (C:\\Users\\M1043194\\Desktop\\Node JS Capstone Project\\Capston\\aggregate-service\\node_modules\\express\\lib\\router\\index.js:510:19)\n    at module.exports (C:\\Users\\M1043194\\Desktop\\Node JS Capstone Project\\Capston\\aggregate-service\\routes\\aggregateRoutes.js:10:12)\n    at Object.<anonymous> (C:\\Users\\M1043194\\Desktop\\Node JS Capstone Project\\Capston\\aggregate-service\\app.js:9:36)\n    at Module._compile (module.js:660:30)\n    at Object.Module._extensions..js (module.js:671:10)\n    at Module.load (module.js:573:32)\n    at tryModuleLoad (module.js:513:12)\n    at Function.Module._load (module.js:505:3)\n    at Module.require (module.js:604:17)","stack":"Error: Route.get() requires a callback function but got a [object Undefined]\n    at Route.(anonymous function) [as get] (C:\\Users\\M1043194\\Desktop\\Node JS Capstone Project\\Capston\\aggregate-service\\node_modules\\express\\lib\\router\\route.js:202:15)\n    at Function.proto.(anonymous function) [as get] (C:\\Users\\M1043194\\Desktop\\Node JS Capstone Project\\Capston\\aggregate-service\\node_modules\\express\\lib\\router\\index.js:510:19)\n    at module.exports (C:\\Users\\M1043194\\Desktop\\Node JS Capstone Project\\Capston\\aggregate-service\\routes\\aggregateRoutes.js:10:12)\n    at Object.<anonymous> (C:\\Users\\M1043194\\Desktop\\Node JS Capstone Project\\Capston\\aggregate-service\\app.js:9:36)\n    at Module._compile (module.js:660:30)\n    at Object.Module._extensions..js (module.js:671:10)\n    at Module.load (module.js:573:32)\n    at tryModuleLoad (module.js:513:12)\n    at Function.Module._load (module.js:505:3)\n    at Module.require (module.js:604:17)","exception":true,"date":"Wed Dec 18 2019 14:55:25 GMT+0530 (India Standard Time)","process":{"pid":28216,"uid":null,"gid":null,"cwd":"C:\\Users\\M1043194\\Desktop\\Node JS Capstone Project\\Capston\\aggregate-service","execPath":"C:\\Program Files\\nodejs\\node.exe","version":"v9.4.0","argv":["C:\\Program Files\\nodejs\\node.exe","C:\\Users\\M1043194\\Desktop\\Node JS Capstone Project\\Capston\\aggregate-service\\bin\\www"],"memoryUsage":{"rss":42962944,"heapTotal":33464320,"heapUsed":16555256,"external":110104}},"os":{"loadavg":[0,0,0],"uptime":233807.1178834},"trace":[{"column":15,"file":"C:\\Users\\M1043194\\Desktop\\Node JS Capstone Project\\Capston\\aggregate-service\\node_modules\\express\\lib\\router\\route.js","function":"Route.(anonymous function) [as get]","line":202,"method":"(anonymous function) [as get]","native":false},{"column":19,"file":"C:\\Users\\M1043194\\Desktop\\Node JS Capstone Project\\Capston\\aggregate-service\\node_modules\\express\\lib\\router\\index.js","function":"Function.proto.(anonymous function) [as get]","line":510,"method":"(anonymous function) [as get]","native":false},{"column":12,"file":"C:\\Users\\M1043194\\Desktop\\Node JS Capstone Project\\Capston\\aggregate-service\\routes\\aggregateRoutes.js","function":"module.exports","line":10,"method":"exports","native":false},{"column":36,"file":"C:\\Users\\M1043194\\Desktop\\Node JS Capstone Project\\Capston\\aggregate-service\\app.js","function":null,"line":9,"method":null,"native":false},{"column":30,"file":"module.js","function":"Module._compile","line":660,"method":"_compile","native":false},{"column":10,"file":"module.js","function":"Module._extensions..js","line":671,"method":".js","native":false},{"column":32,"file":"module.js","function":"Module.load","line":573,"method":"load","native":false},{"column":12,"file":"module.js","function":"tryModuleLoad","line":513,"method":null,"native":false},{"column":3,"file":"module.js","function":"Module._load","line":505,"method":"_load","native":false},{"column":17,"file":"module.js","function":"Module.require","line":604,"method":"require","native":false}],"label":"www","timestamp":"2019-12-18 14:55:25"}
{"error":{},"level":"error","message":"uncaughtException: Route.get() requires a callback function but got a [object Undefined]\nError: Route.get() requires a callback function but got a [object Undefined]\n    at Route.(anonymous function) [as get] (C:\\Users\\M1043194\\Desktop\\Node JS Capstone Project\\Capston\\aggregate-service\\node_modules\\express\\lib\\router\\route.js:202:15)\n    at Function.proto.(anonymous function) [as get] (C:\\Users\\M1043194\\Desktop\\Node JS Capstone Project\\Capston\\aggregate-service\\node_modules\\express\\lib\\router\\index.js:510:19)\n    at module.exports (C:\\Users\\M1043194\\Desktop\\Node JS Capstone Project\\Capston\\aggregate-service\\routes\\aggregateRoutes.js:10:12)\n    at Object.<anonymous> (C:\\Users\\M1043194\\Desktop\\Node JS Capstone Project\\Capston\\aggregate-service\\app.js:9:36)\n    at Module._compile (module.js:660:30)\n    at Object.Module._extensions..js (module.js:671:10)\n    at Module.load (module.js:573:32)\n    at tryModuleLoad (module.js:513:12)\n    at Function.Module._load (module.js:505:3)\n    at Module.require (module.js:604:17)","stack":"Error: Route.get() requires a callback function but got a [object Undefined]\n    at Route.(anonymous function) [as get] (C:\\Users\\M1043194\\Desktop\\Node JS Capstone Project\\Capston\\aggregate-service\\node_modules\\express\\lib\\router\\route.js:202:15)\n    at Function.proto.(anonymous function) [as get] (C:\\Users\\M1043194\\Desktop\\Node JS Capstone Project\\Capston\\aggregate-service\\node_modules\\express\\lib\\router\\index.js:510:19)\n    at module.exports (C:\\Users\\M1043194\\Desktop\\Node JS Capstone Project\\Capston\\aggregate-service\\routes\\aggregateRoutes.js:10:12)\n    at Object.<anonymous> (C:\\Users\\M1043194\\Desktop\\Node JS Capstone Project\\Capston\\aggregate-service\\app.js:9:36)\n    at Module._compile (module.js:660:30)\n    at Object.Module._extensions..js (module.js:671:10)\n    at Module.load (module.js:573:32)\n    at tryModuleLoad (module.js:513:12)\n    at Function.Module._load (module.js:505:3)\n    at Module.require (module.js:604:17)","exception":true,"date":"Wed Dec 18 2019 14:56:30 GMT+0530 (India Standard Time)","process":{"pid":17828,"uid":null,"gid":null,"cwd":"C:\\Users\\M1043194\\Desktop\\Node JS Capstone Project\\Capston\\aggregate-service","execPath":"C:\\Program Files\\nodejs\\node.exe","version":"v9.4.0","argv":["C:\\Program Files\\nodejs\\node.exe","C:\\Users\\M1043194\\Desktop\\Node JS Capstone Project\\Capston\\aggregate-service\\bin\\www"],"memoryUsage":{"rss":43130880,"heapTotal":35037184,"heapUsed":16578960,"external":110104}},"os":{"loadavg":[0,0,0],"uptime":233872.0745057},"trace":[{"column":15,"file":"C:\\Users\\M1043194\\Desktop\\Node JS Capstone Project\\Capston\\aggregate-service\\node_modules\\express\\lib\\router\\route.js","function":"Route.(anonymous function) [as get]","line":202,"method":"(anonymous function) [as get]","native":false},{"column":19,"file":"C:\\Users\\M1043194\\Desktop\\Node JS Capstone Project\\Capston\\aggregate-service\\node_modules\\express\\lib\\router\\index.js","function":"Function.proto.(anonymous function) [as get]","line":510,"method":"(anonymous function) [as get]","native":false},{"column":12,"file":"C:\\Users\\M1043194\\Desktop\\Node JS Capstone Project\\Capston\\aggregate-service\\routes\\aggregateRoutes.js","function":"module.exports","line":10,"method":"exports","native":false},{"column":36,"file":"C:\\Users\\M1043194\\Desktop\\Node JS Capstone Project\\Capston\\aggregate-service\\app.js","function":null,"line":9,"method":null,"native":false},{"column":30,"file":"module.js","function":"Module._compile","line":660,"method":"_compile","native":false},{"column":10,"file":"module.js","function":"Module._extensions..js","line":671,"method":".js","native":false},{"column":32,"file":"module.js","function":"Module.load","line":573,"method":"load","native":false},{"column":12,"file":"module.js","function":"tryModuleLoad","line":513,"method":null,"native":false},{"column":3,"file":"module.js","function":"Module._load","line":505,"method":"_load","native":false},{"column":17,"file":"module.js","function":"Module.require","line":604,"method":"require","native":false}],"label":"www","timestamp":"2019-12-18 14:56:30"}
{"error":{},"level":"error","message":"uncaughtException: Route.get() requires a callback function but got a [object Undefined]\nError: Route.get() requires a callback function but got a [object Undefined]\n    at Route.(anonymous function) [as get] (C:\\Users\\M1043194\\Desktop\\Node JS Capstone Project\\Capston\\aggregate-service\\node_modules\\express\\lib\\router\\route.js:202:15)\n    at Function.proto.(anonymous function) [as get] (C:\\Users\\M1043194\\Desktop\\Node JS Capstone Project\\Capston\\aggregate-service\\node_modules\\express\\lib\\router\\index.js:510:19)\n    at module.exports (C:\\Users\\M1043194\\Desktop\\Node JS Capstone Project\\Capston\\aggregate-service\\routes\\aggregateRoutes.js:10:12)\n    at Object.<anonymous> (C:\\Users\\M1043194\\Desktop\\Node JS Capstone Project\\Capston\\aggregate-service\\app.js:9:36)\n    at Module._compile (module.js:660:30)\n    at Object.Module._extensions..js (module.js:671:10)\n    at Module.load (module.js:573:32)\n    at tryModuleLoad (module.js:513:12)\n    at Function.Module._load (module.js:505:3)\n    at Module.require (module.js:604:17)","stack":"Error: Route.get() requires a callback function but got a [object Undefined]\n    at Route.(anonymous function) [as get] (C:\\Users\\M1043194\\Desktop\\Node JS Capstone Project\\Capston\\aggregate-service\\node_modules\\express\\lib\\router\\route.js:202:15)\n    at Function.proto.(anonymous function) [as get] (C:\\Users\\M1043194\\Desktop\\Node JS Capstone Project\\Capston\\aggregate-service\\node_modules\\express\\lib\\router\\index.js:510:19)\n    at module.exports (C:\\Users\\M1043194\\Desktop\\Node JS Capstone Project\\Capston\\aggregate-service\\routes\\aggregateRoutes.js:10:12)\n    at Object.<anonymous> (C:\\Users\\M1043194\\Desktop\\Node JS Capstone Project\\Capston\\aggregate-service\\app.js:9:36)\n    at Module._compile (module.js:660:30)\n    at Object.Module._extensions..js (module.js:671:10)\n    at Module.load (module.js:573:32)\n    at tryModuleLoad (module.js:513:12)\n    at Function.Module._load (module.js:505:3)\n    at Module.require (module.js:604:17)","exception":true,"date":"Wed Dec 18 2019 14:56:30 GMT+0530 (India Standard Time)","process":{"pid":20864,"uid":null,"gid":null,"cwd":"C:\\Users\\M1043194\\Desktop\\Node JS Capstone Project\\Capston\\aggregate-service","execPath":"C:\\Program Files\\nodejs\\node.exe","version":"v9.4.0","argv":["C:\\Program Files\\nodejs\\node.exe","C:\\Users\\M1043194\\Desktop\\Node JS Capstone Project\\Capston\\aggregate-service\\bin\\www"],"memoryUsage":{"rss":43016192,"heapTotal":34512896,"heapUsed":16403184,"external":92225}},"os":{"loadavg":[0,0,0],"uptime":233872.0804906},"trace":[{"column":15,"file":"C:\\Users\\M1043194\\Desktop\\Node JS Capstone Project\\Capston\\aggregate-service\\node_modules\\express\\lib\\router\\route.js","function":"Route.(anonymous function) [as get]","line":202,"method":"(anonymous function) [as get]","native":false},{"column":19,"file":"C:\\Users\\M1043194\\Desktop\\Node JS Capstone Project\\Capston\\aggregate-service\\node_modules\\express\\lib\\router\\index.js","function":"Function.proto.(anonymous function) [as get]","line":510,"method":"(anonymous function) [as get]","native":false},{"column":12,"file":"C:\\Users\\M1043194\\Desktop\\Node JS Capstone Project\\Capston\\aggregate-service\\routes\\aggregateRoutes.js","function":"module.exports","line":10,"method":"exports","native":false},{"column":36,"file":"C:\\Users\\M1043194\\Desktop\\Node JS Capstone Project\\Capston\\aggregate-service\\app.js","function":null,"line":9,"method":null,"native":false},{"column":30,"file":"module.js","function":"Module._compile","line":660,"method":"_compile","native":false},{"column":10,"file":"module.js","function":"Module._extensions..js","line":671,"method":".js","native":false},{"column":32,"file":"module.js","function":"Module.load","line":573,"method":"load","native":false},{"column":12,"file":"module.js","function":"tryModuleLoad","line":513,"method":null,"native":false},{"column":3,"file":"module.js","function":"Module._load","line":505,"method":"_load","native":false},{"column":17,"file":"module.js","function":"Module.require","line":604,"method":"require","native":false}],"label":"www","timestamp":"2019-12-18 14:56:30"}
{"error":{},"level":"error","message":"uncaughtException: Route.get() requires a callback function but got a [object Undefined]\nError: Route.get() requires a callback function but got a [object Undefined]\n    at Route.(anonymous function) [as get] (C:\\Users\\M1043194\\Desktop\\Node JS Capstone Project\\Capston\\aggregate-service\\node_modules\\express\\lib\\router\\route.js:202:15)\n    at Function.proto.(anonymous function) [as get] (C:\\Users\\M1043194\\Desktop\\Node JS Capstone Project\\Capston\\aggregate-service\\node_modules\\express\\lib\\router\\index.js:510:19)\n    at module.exports (C:\\Users\\M1043194\\Desktop\\Node JS Capstone Project\\Capston\\aggregate-service\\routes\\aggregateRoutes.js:10:12)\n    at Object.<anonymous> (C:\\Users\\M1043194\\Desktop\\Node JS Capstone Project\\Capston\\aggregate-service\\app.js:9:36)\n    at Module._compile (module.js:660:30)\n    at Object.Module._extensions..js (module.js:671:10)\n    at Module.load (module.js:573:32)\n    at tryModuleLoad (module.js:513:12)\n    at Function.Module._load (module.js:505:3)\n    at Module.require (module.js:604:17)","stack":"Error: Route.get() requires a callback function but got a [object Undefined]\n    at Route.(anonymous function) [as get] (C:\\Users\\M1043194\\Desktop\\Node JS Capstone Project\\Capston\\aggregate-service\\node_modules\\express\\lib\\router\\route.js:202:15)\n    at Function.proto.(anonymous function) [as get] (C:\\Users\\M1043194\\Desktop\\Node JS Capstone Project\\Capston\\aggregate-service\\node_modules\\express\\lib\\router\\index.js:510:19)\n    at module.exports (C:\\Users\\M1043194\\Desktop\\Node JS Capstone Project\\Capston\\aggregate-service\\routes\\aggregateRoutes.js:10:12)\n    at Object.<anonymous> (C:\\Users\\M1043194\\Desktop\\Node JS Capstone Project\\Capston\\aggregate-service\\app.js:9:36)\n    at Module._compile (module.js:660:30)\n    at Object.Module._extensions..js (module.js:671:10)\n    at Module.load (module.js:573:32)\n    at tryModuleLoad (module.js:513:12)\n    at Function.Module._load (module.js:505:3)\n    at Module.require (module.js:604:17)","exception":true,"date":"Wed Dec 18 2019 14:56:52 GMT+0530 (India Standard Time)","process":{"pid":25328,"uid":null,"gid":null,"cwd":"C:\\Users\\M1043194\\Desktop\\Node JS Capstone Project\\Capston\\aggregate-service","execPath":"C:\\Program Files\\nodejs\\node.exe","version":"v9.4.0","argv":["C:\\Program Files\\nodejs\\node.exe","C:\\Users\\M1043194\\Desktop\\Node JS Capstone Project\\Capston\\aggregate-service\\bin\\www"],"memoryUsage":{"rss":43245568,"heapTotal":35561472,"heapUsed":16240104,"external":64493}},"os":{"loadavg":[0,0,0],"uptime":233893.9865649},"trace":[{"column":15,"file":"C:\\Users\\M1043194\\Desktop\\Node JS Capstone Project\\Capston\\aggregate-service\\node_modules\\express\\lib\\router\\route.js","function":"Route.(anonymous function) [as get]","line":202,"method":"(anonymous function) [as get]","native":false},{"column":19,"file":"C:\\Users\\M1043194\\Desktop\\Node JS Capstone Project\\Capston\\aggregate-service\\node_modules\\express\\lib\\router\\index.js","function":"Function.proto.(anonymous function) [as get]","line":510,"method":"(anonymous function) [as get]","native":false},{"column":12,"file":"C:\\Users\\M1043194\\Desktop\\Node JS Capstone Project\\Capston\\aggregate-service\\routes\\aggregateRoutes.js","function":"module.exports","line":10,"method":"exports","native":false},{"column":36,"file":"C:\\Users\\M1043194\\Desktop\\Node JS Capstone Project\\Capston\\aggregate-service\\app.js","function":null,"line":9,"method":null,"native":false},{"column":30,"file":"module.js","function":"Module._compile","line":660,"method":"_compile","native":false},{"column":10,"file":"module.js","function":"Module._extensions..js","line":671,"method":".js","native":false},{"column":32,"file":"module.js","function":"Module.load","line":573,"method":"load","native":false},{"column":12,"file":"module.js","function":"tryModuleLoad","line":513,"method":null,"native":false},{"column":3,"file":"module.js","function":"Module._load","line":505,"method":"_load","native":false},{"column":17,"file":"module.js","function":"Module.require","line":604,"method":"require","native":false}],"label":"www","timestamp":"2019-12-18 14:56:52"}
{"error":{},"level":"error","message":"uncaughtException: Route.get() requires a callback function but got a [object Undefined]\nError: Route.get() requires a callback function but got a [object Undefined]\n    at Route.(anonymous function) [as get] (C:\\Users\\M1043194\\Desktop\\Node JS Capstone Project\\Capston\\aggregate-service\\node_modules\\express\\lib\\router\\route.js:202:15)\n    at Function.proto.(anonymous function) [as get] (C:\\Users\\M1043194\\Desktop\\Node JS Capstone Project\\Capston\\aggregate-service\\node_modules\\express\\lib\\router\\index.js:510:19)\n    at module.exports (C:\\Users\\M1043194\\Desktop\\Node JS Capstone Project\\Capston\\aggregate-service\\routes\\aggregateRoutes.js:10:12)\n    at Object.<anonymous> (C:\\Users\\M1043194\\Desktop\\Node JS Capstone Project\\Capston\\aggregate-service\\app.js:9:36)\n    at Module._compile (module.js:660:30)\n    at Object.Module._extensions..js (module.js:671:10)\n    at Module.load (module.js:573:32)\n    at tryModuleLoad (module.js:513:12)\n    at Function.Module._load (module.js:505:3)\n    at Module.require (module.js:604:17)","stack":"Error: Route.get() requires a callback function but got a [object Undefined]\n    at Route.(anonymous function) [as get] (C:\\Users\\M1043194\\Desktop\\Node JS Capstone Project\\Capston\\aggregate-service\\node_modules\\express\\lib\\router\\route.js:202:15)\n    at Function.proto.(anonymous function) [as get] (C:\\Users\\M1043194\\Desktop\\Node JS Capstone Project\\Capston\\aggregate-service\\node_modules\\express\\lib\\router\\index.js:510:19)\n    at module.exports (C:\\Users\\M1043194\\Desktop\\Node JS Capstone Project\\Capston\\aggregate-service\\routes\\aggregateRoutes.js:10:12)\n    at Object.<anonymous> (C:\\Users\\M1043194\\Desktop\\Node JS Capstone Project\\Capston\\aggregate-service\\app.js:9:36)\n    at Module._compile (module.js:660:30)\n    at Object.Module._extensions..js (module.js:671:10)\n    at Module.load (module.js:573:32)\n    at tryModuleLoad (module.js:513:12)\n    at Function.Module._load (module.js:505:3)\n    at Module.require (module.js:604:17)","exception":true,"date":"Wed Dec 18 2019 14:56:52 GMT+0530 (India Standard Time)","process":{"pid":13904,"uid":null,"gid":null,"cwd":"C:\\Users\\M1043194\\Desktop\\Node JS Capstone Project\\Capston\\aggregate-service","execPath":"C:\\Program Files\\nodejs\\node.exe","version":"v9.4.0","argv":["C:\\Program Files\\nodejs\\node.exe","C:\\Users\\M1043194\\Desktop\\Node JS Capstone Project\\Capston\\aggregate-service\\bin\\www"],"memoryUsage":{"rss":42905600,"heapTotal":33464320,"heapUsed":16706536,"external":114525}},"os":{"loadavg":[0,0,0],"uptime":233894.0479538},"trace":[{"column":15,"file":"C:\\Users\\M1043194\\Desktop\\Node JS Capstone Project\\Capston\\aggregate-service\\node_modules\\express\\lib\\router\\route.js","function":"Route.(anonymous function) [as get]","line":202,"method":"(anonymous function) [as get]","native":false},{"column":19,"file":"C:\\Users\\M1043194\\Desktop\\Node JS Capstone Project\\Capston\\aggregate-service\\node_modules\\express\\lib\\router\\index.js","function":"Function.proto.(anonymous function) [as get]","line":510,"method":"(anonymous function) [as get]","native":false},{"column":12,"file":"C:\\Users\\M1043194\\Desktop\\Node JS Capstone Project\\Capston\\aggregate-service\\routes\\aggregateRoutes.js","function":"module.exports","line":10,"method":"exports","native":false},{"column":36,"file":"C:\\Users\\M1043194\\Desktop\\Node JS Capstone Project\\Capston\\aggregate-service\\app.js","function":null,"line":9,"method":null,"native":false},{"column":30,"file":"module.js","function":"Module._compile","line":660,"method":"_compile","native":false},{"column":10,"file":"module.js","function":"Module._extensions..js","line":671,"method":".js","native":false},{"column":32,"file":"module.js","function":"Module.load","line":573,"method":"load","native":false},{"column":12,"file":"module.js","function":"tryModuleLoad","line":513,"method":null,"native":false},{"column":3,"file":"module.js","function":"Module._load","line":505,"method":"_load","native":false},{"column":17,"file":"module.js","function":"Module.require","line":604,"method":"require","native":false}],"label":"www","timestamp":"2019-12-18 14:56:52"}
{"error":{},"level":"error","message":"uncaughtException: Route.get() requires a callback function but got a [object Undefined]\nError: Route.get() requires a callback function but got a [object Undefined]\n    at Route.(anonymous function) [as get] (C:\\Users\\M1043194\\Desktop\\Node JS Capstone Project\\Capston\\aggregate-service\\node_modules\\express\\lib\\router\\route.js:202:15)\n    at Function.proto.(anonymous function) [as get] (C:\\Users\\M1043194\\Desktop\\Node JS Capstone Project\\Capston\\aggregate-service\\node_modules\\express\\lib\\router\\index.js:510:19)\n    at module.exports (C:\\Users\\M1043194\\Desktop\\Node JS Capstone Project\\Capston\\aggregate-service\\routes\\aggregateRoutes.js:10:12)\n    at Object.<anonymous> (C:\\Users\\M1043194\\Desktop\\Node JS Capstone Project\\Capston\\aggregate-service\\app.js:9:36)\n    at Module._compile (module.js:660:30)\n    at Object.Module._extensions..js (module.js:671:10)\n    at Module.load (module.js:573:32)\n    at tryModuleLoad (module.js:513:12)\n    at Function.Module._load (module.js:505:3)\n    at Module.require (module.js:604:17)","stack":"Error: Route.get() requires a callback function but got a [object Undefined]\n    at Route.(anonymous function) [as get] (C:\\Users\\M1043194\\Desktop\\Node JS Capstone Project\\Capston\\aggregate-service\\node_modules\\express\\lib\\router\\route.js:202:15)\n    at Function.proto.(anonymous function) [as get] (C:\\Users\\M1043194\\Desktop\\Node JS Capstone Project\\Capston\\aggregate-service\\node_modules\\express\\lib\\router\\index.js:510:19)\n    at module.exports (C:\\Users\\M1043194\\Desktop\\Node JS Capstone Project\\Capston\\aggregate-service\\routes\\aggregateRoutes.js:10:12)\n    at Object.<anonymous> (C:\\Users\\M1043194\\Desktop\\Node JS Capstone Project\\Capston\\aggregate-service\\app.js:9:36)\n    at Module._compile (module.js:660:30)\n    at Object.Module._extensions..js (module.js:671:10)\n    at Module.load (module.js:573:32)\n    at tryModuleLoad (module.js:513:12)\n    at Function.Module._load (module.js:505:3)\n    at Module.require (module.js:604:17)","exception":true,"date":"Wed Dec 18 2019 14:57:23 GMT+0530 (India Standard Time)","process":{"pid":8804,"uid":null,"gid":null,"cwd":"C:\\Users\\M1043194\\Desktop\\Node JS Capstone Project\\Capston\\aggregate-service","execPath":"C:\\Program Files\\nodejs\\node.exe","version":"v9.4.0","argv":["C:\\Program Files\\nodejs\\node.exe","C:\\Users\\M1043194\\Desktop\\Node JS Capstone Project\\Capston\\aggregate-service\\bin\\www"],"memoryUsage":{"rss":42967040,"heapTotal":33988608,"heapUsed":16575504,"external":114525}},"os":{"loadavg":[0,0,0],"uptime":233924.7745067},"trace":[{"column":15,"file":"C:\\Users\\M1043194\\Desktop\\Node JS Capstone Project\\Capston\\aggregate-service\\node_modules\\express\\lib\\router\\route.js","function":"Route.(anonymous function) [as get]","line":202,"method":"(anonymous function) [as get]","native":false},{"column":19,"file":"C:\\Users\\M1043194\\Desktop\\Node JS Capstone Project\\Capston\\aggregate-service\\node_modules\\express\\lib\\router\\index.js","function":"Function.proto.(anonymous function) [as get]","line":510,"method":"(anonymous function) [as get]","native":false},{"column":12,"file":"C:\\Users\\M1043194\\Desktop\\Node JS Capstone Project\\Capston\\aggregate-service\\routes\\aggregateRoutes.js","function":"module.exports","line":10,"method":"exports","native":false},{"column":36,"file":"C:\\Users\\M1043194\\Desktop\\Node JS Capstone Project\\Capston\\aggregate-service\\app.js","function":null,"line":9,"method":null,"native":false},{"column":30,"file":"module.js","function":"Module._compile","line":660,"method":"_compile","native":false},{"column":10,"file":"module.js","function":"Module._extensions..js","line":671,"method":".js","native":false},{"column":32,"file":"module.js","function":"Module.load","line":573,"method":"load","native":false},{"column":12,"file":"module.js","function":"tryModuleLoad","line":513,"method":null,"native":false},{"column":3,"file":"module.js","function":"Module._load","line":505,"method":"_load","native":false},{"column":17,"file":"module.js","function":"Module.require","line":604,"method":"require","native":false}],"label":"www","timestamp":"2019-12-18 14:57:23"}
{"error":{},"level":"error","message":"uncaughtException: Route.get() requires a callback function but got a [object Undefined]\nError: Route.get() requires a callback function but got a [object Undefined]\n    at Route.(anonymous function) [as get] (C:\\Users\\M1043194\\Desktop\\Node JS Capstone Project\\Capston\\aggregate-service\\node_modules\\express\\lib\\router\\route.js:202:15)\n    at Function.proto.(anonymous function) [as get] (C:\\Users\\M1043194\\Desktop\\Node JS Capstone Project\\Capston\\aggregate-service\\node_modules\\express\\lib\\router\\index.js:510:19)\n    at module.exports (C:\\Users\\M1043194\\Desktop\\Node JS Capstone Project\\Capston\\aggregate-service\\routes\\aggregateRoutes.js:10:12)\n    at Object.<anonymous> (C:\\Users\\M1043194\\Desktop\\Node JS Capstone Project\\Capston\\aggregate-service\\app.js:9:36)\n    at Module._compile (module.js:660:30)\n    at Object.Module._extensions..js (module.js:671:10)\n    at Module.load (module.js:573:32)\n    at tryModuleLoad (module.js:513:12)\n    at Function.Module._load (module.js:505:3)\n    at Module.require (module.js:604:17)","stack":"Error: Route.get() requires a callback function but got a [object Undefined]\n    at Route.(anonymous function) [as get] (C:\\Users\\M1043194\\Desktop\\Node JS Capstone Project\\Capston\\aggregate-service\\node_modules\\express\\lib\\router\\route.js:202:15)\n    at Function.proto.(anonymous function) [as get] (C:\\Users\\M1043194\\Desktop\\Node JS Capstone Project\\Capston\\aggregate-service\\node_modules\\express\\lib\\router\\index.js:510:19)\n    at module.exports (C:\\Users\\M1043194\\Desktop\\Node JS Capstone Project\\Capston\\aggregate-service\\routes\\aggregateRoutes.js:10:12)\n    at Object.<anonymous> (C:\\Users\\M1043194\\Desktop\\Node JS Capstone Project\\Capston\\aggregate-service\\app.js:9:36)\n    at Module._compile (module.js:660:30)\n    at Object.Module._extensions..js (module.js:671:10)\n    at Module.load (module.js:573:32)\n    at tryModuleLoad (module.js:513:12)\n    at Function.Module._load (module.js:505:3)\n    at Module.require (module.js:604:17)","exception":true,"date":"Wed Dec 18 2019 14:57:23 GMT+0530 (India Standard Time)","process":{"pid":4876,"uid":null,"gid":null,"cwd":"C:\\Users\\M1043194\\Desktop\\Node JS Capstone Project\\Capston\\aggregate-service","execPath":"C:\\Program Files\\nodejs\\node.exe","version":"v9.4.0","argv":["C:\\Program Files\\nodejs\\node.exe","C:\\Users\\M1043194\\Desktop\\Node JS Capstone Project\\Capston\\aggregate-service\\bin\\www"],"memoryUsage":{"rss":43114496,"heapTotal":33464320,"heapUsed":16334128,"external":72685}},"os":{"loadavg":[0,0,0],"uptime":233924.7814885},"trace":[{"column":15,"file":"C:\\Users\\M1043194\\Desktop\\Node JS Capstone Project\\Capston\\aggregate-service\\node_modules\\express\\lib\\router\\route.js","function":"Route.(anonymous function) [as get]","line":202,"method":"(anonymous function) [as get]","native":false},{"column":19,"file":"C:\\Users\\M1043194\\Desktop\\Node JS Capstone Project\\Capston\\aggregate-service\\node_modules\\express\\lib\\router\\index.js","function":"Function.proto.(anonymous function) [as get]","line":510,"method":"(anonymous function) [as get]","native":false},{"column":12,"file":"C:\\Users\\M1043194\\Desktop\\Node JS Capstone Project\\Capston\\aggregate-service\\routes\\aggregateRoutes.js","function":"module.exports","line":10,"method":"exports","native":false},{"column":36,"file":"C:\\Users\\M1043194\\Desktop\\Node JS Capstone Project\\Capston\\aggregate-service\\app.js","function":null,"line":9,"method":null,"native":false},{"column":30,"file":"module.js","function":"Module._compile","line":660,"method":"_compile","native":false},{"column":10,"file":"module.js","function":"Module._extensions..js","line":671,"method":".js","native":false},{"column":32,"file":"module.js","function":"Module.load","line":573,"method":"load","native":false},{"column":12,"file":"module.js","function":"tryModuleLoad","line":513,"method":null,"native":false},{"column":3,"file":"module.js","function":"Module._load","line":505,"method":"_load","native":false},{"column":17,"file":"module.js","function":"Module.require","line":604,"method":"require","native":false}],"label":"www","timestamp":"2019-12-18 14:57:23"}
{"error":{},"level":"error","message":"uncaughtException: Route.get() requires a callback function but got a [object Undefined]\nError: Route.get() requires a callback function but got a [object Undefined]\n    at Route.(anonymous function) [as get] (C:\\Users\\M1043194\\Desktop\\Node JS Capstone Project\\Capston\\aggregate-service\\node_modules\\express\\lib\\router\\route.js:202:15)\n    at Function.proto.(anonymous function) [as get] (C:\\Users\\M1043194\\Desktop\\Node JS Capstone Project\\Capston\\aggregate-service\\node_modules\\express\\lib\\router\\index.js:510:19)\n    at module.exports (C:\\Users\\M1043194\\Desktop\\Node JS Capstone Project\\Capston\\aggregate-service\\routes\\aggregateRoutes.js:6:12)\n    at Object.<anonymous> (C:\\Users\\M1043194\\Desktop\\Node JS Capstone Project\\Capston\\aggregate-service\\app.js:9:36)\n    at Module._compile (module.js:660:30)\n    at Object.Module._extensions..js (module.js:671:10)\n    at Module.load (module.js:573:32)\n    at tryModuleLoad (module.js:513:12)\n    at Function.Module._load (module.js:505:3)\n    at Module.require (module.js:604:17)","stack":"Error: Route.get() requires a callback function but got a [object Undefined]\n    at Route.(anonymous function) [as get] (C:\\Users\\M1043194\\Desktop\\Node JS Capstone Project\\Capston\\aggregate-service\\node_modules\\express\\lib\\router\\route.js:202:15)\n    at Function.proto.(anonymous function) [as get] (C:\\Users\\M1043194\\Desktop\\Node JS Capstone Project\\Capston\\aggregate-service\\node_modules\\express\\lib\\router\\index.js:510:19)\n    at module.exports (C:\\Users\\M1043194\\Desktop\\Node JS Capstone Project\\Capston\\aggregate-service\\routes\\aggregateRoutes.js:6:12)\n    at Object.<anonymous> (C:\\Users\\M1043194\\Desktop\\Node JS Capstone Project\\Capston\\aggregate-service\\app.js:9:36)\n    at Module._compile (module.js:660:30)\n    at Object.Module._extensions..js (module.js:671:10)\n    at Module.load (module.js:573:32)\n    at tryModuleLoad (module.js:513:12)\n    at Function.Module._load (module.js:505:3)\n    at Module.require (module.js:604:17)","exception":true,"date":"Wed Dec 18 2019 14:58:00 GMT+0530 (India Standard Time)","process":{"pid":16764,"uid":null,"gid":null,"cwd":"C:\\Users\\M1043194\\Desktop\\Node JS Capstone Project\\Capston\\aggregate-service","execPath":"C:\\Program Files\\nodejs\\node.exe","version":"v9.4.0","argv":["C:\\Program Files\\nodejs\\node.exe","C:\\Users\\M1043194\\Desktop\\Node JS Capstone Project\\Capston\\aggregate-service\\bin\\www"],"memoryUsage":{"rss":42999808,"heapTotal":34512896,"heapUsed":16309424,"external":92225}},"os":{"loadavg":[0,0,0],"uptime":233961.7597867},"trace":[{"column":15,"file":"C:\\Users\\M1043194\\Desktop\\Node JS Capstone Project\\Capston\\aggregate-service\\node_modules\\express\\lib\\router\\route.js","function":"Route.(anonymous function) [as get]","line":202,"method":"(anonymous function) [as get]","native":false},{"column":19,"file":"C:\\Users\\M1043194\\Desktop\\Node JS Capstone Project\\Capston\\aggregate-service\\node_modules\\express\\lib\\router\\index.js","function":"Function.proto.(anonymous function) [as get]","line":510,"method":"(anonymous function) [as get]","native":false},{"column":12,"file":"C:\\Users\\M1043194\\Desktop\\Node JS Capstone Project\\Capston\\aggregate-service\\routes\\aggregateRoutes.js","function":"module.exports","line":6,"method":"exports","native":false},{"column":36,"file":"C:\\Users\\M1043194\\Desktop\\Node JS Capstone Project\\Capston\\aggregate-service\\app.js","function":null,"line":9,"method":null,"native":false},{"column":30,"file":"module.js","function":"Module._compile","line":660,"method":"_compile","native":false},{"column":10,"file":"module.js","function":"Module._extensions..js","line":671,"method":".js","native":false},{"column":32,"file":"module.js","function":"Module.load","line":573,"method":"load","native":false},{"column":12,"file":"module.js","function":"tryModuleLoad","line":513,"method":null,"native":false},{"column":3,"file":"module.js","function":"Module._load","line":505,"method":"_load","native":false},{"column":17,"file":"module.js","function":"Module.require","line":604,"method":"require","native":false}],"label":"www","timestamp":"2019-12-18 14:58:00"}
{"error":{},"level":"error","message":"uncaughtException: Route.get() requires a callback function but got a [object Undefined]\nError: Route.get() requires a callback function but got a [object Undefined]\n    at Route.(anonymous function) [as get] (C:\\Users\\M1043194\\Desktop\\Node JS Capstone Project\\Capston\\aggregate-service\\node_modules\\express\\lib\\router\\route.js:202:15)\n    at Function.proto.(anonymous function) [as get] (C:\\Users\\M1043194\\Desktop\\Node JS Capstone Project\\Capston\\aggregate-service\\node_modules\\express\\lib\\router\\index.js:510:19)\n    at module.exports (C:\\Users\\M1043194\\Desktop\\Node JS Capstone Project\\Capston\\aggregate-service\\routes\\aggregateRoutes.js:6:12)\n    at Object.<anonymous> (C:\\Users\\M1043194\\Desktop\\Node JS Capstone Project\\Capston\\aggregate-service\\app.js:9:36)\n    at Module._compile (module.js:660:30)\n    at Object.Module._extensions..js (module.js:671:10)\n    at Module.load (module.js:573:32)\n    at tryModuleLoad (module.js:513:12)\n    at Function.Module._load (module.js:505:3)\n    at Module.require (module.js:604:17)","stack":"Error: Route.get() requires a callback function but got a [object Undefined]\n    at Route.(anonymous function) [as get] (C:\\Users\\M1043194\\Desktop\\Node JS Capstone Project\\Capston\\aggregate-service\\node_modules\\express\\lib\\router\\route.js:202:15)\n    at Function.proto.(anonymous function) [as get] (C:\\Users\\M1043194\\Desktop\\Node JS Capstone Project\\Capston\\aggregate-service\\node_modules\\express\\lib\\router\\index.js:510:19)\n    at module.exports (C:\\Users\\M1043194\\Desktop\\Node JS Capstone Project\\Capston\\aggregate-service\\routes\\aggregateRoutes.js:6:12)\n    at Object.<anonymous> (C:\\Users\\M1043194\\Desktop\\Node JS Capstone Project\\Capston\\aggregate-service\\app.js:9:36)\n    at Module._compile (module.js:660:30)\n    at Object.Module._extensions..js (module.js:671:10)\n    at Module.load (module.js:573:32)\n    at tryModuleLoad (module.js:513:12)\n    at Function.Module._load (module.js:505:3)\n    at Module.require (module.js:604:17)","exception":true,"date":"Wed Dec 18 2019 14:58:00 GMT+0530 (India Standard Time)","process":{"pid":24832,"uid":null,"gid":null,"cwd":"C:\\Users\\M1043194\\Desktop\\Node JS Capstone Project\\Capston\\aggregate-service","execPath":"C:\\Program Files\\nodejs\\node.exe","version":"v9.4.0","argv":["C:\\Program Files\\nodejs\\node.exe","C:\\Users\\M1043194\\Desktop\\Node JS Capstone Project\\Capston\\aggregate-service\\bin\\www"],"memoryUsage":{"rss":43024384,"heapTotal":35037184,"heapUsed":16354056,"external":92225}},"os":{"loadavg":[0,0,0],"uptime":233962.3751408},"trace":[{"column":15,"file":"C:\\Users\\M1043194\\Desktop\\Node JS Capstone Project\\Capston\\aggregate-service\\node_modules\\express\\lib\\router\\route.js","function":"Route.(anonymous function) [as get]","line":202,"method":"(anonymous function) [as get]","native":false},{"column":19,"file":"C:\\Users\\M1043194\\Desktop\\Node JS Capstone Project\\Capston\\aggregate-service\\node_modules\\express\\lib\\router\\index.js","function":"Function.proto.(anonymous function) [as get]","line":510,"method":"(anonymous function) [as get]","native":false},{"column":12,"file":"C:\\Users\\M1043194\\Desktop\\Node JS Capstone Project\\Capston\\aggregate-service\\routes\\aggregateRoutes.js","function":"module.exports","line":6,"method":"exports","native":false},{"column":36,"file":"C:\\Users\\M1043194\\Desktop\\Node JS Capstone Project\\Capston\\aggregate-service\\app.js","function":null,"line":9,"method":null,"native":false},{"column":30,"file":"module.js","function":"Module._compile","line":660,"method":"_compile","native":false},{"column":10,"file":"module.js","function":"Module._extensions..js","line":671,"method":".js","native":false},{"column":32,"file":"module.js","function":"Module.load","line":573,"method":"load","native":false},{"column":12,"file":"module.js","function":"tryModuleLoad","line":513,"method":null,"native":false},{"column":3,"file":"module.js","function":"Module._load","line":505,"method":"_load","native":false},{"column":17,"file":"module.js","function":"Module.require","line":604,"method":"require","native":false}],"label":"www","timestamp":"2019-12-18 14:58:00"}
{"message":{"url":"/api/fetchordersbycityanddate?city=Bangalore","req":{},"resp":{"status":"Failed","code":"500"},"err":"FetchError: request to http://localhost:3000/api/getordersbycity?city=Bangalore failed, reason: connect ECONNREFUSED 127.0.0.1:3000\n    at ClientRequest.<anonymous> (C:\\Users\\M1043194\\Desktop\\Node JS Capstone Project\\Capston\\aggregate-service\\node_modules\\node-fetch\\lib\\index.js:1455:11)\n    at ClientRequest.emit (events.js:160:13)\n    at Socket.socketErrorListener (_http_client.js:389:9)\n    at Socket.emit (events.js:160:13)\n    at emitErrorNT (internal/streams/destroy.js:64:8)\n    at process._tickCallback (internal/process/next_tick.js:152:19)","filename":"C:\\Users\\M1043194\\Desktop\\Node JS Capstone Project\\Capston\\aggregate-service\\controllers\\getOrdersByCityAndDate.js"},"level":"error","label":"www","timestamp":"2019-12-18 14:58:11"}
{"message":{"url":"/api/fetchordersbycityanddate?city=Bangalore","req":{},"resp":{"status":"Failed","code":"500"},"err":"TypeError: data.forEach is not a function\n    at exports.getOrdersByCityAndDate (C:\\Users\\M1043194\\Desktop\\Node JS Capstone Project\\Capston\\aggregate-service\\controllers\\getOrdersByCityAndDate.js:39:18)\n    at <anonymous>\n    at process._tickCallback (internal/process/next_tick.js:160:7)","filename":"C:\\Users\\M1043194\\Desktop\\Node JS Capstone Project\\Capston\\aggregate-service\\controllers\\getOrdersByCityAndDate.js"},"level":"error","label":"www","timestamp":"2019-12-18 14:59:20"}
{"message":{"url":"/api/fetchordersbycityanddate?city=Bangalore","req":{},"resp":{"status":"Failed","code":"500"},"err":"TypeError: data.forEach is not a function\n    at exports.getOrdersByCityAndDate (C:\\Users\\M1043194\\Desktop\\Node JS Capstone Project\\Capston\\aggregate-service\\controllers\\getOrdersByCityAndDate.js:40:18)\n    at <anonymous>\n    at process._tickCallback (internal/process/next_tick.js:160:7)","filename":"C:\\Users\\M1043194\\Desktop\\Node JS Capstone Project\\Capston\\aggregate-service\\controllers\\getOrdersByCityAndDate.js"},"level":"error","label":"www","timestamp":"2019-12-18 14:59:46"}
{"message":{"url":"/api/fetchordersbycityanddate?city=Bangalore","req":{},"resp":{"status":"Failed","code":"500"},"err":"TypeError: data.forEach is not a function\n    at exports.getOrdersByCityAndDate (C:\\Users\\M1043194\\Desktop\\Node JS Capstone Project\\Capston\\aggregate-service\\controllers\\getOrdersByCityAndDate.js:40:18)\n    at <anonymous>\n    at process._tickCallback (internal/process/next_tick.js:160:7)","filename":"C:\\Users\\M1043194\\Desktop\\Node JS Capstone Project\\Capston\\aggregate-service\\controllers\\getOrdersByCityAndDate.js"},"level":"error","label":"www","timestamp":"2019-12-18 15:00:20"}
{"message":{"url":"/api/fetchordersbycityanddate?city=Bangalore","req":{},"resp":{"status":"Failed","code":"500"},"err":"TypeError: OrderData.forEach is not a function\n    at exports.getOrdersByCityAndDate (C:\\Users\\M1043194\\Desktop\\Node JS Capstone Project\\Capston\\aggregate-service\\controllers\\getOrdersByCityAndDate.js:39:19)\n    at <anonymous>\n    at process._tickCallback (internal/process/next_tick.js:160:7)","filename":"C:\\Users\\M1043194\\Desktop\\Node JS Capstone Project\\Capston\\aggregate-service\\controllers\\getOrdersByCityAndDate.js"},"level":"error","label":"www","timestamp":"2019-12-18 15:03:06"}
{"message":{"url":"/api/fetchordersbycityanddate?city=Bangalore","req":{},"resp":{"status":"Failed","code":"500"},"err":"TypeError: OrderData.forEach is not a function\n    at exports.getOrdersByCityAndDate (C:\\Users\\M1043194\\Desktop\\Node JS Capstone Project\\Capston\\aggregate-service\\controllers\\getOrdersByCityAndDate.js:39:19)\n    at <anonymous>\n    at process._tickCallback (internal/process/next_tick.js:160:7)","filename":"C:\\Users\\M1043194\\Desktop\\Node JS Capstone Project\\Capston\\aggregate-service\\controllers\\getOrdersByCityAndDate.js"},"level":"error","label":"www","timestamp":"2019-12-18 15:03:55"}
{"message":{"url":"/api/fetchordersbycityanddate?city=Bangalore","req":{},"resp":{"status":"Failed","code":"500"},"err":"ReferenceError: element is not defined\n    at exports.getOrdersByCityAndDate (C:\\Users\\M1043194\\Desktop\\Node JS Capstone Project\\Capston\\aggregate-service\\controllers\\getOrdersByCityAndDate.js:40:13)\n    at <anonymous>\n    at process._tickCallback (internal/process/next_tick.js:160:7)","filename":"C:\\Users\\M1043194\\Desktop\\Node JS Capstone Project\\Capston\\aggregate-service\\controllers\\getOrdersByCityAndDate.js"},"level":"error","label":"www","timestamp":"2019-12-18 15:05:15"}
{"message":{"url":"/api/fetchordersbycityanddate?city=Bangalore","req":{},"resp":{"status":"Failed","code":"500"},"err":"ReferenceError: element is not defined\n    at exports.getOrdersByCityAndDate (C:\\Users\\M1043194\\Desktop\\Node JS Capstone Project\\Capston\\aggregate-service\\controllers\\getOrdersByCityAndDate.js:41:13)\n    at <anonymous>\n    at process._tickCallback (internal/process/next_tick.js:160:7)","filename":"C:\\Users\\M1043194\\Desktop\\Node JS Capstone Project\\Capston\\aggregate-service\\controllers\\getOrdersByCityAndDate.js"},"level":"error","label":"www","timestamp":"2019-12-18 15:07:00"}
{"message":{"url":"/api/fetchordersbycityanddate?city=Bangalore","req":{},"resp":{"status":"Failed","code":"500"},"err":"ReferenceError: element is not defined\n    at exports.getOrdersByCityAndDate (C:\\Users\\M1043194\\Desktop\\Node JS Capstone Project\\Capston\\aggregate-service\\controllers\\getOrdersByCityAndDate.js:41:13)\n    at <anonymous>\n    at process._tickCallback (internal/process/next_tick.js:160:7)","filename":"C:\\Users\\M1043194\\Desktop\\Node JS Capstone Project\\Capston\\aggregate-service\\controllers\\getOrdersByCityAndDate.js"},"level":"error","label":"www","timestamp":"2019-12-18 15:07:18"}
{"message":{"url":"/api/fetchordersbycityanddate?city=Bangalore","req":{},"resp":{"status":"Failed","code":"500"},"err":"ReferenceError: element is not defined\n    at exports.getOrdersByCityAndDate (C:\\Users\\M1043194\\Desktop\\Node JS Capstone Project\\Capston\\aggregate-service\\controllers\\getOrdersByCityAndDate.js:41:13)\n    at <anonymous>\n    at process._tickCallback (internal/process/next_tick.js:160:7)","filename":"C:\\Users\\M1043194\\Desktop\\Node JS Capstone Project\\Capston\\aggregate-service\\controllers\\getOrdersByCityAndDate.js"},"level":"error","label":"www","timestamp":"2019-12-18 15:07:53"}
{"message":{"url":"/api/fetchordersbycityanddate?city=Bangalore","req":{},"resp":{"status":"Failed","code":"500"},"err":"ReferenceError: element is not defined\n    at exports.getOrdersByCityAndDate (C:\\Users\\M1043194\\Desktop\\Node JS Capstone Project\\Capston\\aggregate-service\\controllers\\getOrdersByCityAndDate.js:41:13)\n    at <anonymous>\n    at process._tickCallback (internal/process/next_tick.js:160:7)","filename":"C:\\Users\\M1043194\\Desktop\\Node JS Capstone Project\\Capston\\aggregate-service\\controllers\\getOrdersByCityAndDate.js"},"level":"error","label":"www","timestamp":"2019-12-18 15:07:59"}
{"message":{"url":"/api/fetchordersbycityanddate?city=Bangalore","req":{},"resp":{"status":"Failed","code":"500"},"err":"ReferenceError: item is not defined\n    at exports.getOrdersByCityAndDate (C:\\Users\\M1043194\\Desktop\\Node JS Capstone Project\\Capston\\aggregate-service\\controllers\\getOrdersByCityAndDate.js:38:27)\n    at <anonymous>\n    at process._tickCallback (internal/process/next_tick.js:160:7)","filename":"C:\\Users\\M1043194\\Desktop\\Node JS Capstone Project\\Capston\\aggregate-service\\controllers\\getOrdersByCityAndDate.js"},"level":"error","label":"www","timestamp":"2019-12-18 15:08:45"}
{"message":{"url":"/api/fetchordersbycityanddate?city=Bangalore","req":{},"resp":{"status":"Failed","code":"500"},"err":"ReferenceError: item is not defined\n    at exports.getOrdersByCityAndDate (C:\\Users\\M1043194\\Desktop\\Node JS Capstone Project\\Capston\\aggregate-service\\controllers\\getOrdersByCityAndDate.js:38:27)\n    at <anonymous>\n    at process._tickCallback (internal/process/next_tick.js:160:7)","filename":"C:\\Users\\M1043194\\Desktop\\Node JS Capstone Project\\Capston\\aggregate-service\\controllers\\getOrdersByCityAndDate.js"},"level":"error","label":"www","timestamp":"2019-12-18 15:09:06"}
{"message":{"url":"/api/fetchordersbycityanddate?city=Bangalore","req":{},"resp":{"status":"Failed","code":"500"},"err":"ReferenceError: item is not defined\n    at exports.getOrdersByCityAndDate (C:\\Users\\M1043194\\Desktop\\Node JS Capstone Project\\Capston\\aggregate-service\\controllers\\getOrdersByCityAndDate.js:38:27)\n    at <anonymous>\n    at process._tickCallback (internal/process/next_tick.js:160:7)","filename":"C:\\Users\\M1043194\\Desktop\\Node JS Capstone Project\\Capston\\aggregate-service\\controllers\\getOrdersByCityAndDate.js"},"level":"error","label":"www","timestamp":"2019-12-18 15:09:22"}
{"message":{"url":"/api/fetchordersbycityanddate?city=Bangalore","req":{},"resp":{"status":"Failed","code":"500"},"err":"TypeError: Cannot read property 'orderStatus' of undefined\n    at exports.getOrdersByCityAndDate (C:\\Users\\M1043194\\Desktop\\Node JS Capstone Project\\Capston\\aggregate-service\\controllers\\getOrdersByCityAndDate.js:39:34)\n    at <anonymous>\n    at process._tickCallback (internal/process/next_tick.js:160:7)","filename":"C:\\Users\\M1043194\\Desktop\\Node JS Capstone Project\\Capston\\aggregate-service\\controllers\\getOrdersByCityAndDate.js"},"level":"error","label":"www","timestamp":"2019-12-18 15:10:37"}
{"message":{"url":"/api/fetchordersbycityanddate?city=Bangalore","req":{},"resp":{"status":"Failed","code":"500"},"err":"TypeError: Cannot read property 'orderStatus' of undefined\n    at exports.getOrdersByCityAndDate (C:\\Users\\M1043194\\Desktop\\Node JS Capstone Project\\Capston\\aggregate-service\\controllers\\getOrdersByCityAndDate.js:39:34)\n    at <anonymous>\n    at process._tickCallback (internal/process/next_tick.js:160:7)","filename":"C:\\Users\\M1043194\\Desktop\\Node JS Capstone Project\\Capston\\aggregate-service\\controllers\\getOrdersByCityAndDate.js"},"level":"error","label":"www","timestamp":"2019-12-18 15:10:42"}
{"message":{"url":"/api/fetchordersbycityanddate?city=Bangalore","req":{},"resp":{"status":"Failed","code":"500"},"err":"TypeError: Cannot read property 'orderTotalAmount' of undefined\n    at exports.getOrdersByCityAndDate (C:\\Users\\M1043194\\Desktop\\Node JS Capstone Project\\Capston\\aggregate-service\\controllers\\getOrdersByCityAndDate.js:38:56)\n    at <anonymous>\n    at process._tickCallback (internal/process/next_tick.js:160:7)","filename":"C:\\Users\\M1043194\\Desktop\\Node JS Capstone Project\\Capston\\aggregate-service\\controllers\\getOrdersByCityAndDate.js"},"level":"error","label":"www","timestamp":"2019-12-18 15:15:10"}
{"message":{"url":"/api/fetchordersbycityanddate?city=Bangalore","req":{},"resp":{"status":"Failed","code":"500"},"err":"TypeError: Cannot read property 'orderTotalAmount' of undefined\n    at exports.getOrdersByCityAndDate (C:\\Users\\M1043194\\Desktop\\Node JS Capstone Project\\Capston\\aggregate-service\\controllers\\getOrdersByCityAndDate.js:39:56)\n    at <anonymous>\n    at process._tickCallback (internal/process/next_tick.js:160:7)","filename":"C:\\Users\\M1043194\\Desktop\\Node JS Capstone Project\\Capston\\aggregate-service\\controllers\\getOrdersByCityAndDate.js"},"level":"error","label":"www","timestamp":"2019-12-18 15:15:34"}
{"message":{"url":"/api/fetchordersbycityanddate?city=Bangalore","req":{},"resp":{"status":"Failed","code":"500"},"err":"ReferenceError: item is not defined\n    at exports.getOrdersByCityAndDate (C:\\Users\\M1043194\\Desktop\\Node JS Capstone Project\\Capston\\aggregate-service\\controllers\\getOrdersByCityAndDate.js:42:32)\n    at <anonymous>\n    at process._tickCallback (internal/process/next_tick.js:160:7)","filename":"C:\\Users\\M1043194\\Desktop\\Node JS Capstone Project\\Capston\\aggregate-service\\controllers\\getOrdersByCityAndDate.js"},"level":"error","label":"www","timestamp":"2019-12-18 15:16:58"}
{"message":{"url":"/api/fetchordersbycityanddate?city=Bangalore","req":{},"resp":{"status":"Failed","code":"500"},"err":"ReferenceError: item is not defined\n    at exports.getOrdersByCityAndDate (C:\\Users\\M1043194\\Desktop\\Node JS Capstone Project\\Capston\\aggregate-service\\controllers\\getOrdersByCityAndDate.js:42:32)\n    at <anonymous>\n    at process._tickCallback (internal/process/next_tick.js:160:7)","filename":"C:\\Users\\M1043194\\Desktop\\Node JS Capstone Project\\Capston\\aggregate-service\\controllers\\getOrdersByCityAndDate.js"},"level":"error","label":"www","timestamp":"2019-12-18 15:18:11"}
{"message":{"url":"/api/fetchordersbycityanddate?city=Bangalore","req":{},"resp":{"status":"Failed","code":"500"},"err":"ReferenceError: item is not defined\n    at exports.getOrdersByCityAndDate (C:\\Users\\M1043194\\Desktop\\Node JS Capstone Project\\Capston\\aggregate-service\\controllers\\getOrdersByCityAndDate.js:42:26)\n    at <anonymous>\n    at process._tickCallback (internal/process/next_tick.js:160:7)","filename":"C:\\Users\\M1043194\\Desktop\\Node JS Capstone Project\\Capston\\aggregate-service\\controllers\\getOrdersByCityAndDate.js"},"level":"error","label":"www","timestamp":"2019-12-18 15:18:40"}
{"message":{"url":"/api/fetchordersbycityanddate?city=Bangalore","req":{},"resp":{"status":"Failed","code":"500"},"err":"ReferenceError: item is not defined\n    at exports.getOrdersByCityAndDate (C:\\Users\\M1043194\\Desktop\\Node JS Capstone Project\\Capston\\aggregate-service\\controllers\\getOrdersByCityAndDate.js:42:27)\n    at <anonymous>\n    at process._tickCallback (internal/process/next_tick.js:160:7)","filename":"C:\\Users\\M1043194\\Desktop\\Node JS Capstone Project\\Capston\\aggregate-service\\controllers\\getOrdersByCityAndDate.js"},"level":"error","label":"www","timestamp":"2019-12-18 15:18:59"}
{"message":{"url":"/api/fetchordersbycityanddate?city=Bangalore","req":{},"resp":{"status":"Failed","code":"500"},"err":"ReferenceError: item is not defined\n    at exports.getOrdersByCityAndDate (C:\\Users\\M1043194\\Desktop\\Node JS Capstone Project\\Capston\\aggregate-service\\controllers\\getOrdersByCityAndDate.js:42:27)\n    at <anonymous>\n    at process._tickCallback (internal/process/next_tick.js:160:7)","filename":"C:\\Users\\M1043194\\Desktop\\Node JS Capstone Project\\Capston\\aggregate-service\\controllers\\getOrdersByCityAndDate.js"},"level":"error","label":"www","timestamp":"2019-12-18 15:19:09"}
{"message":{"url":"/api/fetchordersbycityanddate?city=Bangalore","req":{},"resp":{"status":"Failed","code":"500"},"err":"ReferenceError: item is not defined\n    at exports.getOrdersByCityAndDate (C:\\Users\\M1043194\\Desktop\\Node JS Capstone Project\\Capston\\aggregate-service\\controllers\\getOrdersByCityAndDate.js:42:27)\n    at <anonymous>\n    at process._tickCallback (internal/process/next_tick.js:160:7)","filename":"C:\\Users\\M1043194\\Desktop\\Node JS Capstone Project\\Capston\\aggregate-service\\controllers\\getOrdersByCityAndDate.js"},"level":"error","label":"www","timestamp":"2019-12-18 15:19:22"}
{"message":{"url":"/api/fetchordersbycityanddate?city=Bangalore","req":{},"resp":{"status":"Failed","code":"500"},"err":"ReferenceError: item is not defined\n    at exports.getOrdersByCityAndDate (C:\\Users\\M1043194\\Desktop\\Node JS Capstone Project\\Capston\\aggregate-service\\controllers\\getOrdersByCityAndDate.js:42:32)\n    at <anonymous>\n    at process._tickCallback (internal/process/next_tick.js:160:7)","filename":"C:\\Users\\M1043194\\Desktop\\Node JS Capstone Project\\Capston\\aggregate-service\\controllers\\getOrdersByCityAndDate.js"},"level":"error","label":"www","timestamp":"2019-12-18 15:19:33"}
{"message":{"url":"/api/fetchordersbycityanddate","req":{},"resp":{"status":"Failed","code":"400"},"err":"","filename":"C:\\Users\\M1043194\\Desktop\\Node JS Capstone Project\\Capston\\aggregate-service\\controllers\\getOrdersByCityAndDate.js"},"level":"error","label":"www","timestamp":"2019-12-18 15:32:46"}
{"error":{},"level":"error","message":"uncaughtException: Unexpected token ;\nC:\\Users\\M1043194\\Desktop\\Node JS Capstone Project\\Capston\\aggregate-service\\controllers\\calculateOrdersAmountByCityAndDate.js:35\n            orderdate = OrderData.data[key].;\n                                            ^\n\nSyntaxError: Unexpected token ;\n    at new Script (vm.js:51:7)\n    at createScript (vm.js:138:10)\n    at Object.runInThisContext (vm.js:199:10)\n    at Module._compile (module.js:624:28)\n    at Object.Module._extensions..js (module.js:671:10)\n    at Module.load (module.js:573:32)\n    at tryModuleLoad (module.js:513:12)\n    at Function.Module._load (module.js:505:3)\n    at Module.require (module.js:604:17)\n    at require (internal/module.js:11:18)","stack":"C:\\Users\\M1043194\\Desktop\\Node JS Capstone Project\\Capston\\aggregate-service\\controllers\\calculateOrdersAmountByCityAndDate.js:35\n            orderdate = OrderData.data[key].;\n                                            ^\n\nSyntaxError: Unexpected token ;\n    at new Script (vm.js:51:7)\n    at createScript (vm.js:138:10)\n    at Object.runInThisContext (vm.js:199:10)\n    at Module._compile (module.js:624:28)\n    at Object.Module._extensions..js (module.js:671:10)\n    at Module.load (module.js:573:32)\n    at tryModuleLoad (module.js:513:12)\n    at Function.Module._load (module.js:505:3)\n    at Module.require (module.js:604:17)\n    at require (internal/module.js:11:18)","exception":true,"date":"Wed Dec 18 2019 15:36:31 GMT+0530 (India Standard Time)","process":{"pid":23312,"uid":null,"gid":null,"cwd":"C:\\Users\\M1043194\\Desktop\\Node JS Capstone Project\\Capston\\aggregate-service","execPath":"C:\\Program Files\\nodejs\\node.exe","version":"v9.4.0","argv":["C:\\Program Files\\nodejs\\node.exe","C:\\Users\\M1043194\\Desktop\\Node JS Capstone Project\\Capston\\aggregate-service\\bin\\www"],"memoryUsage":{"rss":43290624,"heapTotal":35037184,"heapUsed":16431168,"external":110104}},"os":{"loadavg":[0,0,0],"uptime":236273.1125265},"trace":[{"column":7,"file":"vm.js","function":"new Script","line":51,"method":null,"native":false},{"column":10,"file":"vm.js","function":"createScript","line":138,"method":null,"native":false},{"column":10,"file":"vm.js","function":"Object.runInThisContext","line":199,"method":"runInThisContext","native":false},{"column":28,"file":"module.js","function":"Module._compile","line":624,"method":"_compile","native":false},{"column":10,"file":"module.js","function":"Module._extensions..js","line":671,"method":".js","native":false},{"column":32,"file":"module.js","function":"Module.load","line":573,"method":"load","native":false},{"column":12,"file":"module.js","function":"tryModuleLoad","line":513,"method":null,"native":false},{"column":3,"file":"module.js","function":"Module._load","line":505,"method":"_load","native":false},{"column":17,"file":"module.js","function":"Module.require","line":604,"method":"require","native":false},{"column":18,"file":"internal/module.js","function":"require","line":11,"method":null,"native":false}],"label":"www","timestamp":"2019-12-18 15:36:31"}
{"message":{"url":"/api/calculatetotalamountbycitydate","req":{},"resp":{"status":"Failed","code":"400"},"err":"","filename":"C:\\Users\\M1043194\\Desktop\\Node JS Capstone Project\\Capston\\aggregate-service\\controllers\\calculateOrdersAmountByCityAndDate.js"},"level":"error","label":"www","timestamp":"2019-12-18 15:41:09"}
{"error":{"code":"MODULE_NOT_FOUND"},"level":"error","message":"uncaughtException: Cannot find module 'dotenv'\nError: Cannot find module 'dotenv'\n    at Function.Module._resolveFilename (module.js:555:15)\n    at Function.Module._load (module.js:482:25)\n    at Module.require (module.js:604:17)\n    at require (internal/module.js:11:18)\n    at Object.<anonymous> (C:\\Users\\M1043194\\Desktop\\Node JS Capstone Project\\Capston\\aggregate-service\\config\\config.js:1:63)\n    at Module._compile (module.js:660:30)\n    at Object.Module._extensions..js (module.js:671:10)\n    at Module.load (module.js:573:32)\n    at tryModuleLoad (module.js:513:12)\n    at Function.Module._load (module.js:505:3)","stack":"Error: Cannot find module 'dotenv'\n    at Function.Module._resolveFilename (module.js:555:15)\n    at Function.Module._load (module.js:482:25)\n    at Module.require (module.js:604:17)\n    at require (internal/module.js:11:18)\n    at Object.<anonymous> (C:\\Users\\M1043194\\Desktop\\Node JS Capstone Project\\Capston\\aggregate-service\\config\\config.js:1:63)\n    at Module._compile (module.js:660:30)\n    at Object.Module._extensions..js (module.js:671:10)\n    at Module.load (module.js:573:32)\n    at tryModuleLoad (module.js:513:12)\n    at Function.Module._load (module.js:505:3)","exception":true,"date":"Wed Dec 18 2019 15:44:15 GMT+0530 (India Standard Time)","process":{"pid":24600,"uid":null,"gid":null,"cwd":"C:\\Users\\M1043194\\Desktop\\Node JS Capstone Project\\Capston\\aggregate-service","execPath":"C:\\Program Files\\nodejs\\node.exe","version":"v9.4.0","argv":["C:\\Program Files\\nodejs\\node.exe","C:\\Users\\M1043194\\Desktop\\Node JS Capstone Project\\Capston\\aggregate-service\\bin\\www"],"memoryUsage":{"rss":42999808,"heapTotal":33464320,"heapUsed":16375792,"external":101912}},"os":{"loadavg":[0,0,0],"uptime":236736.5994394},"trace":[{"column":15,"file":"module.js","function":"Module._resolveFilename","line":555,"method":"_resolveFilename","native":false},{"column":25,"file":"module.js","function":"Module._load","line":482,"method":"_load","native":false},{"column":17,"file":"module.js","function":"Module.require","line":604,"method":"require","native":false},{"column":18,"file":"internal/module.js","function":"require","line":11,"method":null,"native":false},{"column":63,"file":"C:\\Users\\M1043194\\Desktop\\Node JS Capstone Project\\Capston\\aggregate-service\\config\\config.js","function":null,"line":1,"method":null,"native":false},{"column":30,"file":"module.js","function":"Module._compile","line":660,"method":"_compile","native":false},{"column":10,"file":"module.js","function":"Module._extensions..js","line":671,"method":".js","native":false},{"column":32,"file":"module.js","function":"Module.load","line":573,"method":"load","native":false},{"column":12,"file":"module.js","function":"tryModuleLoad","line":513,"method":null,"native":false},{"column":3,"file":"module.js","function":"Module._load","line":505,"method":"_load","native":false}],"label":"www","timestamp":"2019-12-18 15:44:15"}
{"error":{"code":"MODULE_NOT_FOUND"},"level":"error","message":"uncaughtException: Cannot find module 'dotenv'\nError: Cannot find module 'dotenv'\n    at Function.Module._resolveFilename (module.js:555:15)\n    at Function.Module._load (module.js:482:25)\n    at Module.require (module.js:604:17)\n    at require (internal/module.js:11:18)\n    at Object.<anonymous> (C:\\Users\\M1043194\\Desktop\\Node JS Capstone Project\\Capston\\aggregate-service\\config\\config.js:1:63)\n    at Module._compile (module.js:660:30)\n    at Object.Module._extensions..js (module.js:671:10)\n    at Module.load (module.js:573:32)\n    at tryModuleLoad (module.js:513:12)\n    at Function.Module._load (module.js:505:3)","stack":"Error: Cannot find module 'dotenv'\n    at Function.Module._resolveFilename (module.js:555:15)\n    at Function.Module._load (module.js:482:25)\n    at Module.require (module.js:604:17)\n    at require (internal/module.js:11:18)\n    at Object.<anonymous> (C:\\Users\\M1043194\\Desktop\\Node JS Capstone Project\\Capston\\aggregate-service\\config\\config.js:1:63)\n    at Module._compile (module.js:660:30)\n    at Object.Module._extensions..js (module.js:671:10)\n    at Module.load (module.js:573:32)\n    at tryModuleLoad (module.js:513:12)\n    at Function.Module._load (module.js:505:3)","exception":true,"date":"Wed Dec 18 2019 15:44:18 GMT+0530 (India Standard Time)","process":{"pid":8804,"uid":null,"gid":null,"cwd":"C:\\Users\\M1043194\\Desktop\\Node JS Capstone Project\\Capston\\aggregate-service","execPath":"C:\\Program Files\\nodejs\\node.exe","version":"v9.4.0","argv":["C:\\Program Files\\nodejs\\node.exe","C:\\Users\\M1043194\\Desktop\\Node JS Capstone Project\\Capston\\aggregate-service\\bin\\www"],"memoryUsage":{"rss":43139072,"heapTotal":35561472,"heapUsed":16251152,"external":92225}},"os":{"loadavg":[0,0,0],"uptime":236740.4940542},"trace":[{"column":15,"file":"module.js","function":"Module._resolveFilename","line":555,"method":"_resolveFilename","native":false},{"column":25,"file":"module.js","function":"Module._load","line":482,"method":"_load","native":false},{"column":17,"file":"module.js","function":"Module.require","line":604,"method":"require","native":false},{"column":18,"file":"internal/module.js","function":"require","line":11,"method":null,"native":false},{"column":63,"file":"C:\\Users\\M1043194\\Desktop\\Node JS Capstone Project\\Capston\\aggregate-service\\config\\config.js","function":null,"line":1,"method":null,"native":false},{"column":30,"file":"module.js","function":"Module._compile","line":660,"method":"_compile","native":false},{"column":10,"file":"module.js","function":"Module._extensions..js","line":671,"method":".js","native":false},{"column":32,"file":"module.js","function":"Module.load","line":573,"method":"load","native":false},{"column":12,"file":"module.js","function":"tryModuleLoad","line":513,"method":null,"native":false},{"column":3,"file":"module.js","function":"Module._load","line":505,"method":"_load","native":false}],"label":"www","timestamp":"2019-12-18 15:44:18"}
{"error":{"code":"MODULE_NOT_FOUND"},"level":"error","message":"uncaughtException: Cannot find module 'dotenv'\nError: Cannot find module 'dotenv'\n    at Function.Module._resolveFilename (module.js:555:15)\n    at Function.Module._load (module.js:482:25)\n    at Module.require (module.js:604:17)\n    at require (internal/module.js:11:18)\n    at Object.<anonymous> (C:\\Users\\M1043194\\Desktop\\Node JS Capstone Project\\Capston\\aggregate-service\\config\\config.js:1:63)\n    at Module._compile (module.js:660:30)\n    at Object.Module._extensions..js (module.js:671:10)\n    at Module.load (module.js:573:32)\n    at tryModuleLoad (module.js:513:12)\n    at Function.Module._load (module.js:505:3)","stack":"Error: Cannot find module 'dotenv'\n    at Function.Module._resolveFilename (module.js:555:15)\n    at Function.Module._load (module.js:482:25)\n    at Module.require (module.js:604:17)\n    at require (internal/module.js:11:18)\n    at Object.<anonymous> (C:\\Users\\M1043194\\Desktop\\Node JS Capstone Project\\Capston\\aggregate-service\\config\\config.js:1:63)\n    at Module._compile (module.js:660:30)\n    at Object.Module._extensions..js (module.js:671:10)\n    at Module.load (module.js:573:32)\n    at tryModuleLoad (module.js:513:12)\n    at Function.Module._load (module.js:505:3)","exception":true,"date":"Wed Dec 18 2019 15:46:22 GMT+0530 (India Standard Time)","process":{"pid":14768,"uid":null,"gid":null,"cwd":"C:\\Users\\M1043194\\Desktop\\Node JS Capstone Project\\Capston\\aggregate-service","execPath":"C:\\Program Files\\nodejs\\node.exe","version":"v9.4.0","argv":["C:\\Program Files\\nodejs\\node.exe","C:\\Users\\M1043194\\Desktop\\Node JS Capstone Project\\Capston\\aggregate-service\\bin\\www"],"memoryUsage":{"rss":43061248,"heapTotal":35561472,"heapUsed":16367528,"external":101912}},"os":{"loadavg":[0,0,0],"uptime":236864.2265432},"trace":[{"column":15,"file":"module.js","function":"Module._resolveFilename","line":555,"method":"_resolveFilename","native":false},{"column":25,"file":"module.js","function":"Module._load","line":482,"method":"_load","native":false},{"column":17,"file":"module.js","function":"Module.require","line":604,"method":"require","native":false},{"column":18,"file":"internal/module.js","function":"require","line":11,"method":null,"native":false},{"column":63,"file":"C:\\Users\\M1043194\\Desktop\\Node JS Capstone Project\\Capston\\aggregate-service\\config\\config.js","function":null,"line":1,"method":null,"native":false},{"column":30,"file":"module.js","function":"Module._compile","line":660,"method":"_compile","native":false},{"column":10,"file":"module.js","function":"Module._extensions..js","line":671,"method":".js","native":false},{"column":32,"file":"module.js","function":"Module.load","line":573,"method":"load","native":false},{"column":12,"file":"module.js","function":"tryModuleLoad","line":513,"method":null,"native":false},{"column":3,"file":"module.js","function":"Module._load","line":505,"method":"_load","native":false}],"label":"www","timestamp":"2019-12-18 15:46:22"}
{"error":{"code":"MODULE_NOT_FOUND"},"level":"error","message":"uncaughtException: Cannot find module 'dotenv'\nError: Cannot find module 'dotenv'\n    at Function.Module._resolveFilename (module.js:555:15)\n    at Function.Module._load (module.js:482:25)\n    at Module.require (module.js:604:17)\n    at require (internal/module.js:11:18)\n    at Object.<anonymous> (C:\\Users\\M1043194\\Desktop\\Node JS Capstone Project\\Capston\\aggregate-service\\config\\config.js:1:63)\n    at Module._compile (module.js:660:30)\n    at Object.Module._extensions..js (module.js:671:10)\n    at Module.load (module.js:573:32)\n    at tryModuleLoad (module.js:513:12)\n    at Function.Module._load (module.js:505:3)","stack":"Error: Cannot find module 'dotenv'\n    at Function.Module._resolveFilename (module.js:555:15)\n    at Function.Module._load (module.js:482:25)\n    at Module.require (module.js:604:17)\n    at require (internal/module.js:11:18)\n    at Object.<anonymous> (C:\\Users\\M1043194\\Desktop\\Node JS Capstone Project\\Capston\\aggregate-service\\config\\config.js:1:63)\n    at Module._compile (module.js:660:30)\n    at Object.Module._extensions..js (module.js:671:10)\n    at Module.load (module.js:573:32)\n    at tryModuleLoad (module.js:513:12)\n    at Function.Module._load (module.js:505:3)","exception":true,"date":"Wed Dec 18 2019 15:48:22 GMT+0530 (India Standard Time)","process":{"pid":20584,"uid":null,"gid":null,"cwd":"C:\\Users\\M1043194\\Desktop\\Node JS Capstone Project\\Capston\\aggregate-service","execPath":"C:\\Program Files\\nodejs\\node.exe","version":"v9.4.0","argv":["C:\\Program Files\\nodejs\\node.exe","C:\\Users\\M1043194\\Desktop\\Node JS Capstone Project\\Capston\\aggregate-service\\bin\\www"],"memoryUsage":{"rss":42971136,"heapTotal":33464320,"heapUsed":16465128,"external":110104}},"os":{"loadavg":[0,0,0],"uptime":236984.179429},"trace":[{"column":15,"file":"module.js","function":"Module._resolveFilename","line":555,"method":"_resolveFilename","native":false},{"column":25,"file":"module.js","function":"Module._load","line":482,"method":"_load","native":false},{"column":17,"file":"module.js","function":"Module.require","line":604,"method":"require","native":false},{"column":18,"file":"internal/module.js","function":"require","line":11,"method":null,"native":false},{"column":63,"file":"C:\\Users\\M1043194\\Desktop\\Node JS Capstone Project\\Capston\\aggregate-service\\config\\config.js","function":null,"line":1,"method":null,"native":false},{"column":30,"file":"module.js","function":"Module._compile","line":660,"method":"_compile","native":false},{"column":10,"file":"module.js","function":"Module._extensions..js","line":671,"method":".js","native":false},{"column":32,"file":"module.js","function":"Module.load","line":573,"method":"load","native":false},{"column":12,"file":"module.js","function":"tryModuleLoad","line":513,"method":null,"native":false},{"column":3,"file":"module.js","function":"Module._load","line":505,"method":"_load","native":false}],"label":"www","timestamp":"2019-12-18 15:48:22"}
{"message":{"url":"/api/fetchordersbycityanddate?city=Pune","req":{},"resp":{"status":"Failed","code":"500"},"err":"FetchError: request to http://localhost:3000/api/getordersbycity?city=Pune failed, reason: connect ECONNREFUSED 127.0.0.1:3000\n    at ClientRequest.<anonymous> (C:\\Users\\M1043194\\Desktop\\Node JS Capstone Project\\Capston\\aggregate-service\\node_modules\\node-fetch\\lib\\index.js:1455:11)\n    at ClientRequest.emit (events.js:160:13)\n    at Socket.socketErrorListener (_http_client.js:389:9)\n    at Socket.emit (events.js:160:13)\n    at emitErrorNT (internal/streams/destroy.js:64:8)\n    at process._tickCallback (internal/process/next_tick.js:152:19)","filename":"C:\\Users\\M1043194\\Desktop\\Node JS Capstone Project\\Capston\\aggregate-service\\controllers\\getOrdersByCityAndDate.js"},"level":"error","label":"www","timestamp":"2019-12-18 16:14:00"}
{"message":{"url":"/api/fetchordersbycityanddate?city=Pune","req":{},"resp":{"status":"Failed","code":"500"},"err":"FetchError: request to http://localhost:3000/api/getordersbycity?city=Pune failed, reason: connect ECONNREFUSED 127.0.0.1:3000\n    at ClientRequest.<anonymous> (C:\\Users\\M1043194\\Desktop\\Node JS Capstone Project\\Capston\\aggregate-service\\node_modules\\node-fetch\\lib\\index.js:1455:11)\n    at ClientRequest.emit (events.js:160:13)\n    at Socket.socketErrorListener (_http_client.js:389:9)\n    at Socket.emit (events.js:160:13)\n    at emitErrorNT (internal/streams/destroy.js:64:8)\n    at process._tickCallback (internal/process/next_tick.js:152:19)","filename":"C:\\Users\\M1043194\\Desktop\\Node JS Capstone Project\\Capston\\aggregate-service\\controllers\\getOrdersByCityAndDate.js"},"level":"error","label":"www","timestamp":"2019-12-18 16:14:40"}
{"message":{"url":"/api/fetchordersbycityanddate?city=Bangalore","req":{},"resp":{"status":"Failed","code":"500"},"err":"FetchError: request to http://localhost:3000/api/getordersbycity?city=Bangalore failed, reason: connect ECONNREFUSED 127.0.0.1:3000\n    at ClientRequest.<anonymous> (C:\\Users\\M1043194\\Desktop\\Node JS Capstone Project\\Capston\\aggregate-service\\node_modules\\node-fetch\\lib\\index.js:1455:11)\n    at ClientRequest.emit (events.js:160:13)\n    at Socket.socketErrorListener (_http_client.js:389:9)\n    at Socket.emit (events.js:160:13)\n    at emitErrorNT (internal/streams/destroy.js:64:8)\n    at process._tickCallback (internal/process/next_tick.js:152:19)","filename":"C:\\Users\\M1043194\\Desktop\\Node JS Capstone Project\\Capston\\aggregate-service\\controllers\\getOrdersByCityAndDate.js"},"level":"error","label":"www","timestamp":"2019-12-18 16:15:18"}
